2024-07-07 15:02:36.035 [main] WARN  com.alibaba.nacos.client.logging.NacosLogging - Load Logback Configuration of Nacos fail, message: Could not initialize Logback Nacos logging from classpath:nacos-logback.xml
2024-07-07 15:02:36.089 [main] WARN  com.alibaba.nacos.client.logging.NacosLogging - Load Logback Configuration of Nacos fail, message: Could not initialize Logback Nacos logging from classpath:nacos-logback.xml
2024-07-07 15:02:36.281 [main] WARN  com.alibaba.nacos.client.logging.NacosLogging - Load Logback Configuration of Nacos fail, message: Could not initialize Logback Nacos logging from classpath:nacos-logback.xml
2024-07-07 15:02:36.282 [main] INFO  com.alibaba.nacos.client.utils.ParamUtil - [settings] [req-serv] nacos-server port:8848
2024-07-07 15:02:36.282 [main] INFO  com.alibaba.nacos.client.utils.ParamUtil - [settings] [http-client] connect timeout:1000
2024-07-07 15:02:36.283 [main] INFO  com.alibaba.nacos.client.utils.ParamUtil - PER_TASK_CONFIG_SIZE: 3000.0
2024-07-07 15:02:36.318 [main] INFO  c.a.n.p.auth.spi.client.ClientAuthPluginManager - [ClientAuthPluginManager] Load ClientAuthService com.alibaba.nacos.client.auth.impl.NacosClientAuthServiceImpl success.
2024-07-07 15:02:36.319 [main] INFO  c.a.n.p.auth.spi.client.ClientAuthPluginManager - [ClientAuthPluginManager] Load ClientAuthService com.alibaba.nacos.client.auth.ram.RamClientAuthServiceImpl success.
2024-07-07 15:02:36.323 [main] INFO  c.a.n.client.auth.ram.identify.CredentialWatcher - null No credential found
2024-07-07 15:02:37.536 [main] WARN  com.alibaba.nacos.client.logging.NacosLogging - Load Logback Configuration of Nacos fail, message: Could not initialize Logback Nacos logging from classpath:nacos-logback.xml
2024-07-07 15:02:37.549 [main] INFO  c.a.n.client.config.impl.LocalConfigInfoProcessor - LOCAL_SNAPSHOT_PATH:C:\Users\姜文武\nacos\config
2024-07-07 15:02:37.555 [main] INFO  com.alibaba.nacos.common.remote.client - [RpcClientFactory] create a new rpc client of a2b72fab-90c3-42cc-b8be-3ee9797a0c2b_config-0
2024-07-07 15:02:37.571 [main] INFO  com.alibaba.nacos.common.remote.client - [a2b72fab-90c3-42cc-b8be-3ee9797a0c2b_config-0] Register server push request handler:com.alibaba.nacos.client.config.impl.ClientWorker$ConfigRpcTransportClient$$Lambda$575/0x0000029d01367400
2024-07-07 15:02:37.571 [main] INFO  com.alibaba.nacos.common.remote.client - [a2b72fab-90c3-42cc-b8be-3ee9797a0c2b_config-0] Register server push request handler:com.alibaba.nacos.client.config.impl.ClientWorker$ConfigRpcTransportClient$$Lambda$576/0x0000029d01367820
2024-07-07 15:02:37.571 [main] INFO  com.alibaba.nacos.common.remote.client - [a2b72fab-90c3-42cc-b8be-3ee9797a0c2b_config-0] Registry connection listener to current client:com.alibaba.nacos.client.config.impl.ClientWorker$ConfigRpcTransportClient$1
2024-07-07 15:02:37.572 [main] INFO  com.alibaba.nacos.common.remote.client - [a2b72fab-90c3-42cc-b8be-3ee9797a0c2b_config-0] RpcClient init, ServerListFactory = com.alibaba.nacos.client.config.impl.ClientWorker$ConfigRpcTransportClient$2
2024-07-07 15:02:37.578 [main] INFO  com.alibaba.nacos.common.remote.client - [a2b72fab-90c3-42cc-b8be-3ee9797a0c2b_config-0] Try to connect to server on start up, server: {serverIp = '110.41.141.141', server main port = 8848}
2024-07-07 15:02:37.608 [main] INFO  c.a.nacos.common.remote.client.grpc.GrpcClient - grpc client connection server:110.41.141.141 ip,serverPort:9848,grpcTslConfig:{"sslProvider":"OPENSSL","enableTls":false,"mutualAuthEnable":false,"trustAll":false}
2024-07-07 15:02:38.866 [main] INFO  com.alibaba.nacos.common.remote.client - [a2b72fab-90c3-42cc-b8be-3ee9797a0c2b_config-0] Success to connect to server [110.41.141.141:8848] on start up, connectionId = 1720335758497_115.200.49.133_58872
2024-07-07 15:02:38.867 [com.alibaba.nacos.client.remote.worker] INFO  com.alibaba.nacos.common.remote.client - [a2b72fab-90c3-42cc-b8be-3ee9797a0c2b_config-0] Notify connected event to listeners.
2024-07-07 15:02:38.867 [com.alibaba.nacos.client.remote.worker] INFO  com.alibaba.nacos.client.config.impl.ClientWorker - [a2b72fab-90c3-42cc-b8be-3ee9797a0c2b_config-0] Connected,notify listen context...
2024-07-07 15:02:38.867 [main] INFO  com.alibaba.nacos.common.remote.client - [a2b72fab-90c3-42cc-b8be-3ee9797a0c2b_config-0] Register server push request handler:com.alibaba.nacos.common.remote.client.RpcClient$ConnectResetRequestHandler
2024-07-07 15:02:38.867 [main] INFO  com.alibaba.nacos.common.remote.client - [a2b72fab-90c3-42cc-b8be-3ee9797a0c2b_config-0] Register server push request handler:com.alibaba.nacos.common.remote.client.RpcClient$$Lambda$596/0x0000029d014cea28
2024-07-07 15:02:38.901 [main] INFO  com.alibaba.nacos.client.config.impl.Limiter - limitTime:5.0
2024-07-07 15:02:39.011 [main] INFO  com.alibaba.nacos.client.config.utils.JvmUtil - isMultiInstance:false
2024-07-07 15:02:39.059 [main] WARN  c.a.cloud.nacos.client.NacosPropertySourceBuilder - Ignore the empty nacos configuration and get it based on dataId[webook-auth.yaml] & group[DEFAULT_GROUP]
2024-07-07 15:02:39.096 [main] INFO  o.s.c.b.c.PropertySourceBootstrapConfiguration - Located property source: [BootstrapPropertySource {name='bootstrapProperties-webook-auth-dev.yaml,DEFAULT_GROUP'}, BootstrapPropertySource {name='bootstrapProperties-webook-auth.yaml,DEFAULT_GROUP'}, BootstrapPropertySource {name='bootstrapProperties-webook-auth,DEFAULT_GROUP'}]
2024-07-07 15:02:39.123 [main] WARN  com.alibaba.nacos.client.logging.NacosLogging - Load Logback Configuration of Nacos fail, message: Could not initialize Logback Nacos logging from classpath:nacos-logback.xml
2024-07-07 15:02:39.123 [main] INFO  com.jacob.micro.auth.WebookAuthApplication - The following 1 profile is active: "dev"
2024-07-07 15:02:39.747 [main] INFO  o.s.d.r.config.RepositoryConfigurationDelegate - Multiple Spring Data modules found, entering strict repository configuration mode
2024-07-07 15:02:39.750 [main] INFO  o.s.d.r.config.RepositoryConfigurationDelegate - Bootstrapping Spring Data Redis repositories in DEFAULT mode.
2024-07-07 15:02:39.774 [main] INFO  o.s.d.r.config.RepositoryConfigurationDelegate - Finished Spring Data repository scanning in 9 ms. Found 0 Redis repository interfaces.
2024-07-07 15:02:39.908 [main] INFO  o.springframework.cloud.context.scope.GenericScope - BeanFactory id=30f75f1b-723f-3375-a6af-1c022ffc8ae5
2024-07-07 15:02:40.398 [main] INFO  o.s.boot.web.embedded.tomcat.TomcatWebServer - Tomcat initialized with port(s): 8080 (http)
2024-07-07 15:02:40.399 [main] INFO  org.apache.catalina.core.AprLifecycleListener - An older version [1.2.34] of the Apache Tomcat Native library is installed, while Tomcat recommends a minimum version of [2.0.1]
2024-07-07 15:02:40.399 [main] INFO  org.apache.catalina.core.AprLifecycleListener - Loaded Apache Tomcat Native library [1.2.34] using APR version [1.7.0].
2024-07-07 15:02:40.407 [main] INFO  org.apache.catalina.core.AprLifecycleListener - OpenSSL successfully initialized [OpenSSL 1.1.1o  3 May 2022]
2024-07-07 15:02:40.415 [main] INFO  org.apache.catalina.core.StandardService - Starting service [Tomcat]
2024-07-07 15:02:40.416 [main] INFO  org.apache.catalina.core.StandardEngine - Starting Servlet engine: [Apache Tomcat/10.1.5]
2024-07-07 15:02:40.469 [main] INFO  o.a.c.core.ContainerBase.[Tomcat].[localhost].[/] - Initializing Spring embedded WebApplicationContext
2024-07-07 15:02:40.470 [main] INFO  o.s.b.w.s.c.ServletWebServerApplicationContext - Root WebApplicationContext: initialization completed in 1332 ms
2024-07-07 15:02:40.563 [main] INFO  c.a.d.s.b.a.DruidDataSourceAutoConfigure - Init DruidDataSource
2024-07-07 15:02:40.863 [main] INFO  com.alibaba.druid.pool.DruidDataSource - {dataSource-1} inited
2024-07-07 15:02:42.617 [main] INFO  org.springframework.cloud.commons.util.InetUtils - Cannot determine local hostname
2024-07-07 15:02:43.943 [main] INFO  org.springframework.cloud.commons.util.InetUtils - Cannot determine local hostname
2024-07-07 15:02:44.001 [main] INFO  o.s.boot.web.embedded.tomcat.TomcatWebServer - Tomcat started on port(s): 8080 (http) with context path ''
2024-07-07 15:02:44.005 [main] INFO  com.alibaba.nacos.client.naming - initializer namespace from ans.namespace attribute : null
2024-07-07 15:02:44.005 [main] INFO  com.alibaba.nacos.client.naming - initializer namespace from ALIBABA_ALIWARE_NAMESPACE attribute :null
2024-07-07 15:02:44.006 [main] INFO  com.alibaba.nacos.client.naming - initializer namespace from namespace attribute :null
2024-07-07 15:02:44.013 [main] INFO  c.a.n.p.auth.spi.client.ClientAuthPluginManager - [ClientAuthPluginManager] Load ClientAuthService com.alibaba.nacos.client.auth.impl.NacosClientAuthServiceImpl success.
2024-07-07 15:02:44.013 [main] INFO  c.a.n.p.auth.spi.client.ClientAuthPluginManager - [ClientAuthPluginManager] Load ClientAuthService com.alibaba.nacos.client.auth.ram.RamClientAuthServiceImpl success.
2024-07-07 15:02:44.017 [main] INFO  com.alibaba.nacos.common.remote.client - [RpcClientFactory] create a new rpc client of 477c6d6f-ec8f-4b2f-89c5-75be05ed1ec9
2024-07-07 15:02:44.018 [main] INFO  com.alibaba.nacos.common.remote.client - [477c6d6f-ec8f-4b2f-89c5-75be05ed1ec9] RpcClient init, ServerListFactory = com.alibaba.nacos.client.naming.core.ServerListManager
2024-07-07 15:02:44.018 [main] INFO  com.alibaba.nacos.common.remote.client - [477c6d6f-ec8f-4b2f-89c5-75be05ed1ec9] Registry connection listener to current client:com.alibaba.nacos.client.naming.remote.gprc.redo.NamingGrpcRedoService
2024-07-07 15:02:44.019 [main] INFO  com.alibaba.nacos.common.remote.client - [477c6d6f-ec8f-4b2f-89c5-75be05ed1ec9] Register server push request handler:com.alibaba.nacos.client.naming.remote.gprc.NamingPushRequestHandler
2024-07-07 15:02:44.019 [main] INFO  com.alibaba.nacos.common.remote.client - [477c6d6f-ec8f-4b2f-89c5-75be05ed1ec9] Try to connect to server on start up, server: {serverIp = '110.41.141.141', server main port = 8848}
2024-07-07 15:02:44.019 [main] INFO  c.a.nacos.common.remote.client.grpc.GrpcClient - grpc client connection server:110.41.141.141 ip,serverPort:9848,grpcTslConfig:{"sslProvider":"OPENSSL","enableTls":false,"mutualAuthEnable":false,"trustAll":false}
2024-07-07 15:02:44.222 [main] INFO  com.alibaba.nacos.common.remote.client - [477c6d6f-ec8f-4b2f-89c5-75be05ed1ec9] Success to connect to server [110.41.141.141:8848] on start up, connectionId = 1720335764033_115.200.49.133_58885
2024-07-07 15:02:44.222 [main] INFO  com.alibaba.nacos.common.remote.client - [477c6d6f-ec8f-4b2f-89c5-75be05ed1ec9] Register server push request handler:com.alibaba.nacos.common.remote.client.RpcClient$ConnectResetRequestHandler
2024-07-07 15:02:44.222 [main] INFO  com.alibaba.nacos.common.remote.client - [477c6d6f-ec8f-4b2f-89c5-75be05ed1ec9] Register server push request handler:com.alibaba.nacos.common.remote.client.RpcClient$$Lambda$596/0x0000029d014cea28
2024-07-07 15:02:44.222 [com.alibaba.nacos.client.remote.worker] INFO  com.alibaba.nacos.common.remote.client - [477c6d6f-ec8f-4b2f-89c5-75be05ed1ec9] Notify connected event to listeners.
2024-07-07 15:02:44.222 [com.alibaba.nacos.client.remote.worker] INFO  com.alibaba.nacos.client.naming - Grpc connection connect
2024-07-07 15:02:44.223 [main] INFO  com.alibaba.nacos.client.naming - [REGISTER-SERVICE] webook registering service webook-auth with instance Instance{instanceId='null', ip='172.22.53.80', port=8080, weight=1.0, healthy=true, enabled=true, ephemeral=true, clusterName='DEFAULT', serviceName='null', metadata={IPv6=null, preserved.register.source=SPRING_CLOUD}}
2024-07-07 15:02:44.276 [main] INFO  c.a.cloud.nacos.registry.NacosServiceRegistry - nacos registry, DEFAULT_GROUP webook-auth 172.22.53.80:8080 register finished
2024-07-07 15:02:45.379 [main] INFO  org.springframework.cloud.commons.util.InetUtils - Cannot determine local hostname
2024-07-07 15:02:45.391 [main] INFO  com.jacob.micro.auth.WebookAuthApplication - Started WebookAuthApplication in 10.86 seconds (process running for 14.646)
2024-07-07 15:02:45.392 [main] INFO  c.j.m.auth.runner.PushRolePermissions2RedisRunner - ==> 服务启动，开始同步角色权限数据到 Redis 中...
2024-07-07 15:02:45.694 [main] DEBUG c.j.m.a.d.mapper.RoleDOMapper.selectEnabledList - ==>  Preparing: select id, role_key, role_name from t_role where status = 0 and is_deleted = 0
2024-07-07 15:02:45.829 [main] DEBUG c.j.m.a.d.mapper.RoleDOMapper.selectEnabledList - ==> Parameters: 
2024-07-07 15:02:45.845 [main] DEBUG c.j.m.a.d.mapper.RoleDOMapper.selectEnabledList - <==      Total: 1
2024-07-07 15:02:45.864 [main] DEBUG c.j.m.a.d.m.RolePermissionDOMapper.selectByRoleIds - ==>  Preparing: select role_id, permission_id from t_role_permission_rel where role_id in ( ? )
2024-07-07 15:02:45.866 [main] DEBUG c.j.m.a.d.m.RolePermissionDOMapper.selectByRoleIds - ==> Parameters: 1(Long)
2024-07-07 15:02:45.868 [main] DEBUG c.j.m.a.d.m.RolePermissionDOMapper.selectByRoleIds - <==      Total: 2
2024-07-07 15:02:45.869 [main] DEBUG c.j.m.a.d.m.P.selectAppEnabledList - ==>  Preparing: select id, name, permission_key from t_permission where status = 0 and type = 3 and is_deleted = 0
2024-07-07 15:02:45.871 [main] DEBUG c.j.m.a.d.m.P.selectAppEnabledList - ==> Parameters: 
2024-07-07 15:02:45.872 [main] DEBUG c.j.m.a.d.m.P.selectAppEnabledList - <==      Total: 2
2024-07-07 15:02:45.888 [main] INFO  c.j.m.auth.runner.PushRolePermissions2RedisRunner - ==> 服务启动，成功同步角色权限数据到 Redis 中...
2024-07-07 15:02:45.891 [main] INFO  com.alibaba.nacos.client.config.impl.CacheData - nacos.cache.data.init.snapshot = true 
2024-07-07 15:02:45.891 [main] INFO  com.alibaba.nacos.client.config.impl.ClientWorker - [fixed-webook-110.41.141.141_8848] [subscribe] webook-auth.yaml+DEFAULT_GROUP+webook
2024-07-07 15:02:45.899 [main] INFO  com.alibaba.nacos.client.config.impl.CacheData - [fixed-webook-110.41.141.141_8848] [add-listener] ok, tenant=webook, dataId=webook-auth.yaml, group=DEFAULT_GROUP, cnt=1
2024-07-07 15:02:45.899 [main] INFO  c.a.cloud.nacos.refresh.NacosContextRefresher - [Nacos Config] Listening config: dataId=webook-auth.yaml, group=DEFAULT_GROUP
2024-07-07 15:02:45.904 [main] INFO  com.alibaba.nacos.client.config.impl.ClientWorker - [fixed-webook-110.41.141.141_8848] [subscribe] webook-auth-dev.yaml+DEFAULT_GROUP+webook
2024-07-07 15:02:45.904 [main] INFO  com.alibaba.nacos.client.config.impl.CacheData - [fixed-webook-110.41.141.141_8848] [add-listener] ok, tenant=webook, dataId=webook-auth-dev.yaml, group=DEFAULT_GROUP, cnt=1
2024-07-07 15:02:45.905 [main] INFO  c.a.cloud.nacos.refresh.NacosContextRefresher - [Nacos Config] Listening config: dataId=webook-auth-dev.yaml, group=DEFAULT_GROUP
2024-07-07 15:02:45.909 [main] INFO  com.alibaba.nacos.client.config.impl.ClientWorker - [fixed-webook-110.41.141.141_8848] [subscribe] webook-auth+DEFAULT_GROUP+webook
2024-07-07 15:02:45.910 [main] INFO  com.alibaba.nacos.client.config.impl.CacheData - [fixed-webook-110.41.141.141_8848] [add-listener] ok, tenant=webook, dataId=webook-auth, group=DEFAULT_GROUP, cnt=1
2024-07-07 15:02:45.910 [main] INFO  c.a.cloud.nacos.refresh.NacosContextRefresher - [Nacos Config] Listening config: dataId=webook-auth, group=DEFAULT_GROUP
