2024-07-12 21:55:37.309 [main] WARN  com.alibaba.nacos.client.logging.NacosLogging - Load Logback Configuration of Nacos fail, message: Could not initialize Logback Nacos logging from classpath:nacos-logback.xml
2024-07-12 21:55:37.485 [main] WARN  com.alibaba.nacos.client.logging.NacosLogging - Load Logback Configuration of Nacos fail, message: Could not initialize Logback Nacos logging from classpath:nacos-logback.xml
2024-07-12 21:55:38.210 [main] WARN  com.alibaba.nacos.client.logging.NacosLogging - Load Logback Configuration of Nacos fail, message: Could not initialize Logback Nacos logging from classpath:nacos-logback.xml
2024-07-12 21:55:38.218 [main] INFO  com.alibaba.nacos.client.utils.ParamUtil - [settings] [req-serv] nacos-server port:8848
2024-07-12 21:55:38.221 [main] INFO  com.alibaba.nacos.client.utils.ParamUtil - [settings] [http-client] connect timeout:1000
2024-07-12 21:55:38.226 [main] INFO  com.alibaba.nacos.client.utils.ParamUtil - PER_TASK_CONFIG_SIZE: 3000.0
2024-07-12 21:55:38.367 [main] INFO  c.a.n.p.auth.spi.client.ClientAuthPluginManager - [ClientAuthPluginManager] Load ClientAuthService com.alibaba.nacos.client.auth.impl.NacosClientAuthServiceImpl success.
2024-07-12 21:55:38.369 [main] INFO  c.a.n.p.auth.spi.client.ClientAuthPluginManager - [ClientAuthPluginManager] Load ClientAuthService com.alibaba.nacos.client.auth.ram.RamClientAuthServiceImpl success.
2024-07-12 21:55:38.378 [main] INFO  c.a.n.client.auth.ram.identify.CredentialWatcher - null No credential found
2024-07-12 21:55:38.771 [main] WARN  com.alibaba.nacos.client.logging.NacosLogging - Load Logback Configuration of Nacos fail, message: Could not initialize Logback Nacos logging from classpath:nacos-logback.xml
2024-07-12 21:55:38.813 [main] INFO  c.a.n.client.config.impl.LocalConfigInfoProcessor - LOCAL_SNAPSHOT_PATH:C:\Users\admin\nacos\config
2024-07-12 21:55:38.834 [main] INFO  com.alibaba.nacos.common.remote.client - [RpcClientFactory] create a new rpc client of 0c3e7afa-e86d-4d78-a10e-eabdd6312c58_config-0
2024-07-12 21:55:38.954 [main] INFO  com.alibaba.nacos.common.remote.client - [0c3e7afa-e86d-4d78-a10e-eabdd6312c58_config-0] Register server push request handler:com.alibaba.nacos.client.config.impl.ClientWorker$ConfigRpcTransportClient$$Lambda$587/0x000001e08138f1b0
2024-07-12 21:55:38.955 [main] INFO  com.alibaba.nacos.common.remote.client - [0c3e7afa-e86d-4d78-a10e-eabdd6312c58_config-0] Register server push request handler:com.alibaba.nacos.client.config.impl.ClientWorker$ConfigRpcTransportClient$$Lambda$588/0x000001e08138f5d0
2024-07-12 21:55:38.957 [main] INFO  com.alibaba.nacos.common.remote.client - [0c3e7afa-e86d-4d78-a10e-eabdd6312c58_config-0] Registry connection listener to current client:com.alibaba.nacos.client.config.impl.ClientWorker$ConfigRpcTransportClient$1
2024-07-12 21:55:38.958 [main] INFO  com.alibaba.nacos.common.remote.client - [0c3e7afa-e86d-4d78-a10e-eabdd6312c58_config-0] RpcClient init, ServerListFactory = com.alibaba.nacos.client.config.impl.ClientWorker$ConfigRpcTransportClient$2
2024-07-12 21:55:38.998 [main] INFO  com.alibaba.nacos.common.remote.client - [0c3e7afa-e86d-4d78-a10e-eabdd6312c58_config-0] Try to connect to server on start up, server: {serverIp = '110.41.141.141', server main port = 8848}
2024-07-12 21:55:39.223 [main] INFO  c.a.nacos.common.remote.client.grpc.GrpcClient - grpc client connection server:110.41.141.141 ip,serverPort:9848,grpcTslConfig:{"sslProvider":"OPENSSL","enableTls":false,"mutualAuthEnable":false,"trustAll":false}
2024-07-12 21:55:41.203 [main] INFO  com.alibaba.nacos.common.remote.client - [0c3e7afa-e86d-4d78-a10e-eabdd6312c58_config-0] Success to connect to server [110.41.141.141:8848] on start up, connectionId = 1720792542947_115.233.205.187_52656
2024-07-12 21:55:41.204 [com.alibaba.nacos.client.remote.worker] INFO  com.alibaba.nacos.common.remote.client - [0c3e7afa-e86d-4d78-a10e-eabdd6312c58_config-0] Notify connected event to listeners.
2024-07-12 21:55:41.204 [com.alibaba.nacos.client.remote.worker] INFO  com.alibaba.nacos.client.config.impl.ClientWorker - [0c3e7afa-e86d-4d78-a10e-eabdd6312c58_config-0] Connected,notify listen context...
2024-07-12 21:55:41.205 [main] INFO  com.alibaba.nacos.common.remote.client - [0c3e7afa-e86d-4d78-a10e-eabdd6312c58_config-0] Register server push request handler:com.alibaba.nacos.common.remote.client.RpcClient$ConnectResetRequestHandler
2024-07-12 21:55:41.205 [main] INFO  com.alibaba.nacos.common.remote.client - [0c3e7afa-e86d-4d78-a10e-eabdd6312c58_config-0] Register server push request handler:com.alibaba.nacos.common.remote.client.RpcClient$$Lambda$608/0x000001e0814d6a28
2024-07-12 21:55:41.470 [main] INFO  com.alibaba.nacos.client.config.impl.Limiter - limitTime:5.0
2024-07-12 21:55:41.889 [main] INFO  com.alibaba.nacos.client.config.utils.JvmUtil - isMultiInstance:false
2024-07-12 21:55:41.972 [main] WARN  c.a.cloud.nacos.client.NacosPropertySourceBuilder - Ignore the empty nacos configuration and get it based on dataId[webook-auth.yaml] & group[DEFAULT_GROUP]
2024-07-12 21:55:42.013 [main] INFO  o.s.c.b.c.PropertySourceBootstrapConfiguration - Located property source: [BootstrapPropertySource {name='bootstrapProperties-webook-auth-dev.yaml,DEFAULT_GROUP'}, BootstrapPropertySource {name='bootstrapProperties-webook-auth.yaml,DEFAULT_GROUP'}, BootstrapPropertySource {name='bootstrapProperties-webook-auth,DEFAULT_GROUP'}]
2024-07-12 21:55:42.064 [main] WARN  com.alibaba.nacos.client.logging.NacosLogging - Load Logback Configuration of Nacos fail, message: Could not initialize Logback Nacos logging from classpath:nacos-logback.xml
2024-07-12 21:55:42.065 [main] INFO  com.jacob.micro.auth.WebookAuthApplication - The following 1 profile is active: "dev"
2024-07-12 21:55:44.069 [main] INFO  o.s.d.r.config.RepositoryConfigurationDelegate - Multiple Spring Data modules found, entering strict repository configuration mode
2024-07-12 21:55:44.079 [main] INFO  o.s.d.r.config.RepositoryConfigurationDelegate - Bootstrapping Spring Data Redis repositories in DEFAULT mode.
2024-07-12 21:55:44.150 [main] INFO  o.s.d.r.config.RepositoryConfigurationDelegate - Finished Spring Data repository scanning in 33 ms. Found 0 Redis repository interfaces.
2024-07-12 21:55:44.558 [main] INFO  o.springframework.cloud.context.scope.GenericScope - BeanFactory id=30f75f1b-723f-3375-a6af-1c022ffc8ae5
2024-07-12 21:55:45.992 [main] INFO  o.s.boot.web.embedded.tomcat.TomcatWebServer - Tomcat initialized with port(s): 8080 (http)
2024-07-12 21:55:46.007 [main] INFO  org.apache.catalina.core.StandardService - Starting service [Tomcat]
2024-07-12 21:55:46.008 [main] INFO  org.apache.catalina.core.StandardEngine - Starting Servlet engine: [Apache Tomcat/10.1.5]
2024-07-12 21:55:46.229 [main] INFO  o.a.c.core.ContainerBase.[Tomcat].[localhost].[/] - Initializing Spring embedded WebApplicationContext
2024-07-12 21:55:46.232 [main] INFO  o.s.b.w.s.c.ServletWebServerApplicationContext - Root WebApplicationContext: initialization completed in 4143 ms
2024-07-12 21:55:46.501 [main] INFO  c.a.d.s.b.a.DruidDataSourceAutoConfigure - Init DruidDataSource
2024-07-12 21:55:47.218 [main] INFO  com.alibaba.druid.pool.DruidDataSource - {dataSource-1} inited
2024-07-12 21:55:50.629 [main] INFO  o.s.boot.web.embedded.tomcat.TomcatWebServer - Tomcat started on port(s): 8080 (http) with context path ''
2024-07-12 21:55:50.637 [main] INFO  com.alibaba.nacos.client.naming - initializer namespace from ans.namespace attribute : null
2024-07-12 21:55:50.638 [main] INFO  com.alibaba.nacos.client.naming - initializer namespace from ALIBABA_ALIWARE_NAMESPACE attribute :null
2024-07-12 21:55:50.640 [main] INFO  com.alibaba.nacos.client.naming - initializer namespace from namespace attribute :null
2024-07-12 21:55:50.660 [main] INFO  c.a.n.p.auth.spi.client.ClientAuthPluginManager - [ClientAuthPluginManager] Load ClientAuthService com.alibaba.nacos.client.auth.impl.NacosClientAuthServiceImpl success.
2024-07-12 21:55:50.660 [main] INFO  c.a.n.p.auth.spi.client.ClientAuthPluginManager - [ClientAuthPluginManager] Load ClientAuthService com.alibaba.nacos.client.auth.ram.RamClientAuthServiceImpl success.
2024-07-12 21:55:50.668 [main] INFO  com.alibaba.nacos.common.remote.client - [RpcClientFactory] create a new rpc client of 56e659dd-4c7b-4e89-8e07-6cf5b2295d50
2024-07-12 21:55:50.672 [main] INFO  com.alibaba.nacos.common.remote.client - [56e659dd-4c7b-4e89-8e07-6cf5b2295d50] RpcClient init, ServerListFactory = com.alibaba.nacos.client.naming.core.ServerListManager
2024-07-12 21:55:50.672 [main] INFO  com.alibaba.nacos.common.remote.client - [56e659dd-4c7b-4e89-8e07-6cf5b2295d50] Registry connection listener to current client:com.alibaba.nacos.client.naming.remote.gprc.redo.NamingGrpcRedoService
2024-07-12 21:55:50.673 [main] INFO  com.alibaba.nacos.common.remote.client - [56e659dd-4c7b-4e89-8e07-6cf5b2295d50] Register server push request handler:com.alibaba.nacos.client.naming.remote.gprc.NamingPushRequestHandler
2024-07-12 21:55:50.674 [main] INFO  com.alibaba.nacos.common.remote.client - [56e659dd-4c7b-4e89-8e07-6cf5b2295d50] Try to connect to server on start up, server: {serverIp = '110.41.141.141', server main port = 8848}
2024-07-12 21:55:50.675 [main] INFO  c.a.nacos.common.remote.client.grpc.GrpcClient - grpc client connection server:110.41.141.141 ip,serverPort:9848,grpcTslConfig:{"sslProvider":"OPENSSL","enableTls":false,"mutualAuthEnable":false,"trustAll":false}
2024-07-12 21:55:50.868 [main] INFO  com.alibaba.nacos.common.remote.client - [56e659dd-4c7b-4e89-8e07-6cf5b2295d50] Success to connect to server [110.41.141.141:8848] on start up, connectionId = 1720792552864_115.233.205.187_12024
2024-07-12 21:55:50.869 [com.alibaba.nacos.client.remote.worker] INFO  com.alibaba.nacos.common.remote.client - [56e659dd-4c7b-4e89-8e07-6cf5b2295d50] Notify connected event to listeners.
2024-07-12 21:55:50.869 [main] INFO  com.alibaba.nacos.common.remote.client - [56e659dd-4c7b-4e89-8e07-6cf5b2295d50] Register server push request handler:com.alibaba.nacos.common.remote.client.RpcClient$ConnectResetRequestHandler
2024-07-12 21:55:50.869 [main] INFO  com.alibaba.nacos.common.remote.client - [56e659dd-4c7b-4e89-8e07-6cf5b2295d50] Register server push request handler:com.alibaba.nacos.common.remote.client.RpcClient$$Lambda$608/0x000001e0814d6a28
2024-07-12 21:55:50.869 [com.alibaba.nacos.client.remote.worker] INFO  com.alibaba.nacos.client.naming - Grpc connection connect
2024-07-12 21:55:50.871 [main] INFO  com.alibaba.nacos.client.naming - [REGISTER-SERVICE] webook registering service webook-auth with instance Instance{instanceId='null', ip='10.12.42.234', port=8080, weight=1.0, healthy=true, enabled=true, ephemeral=true, clusterName='DEFAULT', serviceName='null', metadata={IPv6=null, preserved.register.source=SPRING_CLOUD}}
2024-07-12 21:55:50.917 [main] INFO  c.a.cloud.nacos.registry.NacosServiceRegistry - nacos registry, DEFAULT_GROUP webook-auth 10.12.42.234:8080 register finished
2024-07-12 21:55:51.024 [main] INFO  com.jacob.micro.auth.WebookAuthApplication - Started WebookAuthApplication in 15.605 seconds (process running for 17.56)
2024-07-12 21:55:51.026 [main] INFO  c.j.m.auth.runner.PushRolePermissions2RedisRunner - ==> 服务启动，开始同步角色权限数据到 Redis 中...
2024-07-12 21:55:51.721 [main] DEBUG c.j.m.a.d.mapper.RoleDOMapper.selectEnabledList - ==>  Preparing: select id, role_key, role_name from t_role where status = 0 and is_deleted = 0
2024-07-12 21:55:51.984 [main] DEBUG c.j.m.a.d.mapper.RoleDOMapper.selectEnabledList - ==> Parameters: 
2024-07-12 21:55:52.011 [main] DEBUG c.j.m.a.d.mapper.RoleDOMapper.selectEnabledList - <==      Total: 1
2024-07-12 21:55:52.046 [main] DEBUG c.j.m.a.d.m.RolePermissionDOMapper.selectByRoleIds - ==>  Preparing: select role_id, permission_id from t_role_permission_rel where role_id in ( ? )
2024-07-12 21:55:52.050 [main] DEBUG c.j.m.a.d.m.RolePermissionDOMapper.selectByRoleIds - ==> Parameters: 1(Long)
2024-07-12 21:55:52.054 [main] DEBUG c.j.m.a.d.m.RolePermissionDOMapper.selectByRoleIds - <==      Total: 2
2024-07-12 21:55:52.055 [main] DEBUG c.j.m.a.d.m.P.selectAppEnabledList - ==>  Preparing: select id, name, permission_key from t_permission where status = 0 and type = 3 and is_deleted = 0
2024-07-12 21:55:52.057 [main] DEBUG c.j.m.a.d.m.P.selectAppEnabledList - ==> Parameters: 
2024-07-12 21:55:52.060 [main] DEBUG c.j.m.a.d.m.P.selectAppEnabledList - <==      Total: 2
2024-07-12 21:55:52.077 [main] INFO  c.j.m.auth.runner.PushRolePermissions2RedisRunner - ==> 服务启动，成功同步角色权限数据到 Redis 中...
2024-07-12 21:55:52.082 [main] INFO  com.alibaba.nacos.client.config.impl.CacheData - nacos.cache.data.init.snapshot = true 
2024-07-12 21:55:52.082 [main] INFO  com.alibaba.nacos.client.config.impl.ClientWorker - [fixed-webook-110.41.141.141_8848] [subscribe] webook-auth.yaml+DEFAULT_GROUP+webook
2024-07-12 21:55:52.097 [main] INFO  com.alibaba.nacos.client.config.impl.CacheData - [fixed-webook-110.41.141.141_8848] [add-listener] ok, tenant=webook, dataId=webook-auth.yaml, group=DEFAULT_GROUP, cnt=1
2024-07-12 21:55:52.097 [main] INFO  c.a.cloud.nacos.refresh.NacosContextRefresher - [Nacos Config] Listening config: dataId=webook-auth.yaml, group=DEFAULT_GROUP
2024-07-12 21:55:52.107 [main] INFO  com.alibaba.nacos.client.config.impl.ClientWorker - [fixed-webook-110.41.141.141_8848] [subscribe] webook-auth-dev.yaml+DEFAULT_GROUP+webook
2024-07-12 21:55:52.108 [main] INFO  com.alibaba.nacos.client.config.impl.CacheData - [fixed-webook-110.41.141.141_8848] [add-listener] ok, tenant=webook, dataId=webook-auth-dev.yaml, group=DEFAULT_GROUP, cnt=1
2024-07-12 21:55:52.108 [main] INFO  c.a.cloud.nacos.refresh.NacosContextRefresher - [Nacos Config] Listening config: dataId=webook-auth-dev.yaml, group=DEFAULT_GROUP
2024-07-12 21:55:52.115 [main] INFO  com.alibaba.nacos.client.config.impl.ClientWorker - [fixed-webook-110.41.141.141_8848] [subscribe] webook-auth+DEFAULT_GROUP+webook
2024-07-12 21:55:52.115 [main] INFO  com.alibaba.nacos.client.config.impl.CacheData - [fixed-webook-110.41.141.141_8848] [add-listener] ok, tenant=webook, dataId=webook-auth, group=DEFAULT_GROUP, cnt=1
2024-07-12 21:55:52.115 [main] INFO  c.a.cloud.nacos.refresh.NacosContextRefresher - [Nacos Config] Listening config: dataId=webook-auth, group=DEFAULT_GROUP
2024-07-12 21:58:23.290 [http-nio-8080-exec-2] INFO  o.a.c.core.ContainerBase.[Tomcat].[localhost].[/] - Initializing Spring DispatcherServlet 'dispatcherServlet'
2024-07-12 21:58:23.290 [http-nio-8080-exec-2] INFO  org.springframework.web.servlet.DispatcherServlet - Initializing Servlet 'dispatcherServlet'
2024-07-12 21:58:23.291 [http-nio-8080-exec-2] INFO  org.springframework.web.servlet.DispatcherServlet - Completed initialization in 1 ms
2024-07-12 21:58:23.299 [http-nio-8080-exec-2] INFO  c.j.m.f.b.c.filter.HeaderUserId2ContextFilter - ## HeaderUserId2ContextFilter，用户 ID：null
2024-07-12 21:58:23.460 [http-nio-8080-exec-2] INFO  c.j.m.f.b.o.aspect.ApiOperationLogAspect - ====== 请求开始: [用户登录或注册], 入参: {"code":"123456","password":null,"type":2,"phone":"13362179496"}, 请求类: UserController, 请求方法: loginAndRegister =================================== 
2024-07-12 21:58:23.463 [http-nio-8080-exec-2] DEBUG c.j.m.a.domain.mapper.UserDOMapper.selectByPhone - ==>  Preparing: select id, password from t_user where phone = ?
2024-07-12 21:58:23.465 [http-nio-8080-exec-2] DEBUG c.j.m.a.domain.mapper.UserDOMapper.selectByPhone - ==> Parameters: 13362179496(String)
2024-07-12 21:58:23.470 [http-nio-8080-exec-2] DEBUG c.j.m.a.domain.mapper.UserDOMapper.selectByPhone - <==      Total: 1
2024-07-12 21:58:23.475 [http-nio-8080-exec-2] WARN  c.j.micro.auth.exception.GlobalExceptionHandler - /user/login request error, errorCode: AUTH-10001, errorMessage: rawPassword cannot be null
2024-07-12 21:58:47.141 [http-nio-8080-exec-1] INFO  c.j.m.f.b.c.filter.HeaderUserId2ContextFilter - ## HeaderUserId2ContextFilter，用户 ID：null
2024-07-12 21:58:47.143 [http-nio-8080-exec-1] INFO  c.j.m.f.b.o.aspect.ApiOperationLogAspect - ====== 请求开始: [用户登录或注册], 入参: {"code":null,"password":"123456","type":2,"phone":"13362179496"}, 请求类: UserController, 请求方法: loginAndRegister =================================== 
2024-07-12 21:58:47.144 [http-nio-8080-exec-1] DEBUG c.j.m.a.domain.mapper.UserDOMapper.selectByPhone - ==>  Preparing: select id, password from t_user where phone = ?
2024-07-12 21:58:47.145 [http-nio-8080-exec-1] DEBUG c.j.m.a.domain.mapper.UserDOMapper.selectByPhone - ==> Parameters: 13362179496(String)
2024-07-12 21:58:47.147 [http-nio-8080-exec-1] DEBUG c.j.m.a.domain.mapper.UserDOMapper.selectByPhone - <==      Total: 1
2024-07-12 21:58:47.344 [http-nio-8080-exec-1] INFO  c.j.m.f.b.o.aspect.ApiOperationLogAspect - ====== 请求结束: [用户登录或注册], 耗时: 201ms, 出参: {"success":true,"message":null,"errorCode":null,"data":"L5BWiMTpI1CR2g1l1tWM3Ko59GxmopE3UYFec8xZ1dXMkObQFI1cqMvQPHJsrxcyTUWJYqqo8J6aIpDcPMLlyzDBbppG1wm6qqFc1P0mE3Rw4G7zWBZLWWl9yF38FMTD"} =================================== 
2024-07-12 22:00:03.553 [Thread-2] WARN  c.alibaba.nacos.common.http.HttpClientBeanHolder - [HttpClientBeanHolder] Start destroying common HttpClient
2024-07-12 22:00:03.553 [Thread-9] WARN  com.alibaba.nacos.common.notify.NotifyCenter - [NotifyCenter] Start destroying Publisher
2024-07-12 22:00:03.554 [Thread-9] WARN  com.alibaba.nacos.common.notify.NotifyCenter - [NotifyCenter] Destruction of the end
2024-07-12 22:00:03.554 [Thread-2] WARN  c.alibaba.nacos.common.http.HttpClientBeanHolder - [HttpClientBeanHolder] Destruction of the end
2024-07-12 22:00:03.601 [SpringApplicationShutdownHook] INFO  c.a.cloud.nacos.registry.NacosServiceRegistry - De-registering from Nacos Server now...
2024-07-12 22:00:03.601 [SpringApplicationShutdownHook] INFO  com.alibaba.nacos.client.naming - [DEREGISTER-SERVICE] webook deregistering service webook-auth with instance: Instance{instanceId='null', ip='10.12.42.234', port=8080, weight=1.0, healthy=true, enabled=true, ephemeral=true, clusterName='DEFAULT', serviceName='null', metadata={}}
2024-07-12 22:00:03.633 [SpringApplicationShutdownHook] INFO  c.a.cloud.nacos.registry.NacosServiceRegistry - De-registration finished.
2024-07-12 22:00:03.633 [SpringApplicationShutdownHook] INFO  com.alibaba.nacos.client.naming - com.alibaba.nacos.client.naming.cache.ServiceInfoHolder do shutdown begin
2024-07-12 22:00:03.633 [SpringApplicationShutdownHook] INFO  com.alibaba.nacos.client.naming - com.alibaba.nacos.client.naming.backups.FailoverReactor do shutdown begin
2024-07-12 22:00:03.634 [SpringApplicationShutdownHook] INFO  com.alibaba.nacos.client.naming - com.alibaba.nacos.client.naming.backups.FailoverReactor do shutdown stop
2024-07-12 22:00:03.634 [SpringApplicationShutdownHook] INFO  com.alibaba.nacos.client.naming - com.alibaba.nacos.client.naming.cache.ServiceInfoHolder do shutdown stop
2024-07-12 22:00:03.634 [SpringApplicationShutdownHook] INFO  com.alibaba.nacos.client.naming - com.alibaba.nacos.client.naming.remote.NamingClientProxyDelegate do shutdown begin
2024-07-12 22:00:03.634 [SpringApplicationShutdownHook] INFO  com.alibaba.nacos.client.naming - com.alibaba.nacos.client.naming.core.ServiceInfoUpdateService do shutdown begin
2024-07-12 22:00:03.634 [SpringApplicationShutdownHook] INFO  com.alibaba.nacos.client.naming - com.alibaba.nacos.client.naming.core.ServiceInfoUpdateService do shutdown stop
2024-07-12 22:00:03.634 [SpringApplicationShutdownHook] INFO  com.alibaba.nacos.client.naming - com.alibaba.nacos.client.naming.core.ServerListManager do shutdown begin
2024-07-12 22:00:03.634 [SpringApplicationShutdownHook] WARN  com.alibaba.nacos.client.naming - [NamingHttpClientManager] Start destroying NacosRestTemplate
2024-07-12 22:00:03.634 [SpringApplicationShutdownHook] WARN  com.alibaba.nacos.client.naming - [NamingHttpClientManager] Destruction of the end
2024-07-12 22:00:03.634 [SpringApplicationShutdownHook] INFO  com.alibaba.nacos.client.naming - com.alibaba.nacos.client.naming.core.ServerListManager do shutdown stop
2024-07-12 22:00:03.634 [SpringApplicationShutdownHook] INFO  com.alibaba.nacos.client.naming - com.alibaba.nacos.client.naming.remote.http.NamingHttpClientProxy do shutdown begin
2024-07-12 22:00:03.634 [SpringApplicationShutdownHook] WARN  com.alibaba.nacos.client.naming - [NamingHttpClientManager] Start destroying NacosRestTemplate
2024-07-12 22:00:03.634 [SpringApplicationShutdownHook] WARN  com.alibaba.nacos.client.naming - [NamingHttpClientManager] Destruction of the end
2024-07-12 22:00:03.634 [SpringApplicationShutdownHook] INFO  com.alibaba.nacos.client.naming - com.alibaba.nacos.client.naming.remote.http.NamingHttpClientProxy do shutdown stop
2024-07-12 22:00:03.634 [SpringApplicationShutdownHook] INFO  com.alibaba.nacos.common.remote.client - Shutdown rpc client, set status to shutdown
2024-07-12 22:00:03.634 [SpringApplicationShutdownHook] INFO  com.alibaba.nacos.common.remote.client - Shutdown client event executor java.util.concurrent.ScheduledThreadPoolExecutor@20217a3c[Running, pool size = 2, active threads = 2, queued tasks = 0, completed tasks = 0]
2024-07-12 22:00:03.635 [SpringApplicationShutdownHook] INFO  com.alibaba.nacos.common.remote.client - Close current connection 1720792552864_115.233.205.187_12024
2024-07-12 22:00:03.642 [nacos-grpc-client-executor-110.41.141.141-78] WARN  c.a.nacos.common.remote.client.grpc.GrpcClient - [1720792552864_115.233.205.187_12024]Ignore error event,isRunning:false,isAbandon=false
2024-07-12 22:00:03.647 [SpringApplicationShutdownHook] INFO  c.a.nacos.common.remote.client.grpc.GrpcClient - Shutdown grpc executor java.util.concurrent.ThreadPoolExecutor@6ffe38dd[Running, pool size = 4, active threads = 0, queued tasks = 0, completed tasks = 79]
2024-07-12 22:00:03.647 [SpringApplicationShutdownHook] INFO  com.alibaba.nacos.client.naming - Shutdown grpc redo service executor java.util.concurrent.ScheduledThreadPoolExecutor@102f7399[Running, pool size = 1, active threads = 0, queued tasks = 1, completed tasks = 84]
2024-07-12 22:00:03.647 [SpringApplicationShutdownHook] INFO  c.a.n.client.auth.ram.identify.CredentialWatcher - [null] CredentialWatcher is stopped
2024-07-12 22:00:03.647 [SpringApplicationShutdownHook] INFO  c.a.n.client.auth.ram.identify.CredentialService - [null] CredentialService is freed
2024-07-12 22:00:03.648 [SpringApplicationShutdownHook] INFO  com.alibaba.nacos.client.naming - com.alibaba.nacos.client.naming.remote.NamingClientProxyDelegate do shutdown stop
2024-07-12 22:00:03.786 [SpringApplicationShutdownHook] INFO  com.alibaba.druid.pool.DruidDataSource - {dataSource-1} closing ...
2024-07-12 22:00:03.808 [SpringApplicationShutdownHook] INFO  com.alibaba.druid.pool.DruidDataSource - {dataSource-1} closed
2024-07-12 22:00:08.012 [main] WARN  com.alibaba.nacos.client.logging.NacosLogging - Load Logback Configuration of Nacos fail, message: Could not initialize Logback Nacos logging from classpath:nacos-logback.xml
2024-07-12 22:00:08.095 [main] WARN  com.alibaba.nacos.client.logging.NacosLogging - Load Logback Configuration of Nacos fail, message: Could not initialize Logback Nacos logging from classpath:nacos-logback.xml
2024-07-12 22:00:08.608 [main] WARN  com.alibaba.nacos.client.logging.NacosLogging - Load Logback Configuration of Nacos fail, message: Could not initialize Logback Nacos logging from classpath:nacos-logback.xml
2024-07-12 22:00:08.618 [main] INFO  com.alibaba.nacos.client.utils.ParamUtil - [settings] [req-serv] nacos-server port:8848
2024-07-12 22:00:08.618 [main] INFO  com.alibaba.nacos.client.utils.ParamUtil - [settings] [http-client] connect timeout:1000
2024-07-12 22:00:08.621 [main] INFO  com.alibaba.nacos.client.utils.ParamUtil - PER_TASK_CONFIG_SIZE: 3000.0
2024-07-12 22:00:08.680 [main] INFO  c.a.n.p.auth.spi.client.ClientAuthPluginManager - [ClientAuthPluginManager] Load ClientAuthService com.alibaba.nacos.client.auth.impl.NacosClientAuthServiceImpl success.
2024-07-12 22:00:08.680 [main] INFO  c.a.n.p.auth.spi.client.ClientAuthPluginManager - [ClientAuthPluginManager] Load ClientAuthService com.alibaba.nacos.client.auth.ram.RamClientAuthServiceImpl success.
2024-07-12 22:00:08.684 [main] INFO  c.a.n.client.auth.ram.identify.CredentialWatcher - null No credential found
2024-07-12 22:00:08.977 [main] WARN  com.alibaba.nacos.client.logging.NacosLogging - Load Logback Configuration of Nacos fail, message: Could not initialize Logback Nacos logging from classpath:nacos-logback.xml
2024-07-12 22:00:08.997 [main] INFO  c.a.n.client.config.impl.LocalConfigInfoProcessor - LOCAL_SNAPSHOT_PATH:C:\Users\admin\nacos\config
2024-07-12 22:00:09.004 [main] INFO  com.alibaba.nacos.common.remote.client - [RpcClientFactory] create a new rpc client of 0dd3cccb-dcef-47a3-800d-358ae11d4ef8_config-0
2024-07-12 22:00:09.048 [main] INFO  com.alibaba.nacos.common.remote.client - [0dd3cccb-dcef-47a3-800d-358ae11d4ef8_config-0] Register server push request handler:com.alibaba.nacos.client.config.impl.ClientWorker$ConfigRpcTransportClient$$Lambda$587/0x000002820138f3b0
2024-07-12 22:00:09.049 [main] INFO  com.alibaba.nacos.common.remote.client - [0dd3cccb-dcef-47a3-800d-358ae11d4ef8_config-0] Register server push request handler:com.alibaba.nacos.client.config.impl.ClientWorker$ConfigRpcTransportClient$$Lambda$588/0x000002820138f7d0
2024-07-12 22:00:09.050 [main] INFO  com.alibaba.nacos.common.remote.client - [0dd3cccb-dcef-47a3-800d-358ae11d4ef8_config-0] Registry connection listener to current client:com.alibaba.nacos.client.config.impl.ClientWorker$ConfigRpcTransportClient$1
2024-07-12 22:00:09.051 [main] INFO  com.alibaba.nacos.common.remote.client - [0dd3cccb-dcef-47a3-800d-358ae11d4ef8_config-0] RpcClient init, ServerListFactory = com.alibaba.nacos.client.config.impl.ClientWorker$ConfigRpcTransportClient$2
2024-07-12 22:00:09.065 [main] INFO  com.alibaba.nacos.common.remote.client - [0dd3cccb-dcef-47a3-800d-358ae11d4ef8_config-0] Try to connect to server on start up, server: {serverIp = '110.41.141.141', server main port = 8848}
2024-07-12 22:00:09.122 [main] INFO  c.a.nacos.common.remote.client.grpc.GrpcClient - grpc client connection server:110.41.141.141 ip,serverPort:9848,grpcTslConfig:{"sslProvider":"OPENSSL","enableTls":false,"mutualAuthEnable":false,"trustAll":false}
2024-07-12 22:00:10.672 [main] INFO  com.alibaba.nacos.common.remote.client - [0dd3cccb-dcef-47a3-800d-358ae11d4ef8_config-0] Success to connect to server [110.41.141.141:8848] on start up, connectionId = 1720792812432_115.233.205.187_43324
2024-07-12 22:00:10.673 [com.alibaba.nacos.client.remote.worker] INFO  com.alibaba.nacos.common.remote.client - [0dd3cccb-dcef-47a3-800d-358ae11d4ef8_config-0] Notify connected event to listeners.
2024-07-12 22:00:10.674 [com.alibaba.nacos.client.remote.worker] INFO  com.alibaba.nacos.client.config.impl.ClientWorker - [0dd3cccb-dcef-47a3-800d-358ae11d4ef8_config-0] Connected,notify listen context...
2024-07-12 22:00:10.674 [main] INFO  com.alibaba.nacos.common.remote.client - [0dd3cccb-dcef-47a3-800d-358ae11d4ef8_config-0] Register server push request handler:com.alibaba.nacos.common.remote.client.RpcClient$ConnectResetRequestHandler
2024-07-12 22:00:10.675 [main] INFO  com.alibaba.nacos.common.remote.client - [0dd3cccb-dcef-47a3-800d-358ae11d4ef8_config-0] Register server push request handler:com.alibaba.nacos.common.remote.client.RpcClient$$Lambda$608/0x00000282014d7068
2024-07-12 22:00:10.820 [main] INFO  com.alibaba.nacos.client.config.impl.Limiter - limitTime:5.0
2024-07-12 22:00:10.872 [main] INFO  com.alibaba.nacos.client.config.utils.JvmUtil - isMultiInstance:false
2024-07-12 22:00:10.925 [main] WARN  c.a.cloud.nacos.client.NacosPropertySourceBuilder - Ignore the empty nacos configuration and get it based on dataId[webook-auth.yaml] & group[DEFAULT_GROUP]
2024-07-12 22:00:10.963 [main] INFO  o.s.c.b.c.PropertySourceBootstrapConfiguration - Located property source: [BootstrapPropertySource {name='bootstrapProperties-webook-auth-dev.yaml,DEFAULT_GROUP'}, BootstrapPropertySource {name='bootstrapProperties-webook-auth.yaml,DEFAULT_GROUP'}, BootstrapPropertySource {name='bootstrapProperties-webook-auth,DEFAULT_GROUP'}]
2024-07-12 22:00:11.006 [main] WARN  com.alibaba.nacos.client.logging.NacosLogging - Load Logback Configuration of Nacos fail, message: Could not initialize Logback Nacos logging from classpath:nacos-logback.xml
2024-07-12 22:00:11.008 [main] INFO  com.jacob.micro.auth.WebookAuthApplication - The following 1 profile is active: "dev"
2024-07-12 22:00:12.400 [main] INFO  o.s.d.r.config.RepositoryConfigurationDelegate - Multiple Spring Data modules found, entering strict repository configuration mode
2024-07-12 22:00:12.407 [main] INFO  o.s.d.r.config.RepositoryConfigurationDelegate - Bootstrapping Spring Data Redis repositories in DEFAULT mode.
2024-07-12 22:00:12.474 [main] INFO  o.s.d.r.config.RepositoryConfigurationDelegate - Finished Spring Data repository scanning in 26 ms. Found 0 Redis repository interfaces.
2024-07-12 22:00:12.799 [main] INFO  o.springframework.cloud.context.scope.GenericScope - BeanFactory id=30f75f1b-723f-3375-a6af-1c022ffc8ae5
2024-07-12 22:00:13.651 [main] INFO  o.s.boot.web.embedded.tomcat.TomcatWebServer - Tomcat initialized with port(s): 8080 (http)
2024-07-12 22:00:13.666 [main] INFO  org.apache.catalina.core.StandardService - Starting service [Tomcat]
2024-07-12 22:00:13.666 [main] INFO  org.apache.catalina.core.StandardEngine - Starting Servlet engine: [Apache Tomcat/10.1.5]
2024-07-12 22:00:13.772 [main] INFO  o.a.c.core.ContainerBase.[Tomcat].[localhost].[/] - Initializing Spring embedded WebApplicationContext
2024-07-12 22:00:13.773 [main] INFO  o.s.b.w.s.c.ServletWebServerApplicationContext - Root WebApplicationContext: initialization completed in 2727 ms
2024-07-12 22:00:13.922 [main] INFO  c.a.d.s.b.a.DruidDataSourceAutoConfigure - Init DruidDataSource
2024-07-12 22:00:14.352 [main] INFO  com.alibaba.druid.pool.DruidDataSource - {dataSource-1} inited
2024-07-12 22:00:16.308 [main] INFO  o.s.boot.web.embedded.tomcat.TomcatWebServer - Tomcat started on port(s): 8080 (http) with context path ''
2024-07-12 22:00:16.315 [main] INFO  com.alibaba.nacos.client.naming - initializer namespace from ans.namespace attribute : null
2024-07-12 22:00:16.315 [main] INFO  com.alibaba.nacos.client.naming - initializer namespace from ALIBABA_ALIWARE_NAMESPACE attribute :null
2024-07-12 22:00:16.316 [main] INFO  com.alibaba.nacos.client.naming - initializer namespace from namespace attribute :null
2024-07-12 22:00:16.328 [main] INFO  c.a.n.p.auth.spi.client.ClientAuthPluginManager - [ClientAuthPluginManager] Load ClientAuthService com.alibaba.nacos.client.auth.impl.NacosClientAuthServiceImpl success.
2024-07-12 22:00:16.328 [main] INFO  c.a.n.p.auth.spi.client.ClientAuthPluginManager - [ClientAuthPluginManager] Load ClientAuthService com.alibaba.nacos.client.auth.ram.RamClientAuthServiceImpl success.
2024-07-12 22:00:16.334 [main] INFO  com.alibaba.nacos.common.remote.client - [RpcClientFactory] create a new rpc client of 088ef066-980b-4711-ab67-d9dd86a2a730
2024-07-12 22:00:16.337 [main] INFO  com.alibaba.nacos.common.remote.client - [088ef066-980b-4711-ab67-d9dd86a2a730] RpcClient init, ServerListFactory = com.alibaba.nacos.client.naming.core.ServerListManager
2024-07-12 22:00:16.337 [main] INFO  com.alibaba.nacos.common.remote.client - [088ef066-980b-4711-ab67-d9dd86a2a730] Registry connection listener to current client:com.alibaba.nacos.client.naming.remote.gprc.redo.NamingGrpcRedoService
2024-07-12 22:00:16.338 [main] INFO  com.alibaba.nacos.common.remote.client - [088ef066-980b-4711-ab67-d9dd86a2a730] Register server push request handler:com.alibaba.nacos.client.naming.remote.gprc.NamingPushRequestHandler
2024-07-12 22:00:16.338 [main] INFO  com.alibaba.nacos.common.remote.client - [088ef066-980b-4711-ab67-d9dd86a2a730] Try to connect to server on start up, server: {serverIp = '110.41.141.141', server main port = 8848}
2024-07-12 22:00:16.339 [main] INFO  c.a.nacos.common.remote.client.grpc.GrpcClient - grpc client connection server:110.41.141.141 ip,serverPort:9848,grpcTslConfig:{"sslProvider":"OPENSSL","enableTls":false,"mutualAuthEnable":false,"trustAll":false}
2024-07-12 22:00:16.543 [main] INFO  com.alibaba.nacos.common.remote.client - [088ef066-980b-4711-ab67-d9dd86a2a730] Success to connect to server [110.41.141.141:8848] on start up, connectionId = 1720792818538_115.233.205.187_56249
2024-07-12 22:00:16.543 [com.alibaba.nacos.client.remote.worker] INFO  com.alibaba.nacos.common.remote.client - [088ef066-980b-4711-ab67-d9dd86a2a730] Notify connected event to listeners.
2024-07-12 22:00:16.543 [com.alibaba.nacos.client.remote.worker] INFO  com.alibaba.nacos.client.naming - Grpc connection connect
2024-07-12 22:00:16.543 [main] INFO  com.alibaba.nacos.common.remote.client - [088ef066-980b-4711-ab67-d9dd86a2a730] Register server push request handler:com.alibaba.nacos.common.remote.client.RpcClient$ConnectResetRequestHandler
2024-07-12 22:00:16.544 [main] INFO  com.alibaba.nacos.common.remote.client - [088ef066-980b-4711-ab67-d9dd86a2a730] Register server push request handler:com.alibaba.nacos.common.remote.client.RpcClient$$Lambda$608/0x00000282014d7068
2024-07-12 22:00:16.546 [main] INFO  com.alibaba.nacos.client.naming - [REGISTER-SERVICE] webook registering service webook-auth with instance Instance{instanceId='null', ip='10.12.42.234', port=8080, weight=1.0, healthy=true, enabled=true, ephemeral=true, clusterName='DEFAULT', serviceName='null', metadata={IPv6=null, preserved.register.source=SPRING_CLOUD}}
2024-07-12 22:00:16.587 [main] INFO  c.a.cloud.nacos.registry.NacosServiceRegistry - nacos registry, DEFAULT_GROUP webook-auth 10.12.42.234:8080 register finished
2024-07-12 22:00:16.655 [main] INFO  com.jacob.micro.auth.WebookAuthApplication - Started WebookAuthApplication in 9.591 seconds (process running for 10.491)
2024-07-12 22:00:16.656 [main] INFO  c.j.m.auth.runner.PushRolePermissions2RedisRunner - ==> 服务启动，开始同步角色权限数据到 Redis 中...
2024-07-12 22:00:17.172 [main] WARN  c.j.m.auth.runner.PushRolePermissions2RedisRunner - ==> 角色权限数据已经同步至 Redis 中，不再同步...
2024-07-12 22:00:17.177 [main] INFO  com.alibaba.nacos.client.config.impl.CacheData - nacos.cache.data.init.snapshot = true 
2024-07-12 22:00:17.177 [main] INFO  com.alibaba.nacos.client.config.impl.ClientWorker - [fixed-webook-110.41.141.141_8848] [subscribe] webook-auth.yaml+DEFAULT_GROUP+webook
2024-07-12 22:00:17.191 [main] INFO  com.alibaba.nacos.client.config.impl.CacheData - [fixed-webook-110.41.141.141_8848] [add-listener] ok, tenant=webook, dataId=webook-auth.yaml, group=DEFAULT_GROUP, cnt=1
2024-07-12 22:00:17.191 [main] INFO  c.a.cloud.nacos.refresh.NacosContextRefresher - [Nacos Config] Listening config: dataId=webook-auth.yaml, group=DEFAULT_GROUP
2024-07-12 22:00:17.194 [main] INFO  com.alibaba.nacos.client.config.impl.ClientWorker - [fixed-webook-110.41.141.141_8848] [subscribe] webook-auth-dev.yaml+DEFAULT_GROUP+webook
2024-07-12 22:00:17.194 [main] INFO  com.alibaba.nacos.client.config.impl.CacheData - [fixed-webook-110.41.141.141_8848] [add-listener] ok, tenant=webook, dataId=webook-auth-dev.yaml, group=DEFAULT_GROUP, cnt=1
2024-07-12 22:00:17.194 [main] INFO  c.a.cloud.nacos.refresh.NacosContextRefresher - [Nacos Config] Listening config: dataId=webook-auth-dev.yaml, group=DEFAULT_GROUP
2024-07-12 22:00:17.196 [main] INFO  com.alibaba.nacos.client.config.impl.ClientWorker - [fixed-webook-110.41.141.141_8848] [subscribe] webook-auth+DEFAULT_GROUP+webook
2024-07-12 22:00:17.196 [main] INFO  com.alibaba.nacos.client.config.impl.CacheData - [fixed-webook-110.41.141.141_8848] [add-listener] ok, tenant=webook, dataId=webook-auth, group=DEFAULT_GROUP, cnt=1
2024-07-12 22:00:17.196 [main] INFO  c.a.cloud.nacos.refresh.NacosContextRefresher - [Nacos Config] Listening config: dataId=webook-auth, group=DEFAULT_GROUP
2024-07-12 22:28:32.130 [Thread-2] WARN  c.alibaba.nacos.common.http.HttpClientBeanHolder - [HttpClientBeanHolder] Start destroying common HttpClient
2024-07-12 22:28:32.130 [Thread-9] WARN  com.alibaba.nacos.common.notify.NotifyCenter - [NotifyCenter] Start destroying Publisher
2024-07-12 22:28:32.131 [Thread-9] WARN  com.alibaba.nacos.common.notify.NotifyCenter - [NotifyCenter] Destruction of the end
2024-07-12 22:28:32.132 [Thread-2] WARN  c.alibaba.nacos.common.http.HttpClientBeanHolder - [HttpClientBeanHolder] Destruction of the end
2024-07-12 22:28:32.169 [SpringApplicationShutdownHook] INFO  c.a.cloud.nacos.registry.NacosServiceRegistry - De-registering from Nacos Server now...
2024-07-12 22:28:32.169 [SpringApplicationShutdownHook] INFO  com.alibaba.nacos.client.naming - [DEREGISTER-SERVICE] webook deregistering service webook-auth with instance: Instance{instanceId='null', ip='10.12.42.234', port=8080, weight=1.0, healthy=true, enabled=true, ephemeral=true, clusterName='DEFAULT', serviceName='null', metadata={}}
2024-07-12 22:28:32.208 [SpringApplicationShutdownHook] INFO  c.a.cloud.nacos.registry.NacosServiceRegistry - De-registration finished.
2024-07-12 22:28:32.208 [SpringApplicationShutdownHook] INFO  com.alibaba.nacos.client.naming - com.alibaba.nacos.client.naming.cache.ServiceInfoHolder do shutdown begin
2024-07-12 22:28:32.208 [SpringApplicationShutdownHook] INFO  com.alibaba.nacos.client.naming - com.alibaba.nacos.client.naming.backups.FailoverReactor do shutdown begin
2024-07-12 22:28:32.209 [SpringApplicationShutdownHook] INFO  com.alibaba.nacos.client.naming - com.alibaba.nacos.client.naming.backups.FailoverReactor do shutdown stop
2024-07-12 22:28:32.209 [SpringApplicationShutdownHook] INFO  com.alibaba.nacos.client.naming - com.alibaba.nacos.client.naming.cache.ServiceInfoHolder do shutdown stop
2024-07-12 22:28:32.209 [SpringApplicationShutdownHook] INFO  com.alibaba.nacos.client.naming - com.alibaba.nacos.client.naming.remote.NamingClientProxyDelegate do shutdown begin
2024-07-12 22:28:32.209 [SpringApplicationShutdownHook] INFO  com.alibaba.nacos.client.naming - com.alibaba.nacos.client.naming.core.ServiceInfoUpdateService do shutdown begin
2024-07-12 22:28:32.209 [SpringApplicationShutdownHook] INFO  com.alibaba.nacos.client.naming - com.alibaba.nacos.client.naming.core.ServiceInfoUpdateService do shutdown stop
2024-07-12 22:28:32.209 [SpringApplicationShutdownHook] INFO  com.alibaba.nacos.client.naming - com.alibaba.nacos.client.naming.core.ServerListManager do shutdown begin
2024-07-12 22:28:32.209 [SpringApplicationShutdownHook] WARN  com.alibaba.nacos.client.naming - [NamingHttpClientManager] Start destroying NacosRestTemplate
2024-07-12 22:28:32.209 [SpringApplicationShutdownHook] WARN  com.alibaba.nacos.client.naming - [NamingHttpClientManager] Destruction of the end
2024-07-12 22:28:32.209 [SpringApplicationShutdownHook] INFO  com.alibaba.nacos.client.naming - com.alibaba.nacos.client.naming.core.ServerListManager do shutdown stop
2024-07-12 22:28:32.209 [SpringApplicationShutdownHook] INFO  com.alibaba.nacos.client.naming - com.alibaba.nacos.client.naming.remote.http.NamingHttpClientProxy do shutdown begin
2024-07-12 22:28:32.209 [SpringApplicationShutdownHook] WARN  com.alibaba.nacos.client.naming - [NamingHttpClientManager] Start destroying NacosRestTemplate
2024-07-12 22:28:32.209 [SpringApplicationShutdownHook] WARN  com.alibaba.nacos.client.naming - [NamingHttpClientManager] Destruction of the end
2024-07-12 22:28:32.209 [SpringApplicationShutdownHook] INFO  com.alibaba.nacos.client.naming - com.alibaba.nacos.client.naming.remote.http.NamingHttpClientProxy do shutdown stop
2024-07-12 22:28:32.210 [SpringApplicationShutdownHook] INFO  com.alibaba.nacos.common.remote.client - Shutdown rpc client, set status to shutdown
2024-07-12 22:28:32.210 [SpringApplicationShutdownHook] INFO  com.alibaba.nacos.common.remote.client - Shutdown client event executor java.util.concurrent.ScheduledThreadPoolExecutor@484f1af7[Running, pool size = 2, active threads = 2, queued tasks = 0, completed tasks = 0]
2024-07-12 22:28:32.210 [SpringApplicationShutdownHook] INFO  com.alibaba.nacos.common.remote.client - Close current connection 1720792818538_115.233.205.187_56249
2024-07-12 22:28:32.217 [nacos-grpc-client-executor-110.41.141.141-373] WARN  c.a.nacos.common.remote.client.grpc.GrpcClient - [1720792818538_115.233.205.187_56249]Ignore error event,isRunning:false,isAbandon=false
2024-07-12 22:28:32.223 [SpringApplicationShutdownHook] INFO  c.a.nacos.common.remote.client.grpc.GrpcClient - Shutdown grpc executor java.util.concurrent.ThreadPoolExecutor@578c6cfd[Running, pool size = 4, active threads = 0, queued tasks = 0, completed tasks = 374]
2024-07-12 22:28:32.224 [SpringApplicationShutdownHook] INFO  com.alibaba.nacos.client.naming - Shutdown grpc redo service executor java.util.concurrent.ScheduledThreadPoolExecutor@3e27cf67[Running, pool size = 1, active threads = 0, queued tasks = 1, completed tasks = 564]
2024-07-12 22:28:32.225 [SpringApplicationShutdownHook] INFO  c.a.n.client.auth.ram.identify.CredentialWatcher - [null] CredentialWatcher is stopped
2024-07-12 22:28:32.226 [SpringApplicationShutdownHook] INFO  c.a.n.client.auth.ram.identify.CredentialService - [null] CredentialService is freed
2024-07-12 22:28:32.226 [SpringApplicationShutdownHook] INFO  com.alibaba.nacos.client.naming - com.alibaba.nacos.client.naming.remote.NamingClientProxyDelegate do shutdown stop
2024-07-12 22:28:32.372 [SpringApplicationShutdownHook] INFO  com.alibaba.druid.pool.DruidDataSource - {dataSource-1} closing ...
2024-07-12 22:28:32.374 [SpringApplicationShutdownHook] INFO  com.alibaba.druid.pool.DruidDataSource - {dataSource-1} closed
2024-07-12 22:28:40.787 [main] WARN  com.alibaba.nacos.client.logging.NacosLogging - Load Logback Configuration of Nacos fail, message: Could not initialize Logback Nacos logging from classpath:nacos-logback.xml
2024-07-12 22:28:40.874 [main] WARN  com.alibaba.nacos.client.logging.NacosLogging - Load Logback Configuration of Nacos fail, message: Could not initialize Logback Nacos logging from classpath:nacos-logback.xml
2024-07-12 22:28:41.297 [main] WARN  com.alibaba.nacos.client.logging.NacosLogging - Load Logback Configuration of Nacos fail, message: Could not initialize Logback Nacos logging from classpath:nacos-logback.xml
2024-07-12 22:28:41.302 [main] INFO  com.alibaba.nacos.client.utils.ParamUtil - [settings] [req-serv] nacos-server port:8848
2024-07-12 22:28:41.303 [main] INFO  com.alibaba.nacos.client.utils.ParamUtil - [settings] [http-client] connect timeout:1000
2024-07-12 22:28:41.305 [main] INFO  com.alibaba.nacos.client.utils.ParamUtil - PER_TASK_CONFIG_SIZE: 3000.0
2024-07-12 22:28:41.358 [main] INFO  c.a.n.p.auth.spi.client.ClientAuthPluginManager - [ClientAuthPluginManager] Load ClientAuthService com.alibaba.nacos.client.auth.impl.NacosClientAuthServiceImpl success.
2024-07-12 22:28:41.359 [main] INFO  c.a.n.p.auth.spi.client.ClientAuthPluginManager - [ClientAuthPluginManager] Load ClientAuthService com.alibaba.nacos.client.auth.ram.RamClientAuthServiceImpl success.
2024-07-12 22:28:41.364 [main] INFO  c.a.n.client.auth.ram.identify.CredentialWatcher - null No credential found
2024-07-12 22:28:41.644 [main] WARN  com.alibaba.nacos.client.logging.NacosLogging - Load Logback Configuration of Nacos fail, message: Could not initialize Logback Nacos logging from classpath:nacos-logback.xml
2024-07-12 22:28:41.660 [main] INFO  c.a.n.client.config.impl.LocalConfigInfoProcessor - LOCAL_SNAPSHOT_PATH:C:\Users\admin\nacos\config
2024-07-12 22:28:41.666 [main] INFO  com.alibaba.nacos.common.remote.client - [RpcClientFactory] create a new rpc client of 620fa3c4-22e8-4f6f-888d-f65ab4936b0b_config-0
2024-07-12 22:28:41.697 [main] INFO  com.alibaba.nacos.common.remote.client - [620fa3c4-22e8-4f6f-888d-f65ab4936b0b_config-0] Register server push request handler:com.alibaba.nacos.client.config.impl.ClientWorker$ConfigRpcTransportClient$$Lambda$587/0x000002218138fc18
2024-07-12 22:28:41.697 [main] INFO  com.alibaba.nacos.common.remote.client - [620fa3c4-22e8-4f6f-888d-f65ab4936b0b_config-0] Register server push request handler:com.alibaba.nacos.client.config.impl.ClientWorker$ConfigRpcTransportClient$$Lambda$588/0x0000022181390200
2024-07-12 22:28:41.698 [main] INFO  com.alibaba.nacos.common.remote.client - [620fa3c4-22e8-4f6f-888d-f65ab4936b0b_config-0] Registry connection listener to current client:com.alibaba.nacos.client.config.impl.ClientWorker$ConfigRpcTransportClient$1
2024-07-12 22:28:41.699 [main] INFO  com.alibaba.nacos.common.remote.client - [620fa3c4-22e8-4f6f-888d-f65ab4936b0b_config-0] RpcClient init, ServerListFactory = com.alibaba.nacos.client.config.impl.ClientWorker$ConfigRpcTransportClient$2
2024-07-12 22:28:41.713 [main] INFO  com.alibaba.nacos.common.remote.client - [620fa3c4-22e8-4f6f-888d-f65ab4936b0b_config-0] Try to connect to server on start up, server: {serverIp = '110.41.141.141', server main port = 8848}
2024-07-12 22:28:41.771 [main] INFO  c.a.nacos.common.remote.client.grpc.GrpcClient - grpc client connection server:110.41.141.141 ip,serverPort:9848,grpcTslConfig:{"sslProvider":"OPENSSL","enableTls":false,"mutualAuthEnable":false,"trustAll":false}
2024-07-12 22:28:43.062 [main] INFO  com.alibaba.nacos.common.remote.client - [620fa3c4-22e8-4f6f-888d-f65ab4936b0b_config-0] Success to connect to server [110.41.141.141:8848] on start up, connectionId = 1720794524991_115.233.205.187_62084
2024-07-12 22:28:43.063 [com.alibaba.nacos.client.remote.worker] INFO  com.alibaba.nacos.common.remote.client - [620fa3c4-22e8-4f6f-888d-f65ab4936b0b_config-0] Notify connected event to listeners.
2024-07-12 22:28:43.063 [com.alibaba.nacos.client.remote.worker] INFO  com.alibaba.nacos.client.config.impl.ClientWorker - [620fa3c4-22e8-4f6f-888d-f65ab4936b0b_config-0] Connected,notify listen context...
2024-07-12 22:28:43.064 [main] INFO  com.alibaba.nacos.common.remote.client - [620fa3c4-22e8-4f6f-888d-f65ab4936b0b_config-0] Register server push request handler:com.alibaba.nacos.common.remote.client.RpcClient$ConnectResetRequestHandler
2024-07-12 22:28:43.064 [main] INFO  com.alibaba.nacos.common.remote.client - [620fa3c4-22e8-4f6f-888d-f65ab4936b0b_config-0] Register server push request handler:com.alibaba.nacos.common.remote.client.RpcClient$$Lambda$608/0x00000221814d76d8
2024-07-12 22:28:43.151 [main] INFO  com.alibaba.nacos.client.config.impl.Limiter - limitTime:5.0
2024-07-12 22:28:43.203 [main] INFO  com.alibaba.nacos.client.config.utils.JvmUtil - isMultiInstance:false
2024-07-12 22:28:43.246 [main] WARN  c.a.cloud.nacos.client.NacosPropertySourceBuilder - Ignore the empty nacos configuration and get it based on dataId[webook-auth.yaml] & group[DEFAULT_GROUP]
2024-07-12 22:28:43.282 [main] INFO  o.s.c.b.c.PropertySourceBootstrapConfiguration - Located property source: [BootstrapPropertySource {name='bootstrapProperties-webook-auth-dev.yaml,DEFAULT_GROUP'}, BootstrapPropertySource {name='bootstrapProperties-webook-auth.yaml,DEFAULT_GROUP'}, BootstrapPropertySource {name='bootstrapProperties-webook-auth,DEFAULT_GROUP'}]
2024-07-12 22:28:43.324 [main] WARN  com.alibaba.nacos.client.logging.NacosLogging - Load Logback Configuration of Nacos fail, message: Could not initialize Logback Nacos logging from classpath:nacos-logback.xml
2024-07-12 22:28:43.326 [main] INFO  com.jacob.micro.auth.WebookAuthApplication - The following 1 profile is active: "dev"
2024-07-12 22:28:44.292 [main] INFO  o.s.d.r.config.RepositoryConfigurationDelegate - Multiple Spring Data modules found, entering strict repository configuration mode
2024-07-12 22:28:44.296 [main] INFO  o.s.d.r.config.RepositoryConfigurationDelegate - Bootstrapping Spring Data Redis repositories in DEFAULT mode.
2024-07-12 22:28:44.328 [main] INFO  o.s.d.r.config.RepositoryConfigurationDelegate - Finished Spring Data repository scanning in 14 ms. Found 0 Redis repository interfaces.
2024-07-12 22:28:44.541 [main] INFO  o.springframework.cloud.context.scope.GenericScope - BeanFactory id=30f75f1b-723f-3375-a6af-1c022ffc8ae5
2024-07-12 22:28:46.150 [main] INFO  o.s.boot.web.embedded.tomcat.TomcatWebServer - Tomcat initialized with port(s): 8080 (http)
2024-07-12 22:28:46.178 [main] INFO  org.apache.catalina.core.StandardService - Starting service [Tomcat]
2024-07-12 22:28:46.179 [main] INFO  org.apache.catalina.core.StandardEngine - Starting Servlet engine: [Apache Tomcat/10.1.5]
2024-07-12 22:28:46.378 [main] INFO  o.a.c.core.ContainerBase.[Tomcat].[localhost].[/] - Initializing Spring embedded WebApplicationContext
2024-07-12 22:28:46.378 [main] INFO  o.s.b.w.s.c.ServletWebServerApplicationContext - Root WebApplicationContext: initialization completed in 3024 ms
2024-07-12 22:28:46.663 [main] INFO  c.a.d.s.b.a.DruidDataSourceAutoConfigure - Init DruidDataSource
2024-07-12 22:28:47.587 [main] INFO  com.alibaba.druid.pool.DruidDataSource - {dataSource-1} inited
2024-07-12 22:28:50.650 [main] INFO  o.s.boot.web.embedded.tomcat.TomcatWebServer - Tomcat started on port(s): 8080 (http) with context path ''
2024-07-12 22:28:50.659 [main] INFO  com.alibaba.nacos.client.naming - initializer namespace from ans.namespace attribute : null
2024-07-12 22:28:50.661 [main] INFO  com.alibaba.nacos.client.naming - initializer namespace from ALIBABA_ALIWARE_NAMESPACE attribute :null
2024-07-12 22:28:50.663 [main] INFO  com.alibaba.nacos.client.naming - initializer namespace from namespace attribute :null
2024-07-12 22:28:50.684 [main] INFO  c.a.n.p.auth.spi.client.ClientAuthPluginManager - [ClientAuthPluginManager] Load ClientAuthService com.alibaba.nacos.client.auth.impl.NacosClientAuthServiceImpl success.
2024-07-12 22:28:50.685 [main] INFO  c.a.n.p.auth.spi.client.ClientAuthPluginManager - [ClientAuthPluginManager] Load ClientAuthService com.alibaba.nacos.client.auth.ram.RamClientAuthServiceImpl success.
2024-07-12 22:28:50.693 [main] INFO  com.alibaba.nacos.common.remote.client - [RpcClientFactory] create a new rpc client of 911b67a5-ebb5-47a5-a810-5d51900392bf
2024-07-12 22:28:50.697 [main] INFO  com.alibaba.nacos.common.remote.client - [911b67a5-ebb5-47a5-a810-5d51900392bf] RpcClient init, ServerListFactory = com.alibaba.nacos.client.naming.core.ServerListManager
2024-07-12 22:28:50.698 [main] INFO  com.alibaba.nacos.common.remote.client - [911b67a5-ebb5-47a5-a810-5d51900392bf] Registry connection listener to current client:com.alibaba.nacos.client.naming.remote.gprc.redo.NamingGrpcRedoService
2024-07-12 22:28:50.699 [main] INFO  com.alibaba.nacos.common.remote.client - [911b67a5-ebb5-47a5-a810-5d51900392bf] Register server push request handler:com.alibaba.nacos.client.naming.remote.gprc.NamingPushRequestHandler
2024-07-12 22:28:50.699 [main] INFO  com.alibaba.nacos.common.remote.client - [911b67a5-ebb5-47a5-a810-5d51900392bf] Try to connect to server on start up, server: {serverIp = '110.41.141.141', server main port = 8848}
2024-07-12 22:28:50.700 [main] INFO  c.a.nacos.common.remote.client.grpc.GrpcClient - grpc client connection server:110.41.141.141 ip,serverPort:9848,grpcTslConfig:{"sslProvider":"OPENSSL","enableTls":false,"mutualAuthEnable":false,"trustAll":false}
2024-07-12 22:28:50.889 [main] INFO  com.alibaba.nacos.common.remote.client - [911b67a5-ebb5-47a5-a810-5d51900392bf] Success to connect to server [110.41.141.141:8848] on start up, connectionId = 1720794532932_115.233.205.187_3444
2024-07-12 22:28:50.889 [main] INFO  com.alibaba.nacos.common.remote.client - [911b67a5-ebb5-47a5-a810-5d51900392bf] Register server push request handler:com.alibaba.nacos.common.remote.client.RpcClient$ConnectResetRequestHandler
2024-07-12 22:28:50.889 [com.alibaba.nacos.client.remote.worker] INFO  com.alibaba.nacos.common.remote.client - [911b67a5-ebb5-47a5-a810-5d51900392bf] Notify connected event to listeners.
2024-07-12 22:28:50.889 [main] INFO  com.alibaba.nacos.common.remote.client - [911b67a5-ebb5-47a5-a810-5d51900392bf] Register server push request handler:com.alibaba.nacos.common.remote.client.RpcClient$$Lambda$608/0x00000221814d76d8
2024-07-12 22:28:50.889 [com.alibaba.nacos.client.remote.worker] INFO  com.alibaba.nacos.client.naming - Grpc connection connect
2024-07-12 22:28:50.891 [main] INFO  com.alibaba.nacos.client.naming - [REGISTER-SERVICE] webook registering service webook-auth with instance Instance{instanceId='null', ip='10.12.42.234', port=8080, weight=1.0, healthy=true, enabled=true, ephemeral=true, clusterName='DEFAULT', serviceName='null', metadata={IPv6=null, preserved.register.source=SPRING_CLOUD}}
2024-07-12 22:28:50.931 [main] INFO  c.a.cloud.nacos.registry.NacosServiceRegistry - nacos registry, DEFAULT_GROUP webook-auth 10.12.42.234:8080 register finished
2024-07-12 22:28:51.034 [main] INFO  com.jacob.micro.auth.WebookAuthApplication - Started WebookAuthApplication in 11.314 seconds (process running for 12.111)
2024-07-12 22:28:51.036 [main] INFO  c.j.m.auth.runner.PushRolePermissions2RedisRunner - ==> 服务启动，开始同步角色权限数据到 Redis 中...
2024-07-12 22:28:51.939 [main] WARN  c.j.m.auth.runner.PushRolePermissions2RedisRunner - ==> 角色权限数据已经同步至 Redis 中，不再同步...
2024-07-12 22:28:51.946 [main] INFO  com.alibaba.nacos.client.config.impl.CacheData - nacos.cache.data.init.snapshot = true 
2024-07-12 22:28:51.947 [main] INFO  com.alibaba.nacos.client.config.impl.ClientWorker - [fixed-webook-110.41.141.141_8848] [subscribe] webook-auth.yaml+DEFAULT_GROUP+webook
2024-07-12 22:28:51.983 [main] INFO  com.alibaba.nacos.client.config.impl.CacheData - [fixed-webook-110.41.141.141_8848] [add-listener] ok, tenant=webook, dataId=webook-auth.yaml, group=DEFAULT_GROUP, cnt=1
2024-07-12 22:28:51.983 [main] INFO  c.a.cloud.nacos.refresh.NacosContextRefresher - [Nacos Config] Listening config: dataId=webook-auth.yaml, group=DEFAULT_GROUP
2024-07-12 22:28:51.990 [main] INFO  com.alibaba.nacos.client.config.impl.ClientWorker - [fixed-webook-110.41.141.141_8848] [subscribe] webook-auth-dev.yaml+DEFAULT_GROUP+webook
2024-07-12 22:28:51.990 [main] INFO  com.alibaba.nacos.client.config.impl.CacheData - [fixed-webook-110.41.141.141_8848] [add-listener] ok, tenant=webook, dataId=webook-auth-dev.yaml, group=DEFAULT_GROUP, cnt=1
2024-07-12 22:28:51.990 [main] INFO  c.a.cloud.nacos.refresh.NacosContextRefresher - [Nacos Config] Listening config: dataId=webook-auth-dev.yaml, group=DEFAULT_GROUP
2024-07-12 22:28:51.996 [main] INFO  com.alibaba.nacos.client.config.impl.ClientWorker - [fixed-webook-110.41.141.141_8848] [subscribe] webook-auth+DEFAULT_GROUP+webook
2024-07-12 22:28:51.997 [main] INFO  com.alibaba.nacos.client.config.impl.CacheData - [fixed-webook-110.41.141.141_8848] [add-listener] ok, tenant=webook, dataId=webook-auth, group=DEFAULT_GROUP, cnt=1
2024-07-12 22:28:51.997 [main] INFO  c.a.cloud.nacos.refresh.NacosContextRefresher - [Nacos Config] Listening config: dataId=webook-auth, group=DEFAULT_GROUP
