2024-07-07 15:02:44.233 [main] WARN  com.alibaba.nacos.client.logging.NacosLogging - Load Logback Configuration of Nacos fail, message: Could not initialize Logback Nacos logging from classpath:nacos-logback.xml
2024-07-07 15:02:44.277 [main] WARN  com.alibaba.nacos.client.logging.NacosLogging - Load Logback Configuration of Nacos fail, message: Could not initialize Logback Nacos logging from classpath:nacos-logback.xml
2024-07-07 15:02:44.449 [main] WARN  com.alibaba.nacos.client.logging.NacosLogging - Load Logback Configuration of Nacos fail, message: Could not initialize Logback Nacos logging from classpath:nacos-logback.xml
2024-07-07 15:02:44.450 [main] INFO  com.alibaba.nacos.client.utils.ParamUtil - [settings] [req-serv] nacos-server port:8848
2024-07-07 15:02:44.450 [main] INFO  com.alibaba.nacos.client.utils.ParamUtil - [settings] [http-client] connect timeout:1000
2024-07-07 15:02:44.451 [main] INFO  com.alibaba.nacos.client.utils.ParamUtil - PER_TASK_CONFIG_SIZE: 3000.0
2024-07-07 15:02:44.470 [main] INFO  c.a.n.p.auth.spi.client.ClientAuthPluginManager - [ClientAuthPluginManager] Load ClientAuthService com.alibaba.nacos.client.auth.impl.NacosClientAuthServiceImpl success.
2024-07-07 15:02:44.470 [main] INFO  c.a.n.p.auth.spi.client.ClientAuthPluginManager - [ClientAuthPluginManager] Load ClientAuthService com.alibaba.nacos.client.auth.ram.RamClientAuthServiceImpl success.
2024-07-07 15:02:44.471 [main] INFO  c.a.n.client.auth.ram.identify.CredentialWatcher - null No credential found
2024-07-07 15:02:45.621 [main] WARN  com.alibaba.nacos.client.logging.NacosLogging - Load Logback Configuration of Nacos fail, message: Could not initialize Logback Nacos logging from classpath:nacos-logback.xml
2024-07-07 15:02:45.631 [main] INFO  c.a.n.client.config.impl.LocalConfigInfoProcessor - LOCAL_SNAPSHOT_PATH:C:\Users\姜文武\nacos\config
2024-07-07 15:02:45.634 [main] INFO  com.alibaba.nacos.common.remote.client - [RpcClientFactory] create a new rpc client of 044d2060-16bc-4e2a-838c-2b8452692f7c_config-0
2024-07-07 15:02:45.645 [main] INFO  com.alibaba.nacos.common.remote.client - [044d2060-16bc-4e2a-838c-2b8452692f7c_config-0] Register server push request handler:com.alibaba.nacos.client.config.impl.ClientWorker$ConfigRpcTransportClient$$Lambda$575/0x0000028c01366bb8
2024-07-07 15:02:45.645 [main] INFO  com.alibaba.nacos.common.remote.client - [044d2060-16bc-4e2a-838c-2b8452692f7c_config-0] Register server push request handler:com.alibaba.nacos.client.config.impl.ClientWorker$ConfigRpcTransportClient$$Lambda$576/0x0000028c01366fd8
2024-07-07 15:02:45.646 [main] INFO  com.alibaba.nacos.common.remote.client - [044d2060-16bc-4e2a-838c-2b8452692f7c_config-0] Registry connection listener to current client:com.alibaba.nacos.client.config.impl.ClientWorker$ConfigRpcTransportClient$1
2024-07-07 15:02:45.646 [main] INFO  com.alibaba.nacos.common.remote.client - [044d2060-16bc-4e2a-838c-2b8452692f7c_config-0] RpcClient init, ServerListFactory = com.alibaba.nacos.client.config.impl.ClientWorker$ConfigRpcTransportClient$2
2024-07-07 15:02:45.652 [main] INFO  com.alibaba.nacos.common.remote.client - [044d2060-16bc-4e2a-838c-2b8452692f7c_config-0] Try to connect to server on start up, server: {serverIp = '110.41.141.141', server main port = 8848}
2024-07-07 15:02:45.684 [main] INFO  c.a.nacos.common.remote.client.grpc.GrpcClient - grpc client connection server:110.41.141.141 ip,serverPort:9848,grpcTslConfig:{"sslProvider":"OPENSSL","enableTls":false,"mutualAuthEnable":false,"trustAll":false}
2024-07-07 15:02:46.344 [main] INFO  com.alibaba.nacos.common.remote.client - [044d2060-16bc-4e2a-838c-2b8452692f7c_config-0] Success to connect to server [110.41.141.141:8848] on start up, connectionId = 1720335766106_115.200.49.133_58888
2024-07-07 15:02:46.345 [com.alibaba.nacos.client.remote.worker] INFO  com.alibaba.nacos.common.remote.client - [044d2060-16bc-4e2a-838c-2b8452692f7c_config-0] Notify connected event to listeners.
2024-07-07 15:02:46.345 [main] INFO  com.alibaba.nacos.common.remote.client - [044d2060-16bc-4e2a-838c-2b8452692f7c_config-0] Register server push request handler:com.alibaba.nacos.common.remote.client.RpcClient$ConnectResetRequestHandler
2024-07-07 15:02:46.345 [com.alibaba.nacos.client.remote.worker] INFO  com.alibaba.nacos.client.config.impl.ClientWorker - [044d2060-16bc-4e2a-838c-2b8452692f7c_config-0] Connected,notify listen context...
2024-07-07 15:02:46.346 [main] INFO  com.alibaba.nacos.common.remote.client - [044d2060-16bc-4e2a-838c-2b8452692f7c_config-0] Register server push request handler:com.alibaba.nacos.common.remote.client.RpcClient$$Lambda$596/0x0000028c014ee608
2024-07-07 15:02:46.368 [main] INFO  com.alibaba.nacos.client.config.impl.Limiter - limitTime:5.0
2024-07-07 15:02:46.416 [main] WARN  c.a.cloud.nacos.client.NacosPropertySourceBuilder - Ignore the empty nacos configuration and get it based on dataId[webook-oss] & group[DEFAULT_GROUP]
2024-07-07 15:02:46.451 [main] WARN  c.a.cloud.nacos.client.NacosPropertySourceBuilder - Ignore the empty nacos configuration and get it based on dataId[webook-oss.yaml] & group[DEFAULT_GROUP]
2024-07-07 15:02:46.482 [main] INFO  com.alibaba.nacos.client.config.utils.JvmUtil - isMultiInstance:false
2024-07-07 15:02:46.487 [main] INFO  o.s.c.b.c.PropertySourceBootstrapConfiguration - Located property source: [BootstrapPropertySource {name='bootstrapProperties-webook-oss-dev.yaml,DEFAULT_GROUP'}, BootstrapPropertySource {name='bootstrapProperties-webook-oss.yaml,DEFAULT_GROUP'}, BootstrapPropertySource {name='bootstrapProperties-webook-oss,DEFAULT_GROUP'}]
2024-07-07 15:02:46.492 [main] WARN  com.alibaba.nacos.client.logging.NacosLogging - Load Logback Configuration of Nacos fail, message: Could not initialize Logback Nacos logging from classpath:nacos-logback.xml
2024-07-07 15:02:46.492 [main] INFO  com.jacob.micro.oss.biz.WeBookOssBizApplication - The following 1 profile is active: "dev"
2024-07-07 15:02:46.871 [main] INFO  o.springframework.cloud.context.scope.GenericScope - BeanFactory id=575e58c7-4078-3879-b56e-f75237ce00c1
2024-07-07 15:02:47.016 [main] INFO  o.s.boot.web.embedded.tomcat.TomcatWebServer - Tomcat initialized with port(s): 8081 (http)
2024-07-07 15:02:47.017 [main] INFO  org.apache.catalina.core.AprLifecycleListener - An older version [1.2.34] of the Apache Tomcat Native library is installed, while Tomcat recommends a minimum version of [2.0.1]
2024-07-07 15:02:47.017 [main] INFO  org.apache.catalina.core.AprLifecycleListener - Loaded Apache Tomcat Native library [1.2.34] using APR version [1.7.0].
2024-07-07 15:02:47.018 [main] INFO  org.apache.catalina.core.AprLifecycleListener - OpenSSL successfully initialized [OpenSSL 1.1.1o  3 May 2022]
2024-07-07 15:02:47.024 [main] INFO  org.apache.catalina.core.StandardService - Starting service [Tomcat]
2024-07-07 15:02:47.024 [main] INFO  org.apache.catalina.core.StandardEngine - Starting Servlet engine: [Apache Tomcat/10.1.5]
2024-07-07 15:02:47.072 [main] INFO  o.a.c.core.ContainerBase.[Tomcat].[localhost].[/] - Initializing Spring embedded WebApplicationContext
2024-07-07 15:02:47.072 [main] INFO  o.s.b.w.s.c.ServletWebServerApplicationContext - Root WebApplicationContext: initialization completed in 570 ms
2024-07-07 15:02:48.753 [main] INFO  org.springframework.cloud.commons.util.InetUtils - Cannot determine local hostname
2024-07-07 15:02:49.950 [main] INFO  org.springframework.cloud.commons.util.InetUtils - Cannot determine local hostname
2024-07-07 15:02:50.001 [main] INFO  o.s.boot.web.embedded.tomcat.TomcatWebServer - Tomcat started on port(s): 8081 (http) with context path ''
2024-07-07 15:02:50.005 [main] INFO  com.alibaba.nacos.client.naming - initializer namespace from ans.namespace attribute : null
2024-07-07 15:02:50.005 [main] INFO  com.alibaba.nacos.client.naming - initializer namespace from ALIBABA_ALIWARE_NAMESPACE attribute :null
2024-07-07 15:02:50.006 [main] INFO  com.alibaba.nacos.client.naming - initializer namespace from namespace attribute :null
2024-07-07 15:02:50.012 [main] INFO  c.a.n.p.auth.spi.client.ClientAuthPluginManager - [ClientAuthPluginManager] Load ClientAuthService com.alibaba.nacos.client.auth.impl.NacosClientAuthServiceImpl success.
2024-07-07 15:02:50.012 [main] INFO  c.a.n.p.auth.spi.client.ClientAuthPluginManager - [ClientAuthPluginManager] Load ClientAuthService com.alibaba.nacos.client.auth.ram.RamClientAuthServiceImpl success.
2024-07-07 15:02:50.016 [main] INFO  com.alibaba.nacos.common.remote.client - [RpcClientFactory] create a new rpc client of acbe9218-4cfe-463c-a421-fb45f011bca8
2024-07-07 15:02:50.018 [main] INFO  com.alibaba.nacos.common.remote.client - [acbe9218-4cfe-463c-a421-fb45f011bca8] RpcClient init, ServerListFactory = com.alibaba.nacos.client.naming.core.ServerListManager
2024-07-07 15:02:50.018 [main] INFO  com.alibaba.nacos.common.remote.client - [acbe9218-4cfe-463c-a421-fb45f011bca8] Registry connection listener to current client:com.alibaba.nacos.client.naming.remote.gprc.redo.NamingGrpcRedoService
2024-07-07 15:02:50.019 [main] INFO  com.alibaba.nacos.common.remote.client - [acbe9218-4cfe-463c-a421-fb45f011bca8] Register server push request handler:com.alibaba.nacos.client.naming.remote.gprc.NamingPushRequestHandler
2024-07-07 15:02:50.019 [main] INFO  com.alibaba.nacos.common.remote.client - [acbe9218-4cfe-463c-a421-fb45f011bca8] Try to connect to server on start up, server: {serverIp = '110.41.141.141', server main port = 8848}
2024-07-07 15:02:50.019 [main] INFO  c.a.nacos.common.remote.client.grpc.GrpcClient - grpc client connection server:110.41.141.141 ip,serverPort:9848,grpcTslConfig:{"sslProvider":"OPENSSL","enableTls":false,"mutualAuthEnable":false,"trustAll":false}
2024-07-07 15:02:50.431 [main] INFO  com.alibaba.nacos.common.remote.client - [acbe9218-4cfe-463c-a421-fb45f011bca8] Success to connect to server [110.41.141.141:8848] on start up, connectionId = 1720335770241_115.200.49.133_58891
2024-07-07 15:02:50.431 [main] INFO  com.alibaba.nacos.common.remote.client - [acbe9218-4cfe-463c-a421-fb45f011bca8] Register server push request handler:com.alibaba.nacos.common.remote.client.RpcClient$ConnectResetRequestHandler
2024-07-07 15:02:50.431 [com.alibaba.nacos.client.remote.worker] INFO  com.alibaba.nacos.common.remote.client - [acbe9218-4cfe-463c-a421-fb45f011bca8] Notify connected event to listeners.
2024-07-07 15:02:50.431 [com.alibaba.nacos.client.remote.worker] INFO  com.alibaba.nacos.client.naming - Grpc connection connect
2024-07-07 15:02:50.431 [main] INFO  com.alibaba.nacos.common.remote.client - [acbe9218-4cfe-463c-a421-fb45f011bca8] Register server push request handler:com.alibaba.nacos.common.remote.client.RpcClient$$Lambda$596/0x0000028c014ee608
2024-07-07 15:02:50.431 [main] INFO  com.alibaba.nacos.client.naming - [REGISTER-SERVICE] webook registering service webook-oss with instance Instance{instanceId='null', ip='172.22.53.80', port=8081, weight=1.0, healthy=true, enabled=true, ephemeral=true, clusterName='DEFAULT', serviceName='null', metadata={IPv6=null, preserved.register.source=SPRING_CLOUD}}
2024-07-07 15:02:50.469 [main] INFO  c.a.cloud.nacos.registry.NacosServiceRegistry - nacos registry, DEFAULT_GROUP webook-oss 172.22.53.80:8081 register finished
2024-07-07 15:02:51.540 [main] INFO  org.springframework.cloud.commons.util.InetUtils - Cannot determine local hostname
2024-07-07 15:02:51.557 [main] INFO  com.jacob.micro.oss.biz.WeBookOssBizApplication - Started WeBookOssBizApplication in 8.781 seconds (process running for 11.736)
2024-07-07 15:02:51.560 [main] INFO  com.alibaba.nacos.client.config.impl.CacheData - nacos.cache.data.init.snapshot = true 
2024-07-07 15:02:51.560 [main] INFO  com.alibaba.nacos.client.config.impl.ClientWorker - [fixed-webook-110.41.141.141_8848] [subscribe] webook-oss+DEFAULT_GROUP+webook
2024-07-07 15:02:51.565 [main] INFO  com.alibaba.nacos.client.config.impl.CacheData - [fixed-webook-110.41.141.141_8848] [add-listener] ok, tenant=webook, dataId=webook-oss, group=DEFAULT_GROUP, cnt=1
2024-07-07 15:02:51.565 [main] INFO  c.a.cloud.nacos.refresh.NacosContextRefresher - [Nacos Config] Listening config: dataId=webook-oss, group=DEFAULT_GROUP
2024-07-07 15:02:51.565 [main] INFO  com.alibaba.nacos.client.config.impl.ClientWorker - [fixed-webook-110.41.141.141_8848] [subscribe] webook-oss.yaml+DEFAULT_GROUP+webook
2024-07-07 15:02:51.565 [main] INFO  com.alibaba.nacos.client.config.impl.CacheData - [fixed-webook-110.41.141.141_8848] [add-listener] ok, tenant=webook, dataId=webook-oss.yaml, group=DEFAULT_GROUP, cnt=1
2024-07-07 15:02:51.565 [main] INFO  c.a.cloud.nacos.refresh.NacosContextRefresher - [Nacos Config] Listening config: dataId=webook-oss.yaml, group=DEFAULT_GROUP
2024-07-07 15:02:51.572 [main] INFO  com.alibaba.nacos.client.config.impl.ClientWorker - [fixed-webook-110.41.141.141_8848] [subscribe] webook-oss-dev.yaml+DEFAULT_GROUP+webook
2024-07-07 15:02:51.572 [main] INFO  com.alibaba.nacos.client.config.impl.CacheData - [fixed-webook-110.41.141.141_8848] [add-listener] ok, tenant=webook, dataId=webook-oss-dev.yaml, group=DEFAULT_GROUP, cnt=1
2024-07-07 15:02:51.572 [main] INFO  c.a.cloud.nacos.refresh.NacosContextRefresher - [Nacos Config] Listening config: dataId=webook-oss-dev.yaml, group=DEFAULT_GROUP
2024-07-07 15:03:19.430 [http-nio-8081-exec-2] INFO  o.a.c.core.ContainerBase.[Tomcat].[localhost].[/] - Initializing Spring DispatcherServlet 'dispatcherServlet'
2024-07-07 15:03:19.430 [http-nio-8081-exec-2] INFO  org.springframework.web.servlet.DispatcherServlet - Initializing Servlet 'dispatcherServlet'
2024-07-07 15:03:19.432 [http-nio-8081-exec-2] INFO  org.springframework.web.servlet.DispatcherServlet - Completed initialization in 2 ms
2024-07-07 15:03:19.443 [http-nio-8081-exec-2] ERROR c.j.micro.oss.biz.exception.GlobalExceptionHandler - /file/upload request error, 
org.springframework.web.HttpMediaTypeNotSupportedException: Content-Type 'application/x-www-form-urlencoded' is not supported
	at org.springframework.web.servlet.mvc.method.RequestMappingInfoHandlerMapping.handleNoMatch(RequestMappingInfoHandlerMapping.java:280)
	at org.springframework.web.servlet.handler.AbstractHandlerMethodMapping.lookupHandlerMethod(AbstractHandlerMethodMapping.java:441)
	at org.springframework.web.servlet.handler.AbstractHandlerMethodMapping.getHandlerInternal(AbstractHandlerMethodMapping.java:382)
	at org.springframework.web.servlet.mvc.method.RequestMappingInfoHandlerMapping.getHandlerInternal(RequestMappingInfoHandlerMapping.java:126)
	at org.springframework.web.servlet.mvc.method.RequestMappingInfoHandlerMapping.getHandlerInternal(RequestMappingInfoHandlerMapping.java:68)
	at org.springframework.web.servlet.handler.AbstractHandlerMapping.getHandler(AbstractHandlerMapping.java:504)
	at org.springframework.web.servlet.DispatcherServlet.getHandler(DispatcherServlet.java:1274)
	at org.springframework.web.servlet.DispatcherServlet.doDispatch(DispatcherServlet.java:1056)
	at org.springframework.web.servlet.DispatcherServlet.doService(DispatcherServlet.java:973)
	at org.springframework.web.servlet.FrameworkServlet.processRequest(FrameworkServlet.java:1011)
	at org.springframework.web.servlet.FrameworkServlet.doPost(FrameworkServlet.java:914)
	at jakarta.servlet.http.HttpServlet.service(HttpServlet.java:731)
	at org.springframework.web.servlet.FrameworkServlet.service(FrameworkServlet.java:885)
	at jakarta.servlet.http.HttpServlet.service(HttpServlet.java:814)
	at org.apache.catalina.core.ApplicationFilterChain.internalDoFilter(ApplicationFilterChain.java:223)
	at org.apache.catalina.core.ApplicationFilterChain.doFilter(ApplicationFilterChain.java:158)
	at org.apache.tomcat.websocket.server.WsFilter.doFilter(WsFilter.java:53)
	at org.apache.catalina.core.ApplicationFilterChain.internalDoFilter(ApplicationFilterChain.java:185)
	at org.apache.catalina.core.ApplicationFilterChain.doFilter(ApplicationFilterChain.java:158)
	at org.springframework.web.filter.RequestContextFilter.doFilterInternal(RequestContextFilter.java:100)
	at org.springframework.web.filter.OncePerRequestFilter.doFilter(OncePerRequestFilter.java:116)
	at org.apache.catalina.core.ApplicationFilterChain.internalDoFilter(ApplicationFilterChain.java:185)
	at org.apache.catalina.core.ApplicationFilterChain.doFilter(ApplicationFilterChain.java:158)
	at org.springframework.web.filter.FormContentFilter.doFilterInternal(FormContentFilter.java:93)
	at org.springframework.web.filter.OncePerRequestFilter.doFilter(OncePerRequestFilter.java:116)
	at org.apache.catalina.core.ApplicationFilterChain.internalDoFilter(ApplicationFilterChain.java:185)
	at org.apache.catalina.core.ApplicationFilterChain.doFilter(ApplicationFilterChain.java:158)
	at org.springframework.web.filter.CharacterEncodingFilter.doFilterInternal(CharacterEncodingFilter.java:201)
	at org.springframework.web.filter.OncePerRequestFilter.doFilter(OncePerRequestFilter.java:116)
	at org.apache.catalina.core.ApplicationFilterChain.internalDoFilter(ApplicationFilterChain.java:185)
	at org.apache.catalina.core.ApplicationFilterChain.doFilter(ApplicationFilterChain.java:158)
	at org.apache.catalina.core.StandardWrapperValve.invoke(StandardWrapperValve.java:177)
	at org.apache.catalina.core.StandardContextValve.invoke(StandardContextValve.java:97)
	at org.apache.catalina.authenticator.AuthenticatorBase.invoke(AuthenticatorBase.java:542)
	at org.apache.catalina.core.StandardHostValve.invoke(StandardHostValve.java:119)
	at org.apache.catalina.valves.ErrorReportValve.invoke(ErrorReportValve.java:92)
	at org.apache.catalina.core.StandardEngineValve.invoke(StandardEngineValve.java:78)
	at org.apache.catalina.connector.CoyoteAdapter.service(CoyoteAdapter.java:357)
	at org.apache.coyote.http11.Http11Processor.service(Http11Processor.java:400)
	at org.apache.coyote.AbstractProcessorLight.process(AbstractProcessorLight.java:65)
	at org.apache.coyote.AbstractProtocol$ConnectionHandler.process(AbstractProtocol.java:859)
	at org.apache.tomcat.util.net.NioEndpoint$SocketProcessor.doRun(NioEndpoint.java:1734)
	at org.apache.tomcat.util.net.SocketProcessorBase.run(SocketProcessorBase.java:52)
	at org.apache.tomcat.util.threads.ThreadPoolExecutor.runWorker(ThreadPoolExecutor.java:1191)
	at org.apache.tomcat.util.threads.ThreadPoolExecutor$Worker.run(ThreadPoolExecutor.java:659)
	at org.apache.tomcat.util.threads.TaskThread$WrappingRunnable.run(TaskThread.java:61)
	at java.base/java.lang.Thread.run(Thread.java:842)
2024-07-07 15:09:57.144 [http-nio-8081-exec-7] ERROR c.j.micro.oss.biz.exception.GlobalExceptionHandler - /file/upload request error, 
org.springframework.web.HttpMediaTypeNotSupportedException: Content-Type 'application/x-www-form-urlencoded' is not supported
	at org.springframework.web.servlet.mvc.method.RequestMappingInfoHandlerMapping.handleNoMatch(RequestMappingInfoHandlerMapping.java:280)
	at org.springframework.web.servlet.handler.AbstractHandlerMethodMapping.lookupHandlerMethod(AbstractHandlerMethodMapping.java:441)
	at org.springframework.web.servlet.handler.AbstractHandlerMethodMapping.getHandlerInternal(AbstractHandlerMethodMapping.java:382)
	at org.springframework.web.servlet.mvc.method.RequestMappingInfoHandlerMapping.getHandlerInternal(RequestMappingInfoHandlerMapping.java:126)
	at org.springframework.web.servlet.mvc.method.RequestMappingInfoHandlerMapping.getHandlerInternal(RequestMappingInfoHandlerMapping.java:68)
	at org.springframework.web.servlet.handler.AbstractHandlerMapping.getHandler(AbstractHandlerMapping.java:504)
	at org.springframework.web.servlet.DispatcherServlet.getHandler(DispatcherServlet.java:1274)
	at org.springframework.web.servlet.DispatcherServlet.doDispatch(DispatcherServlet.java:1056)
	at org.springframework.web.servlet.DispatcherServlet.doService(DispatcherServlet.java:973)
	at org.springframework.web.servlet.FrameworkServlet.processRequest(FrameworkServlet.java:1011)
	at org.springframework.web.servlet.FrameworkServlet.doPost(FrameworkServlet.java:914)
	at jakarta.servlet.http.HttpServlet.service(HttpServlet.java:731)
	at org.springframework.web.servlet.FrameworkServlet.service(FrameworkServlet.java:885)
	at jakarta.servlet.http.HttpServlet.service(HttpServlet.java:814)
	at org.apache.catalina.core.ApplicationFilterChain.internalDoFilter(ApplicationFilterChain.java:223)
	at org.apache.catalina.core.ApplicationFilterChain.doFilter(ApplicationFilterChain.java:158)
	at org.apache.tomcat.websocket.server.WsFilter.doFilter(WsFilter.java:53)
	at org.apache.catalina.core.ApplicationFilterChain.internalDoFilter(ApplicationFilterChain.java:185)
	at org.apache.catalina.core.ApplicationFilterChain.doFilter(ApplicationFilterChain.java:158)
	at org.springframework.web.filter.RequestContextFilter.doFilterInternal(RequestContextFilter.java:100)
	at org.springframework.web.filter.OncePerRequestFilter.doFilter(OncePerRequestFilter.java:116)
	at org.apache.catalina.core.ApplicationFilterChain.internalDoFilter(ApplicationFilterChain.java:185)
	at org.apache.catalina.core.ApplicationFilterChain.doFilter(ApplicationFilterChain.java:158)
	at org.springframework.web.filter.FormContentFilter.doFilterInternal(FormContentFilter.java:93)
	at org.springframework.web.filter.OncePerRequestFilter.doFilter(OncePerRequestFilter.java:116)
	at org.apache.catalina.core.ApplicationFilterChain.internalDoFilter(ApplicationFilterChain.java:185)
	at org.apache.catalina.core.ApplicationFilterChain.doFilter(ApplicationFilterChain.java:158)
	at org.springframework.web.filter.CharacterEncodingFilter.doFilterInternal(CharacterEncodingFilter.java:201)
	at org.springframework.web.filter.OncePerRequestFilter.doFilter(OncePerRequestFilter.java:116)
	at org.apache.catalina.core.ApplicationFilterChain.internalDoFilter(ApplicationFilterChain.java:185)
	at org.apache.catalina.core.ApplicationFilterChain.doFilter(ApplicationFilterChain.java:158)
	at org.apache.catalina.core.StandardWrapperValve.invoke(StandardWrapperValve.java:177)
	at org.apache.catalina.core.StandardContextValve.invoke(StandardContextValve.java:97)
	at org.apache.catalina.authenticator.AuthenticatorBase.invoke(AuthenticatorBase.java:542)
	at org.apache.catalina.core.StandardHostValve.invoke(StandardHostValve.java:119)
	at org.apache.catalina.valves.ErrorReportValve.invoke(ErrorReportValve.java:92)
	at org.apache.catalina.core.StandardEngineValve.invoke(StandardEngineValve.java:78)
	at org.apache.catalina.connector.CoyoteAdapter.service(CoyoteAdapter.java:357)
	at org.apache.coyote.http11.Http11Processor.service(Http11Processor.java:400)
	at org.apache.coyote.AbstractProcessorLight.process(AbstractProcessorLight.java:65)
	at org.apache.coyote.AbstractProtocol$ConnectionHandler.process(AbstractProtocol.java:859)
	at org.apache.tomcat.util.net.NioEndpoint$SocketProcessor.doRun(NioEndpoint.java:1734)
	at org.apache.tomcat.util.net.SocketProcessorBase.run(SocketProcessorBase.java:52)
	at org.apache.tomcat.util.threads.ThreadPoolExecutor.runWorker(ThreadPoolExecutor.java:1191)
	at org.apache.tomcat.util.threads.ThreadPoolExecutor$Worker.run(ThreadPoolExecutor.java:659)
	at org.apache.tomcat.util.threads.TaskThread$WrappingRunnable.run(TaskThread.java:61)
	at java.base/java.lang.Thread.run(Thread.java:842)
2024-07-07 15:10:16.893 [http-nio-8081-exec-9] INFO  c.j.micro.oss.biz.strategy.impl.MinioFileStrategy - ## 上传文件至 Minio ...
2024-07-07 15:10:16.894 [http-nio-8081-exec-9] INFO  c.j.micro.oss.biz.strategy.impl.MinioFileStrategy - ==> 开始上传文件至 Minio, ObjectName: c6d16718447f4d2f902c848fad609f3b.png
2024-07-07 15:10:17.444 [http-nio-8081-exec-9] INFO  c.j.micro.oss.biz.strategy.impl.MinioFileStrategy - ==> 上传文件至 Minio 成功，访问路径: http://110.41.141.141:9000/webook/c6d16718447f4d2f902c848fad609f3b.png
2024-07-07 15:10:27.260 [http-nio-8081-exec-10] INFO  c.j.micro.oss.biz.strategy.impl.MinioFileStrategy - ## 上传文件至 Minio ...
2024-07-07 15:10:27.260 [http-nio-8081-exec-10] INFO  c.j.micro.oss.biz.strategy.impl.MinioFileStrategy - ==> 开始上传文件至 Minio, ObjectName: f1eaadf599fa451b96cb4d280adfe590.png
2024-07-07 15:10:27.308 [http-nio-8081-exec-10] INFO  c.j.micro.oss.biz.strategy.impl.MinioFileStrategy - ==> 上传文件至 Minio 成功，访问路径: http://110.41.141.141:9000/webook/f1eaadf599fa451b96cb4d280adfe590.png
2024-07-07 15:12:30.342 [Thread-2] WARN  c.alibaba.nacos.common.http.HttpClientBeanHolder - [HttpClientBeanHolder] Start destroying common HttpClient
2024-07-07 15:12:30.343 [Thread-9] WARN  com.alibaba.nacos.common.notify.NotifyCenter - [NotifyCenter] Start destroying Publisher
2024-07-07 15:12:30.343 [Thread-9] WARN  com.alibaba.nacos.common.notify.NotifyCenter - [NotifyCenter] Destruction of the end
2024-07-07 15:12:30.343 [Thread-2] WARN  c.alibaba.nacos.common.http.HttpClientBeanHolder - [HttpClientBeanHolder] Destruction of the end
2024-07-07 15:12:30.363 [SpringApplicationShutdownHook] INFO  c.a.cloud.nacos.registry.NacosServiceRegistry - De-registering from Nacos Server now...
2024-07-07 15:12:30.364 [SpringApplicationShutdownHook] INFO  com.alibaba.nacos.client.naming - [DEREGISTER-SERVICE] webook deregistering service webook-oss with instance: Instance{instanceId='null', ip='172.22.53.80', port=8081, weight=1.0, healthy=true, enabled=true, ephemeral=true, clusterName='DEFAULT', serviceName='null', metadata={}}
2024-07-07 15:12:30.403 [SpringApplicationShutdownHook] INFO  c.a.cloud.nacos.registry.NacosServiceRegistry - De-registration finished.
2024-07-07 15:12:30.403 [SpringApplicationShutdownHook] INFO  com.alibaba.nacos.client.naming - com.alibaba.nacos.client.naming.cache.ServiceInfoHolder do shutdown begin
2024-07-07 15:12:30.403 [SpringApplicationShutdownHook] INFO  com.alibaba.nacos.client.naming - com.alibaba.nacos.client.naming.backups.FailoverReactor do shutdown begin
2024-07-07 15:12:30.404 [SpringApplicationShutdownHook] INFO  com.alibaba.nacos.client.naming - com.alibaba.nacos.client.naming.backups.FailoverReactor do shutdown stop
2024-07-07 15:12:30.404 [SpringApplicationShutdownHook] INFO  com.alibaba.nacos.client.naming - com.alibaba.nacos.client.naming.cache.ServiceInfoHolder do shutdown stop
2024-07-07 15:12:30.404 [SpringApplicationShutdownHook] INFO  com.alibaba.nacos.client.naming - com.alibaba.nacos.client.naming.remote.NamingClientProxyDelegate do shutdown begin
2024-07-07 15:12:30.404 [SpringApplicationShutdownHook] INFO  com.alibaba.nacos.client.naming - com.alibaba.nacos.client.naming.core.ServiceInfoUpdateService do shutdown begin
2024-07-07 15:12:30.404 [SpringApplicationShutdownHook] INFO  com.alibaba.nacos.client.naming - com.alibaba.nacos.client.naming.core.ServiceInfoUpdateService do shutdown stop
2024-07-07 15:12:30.404 [SpringApplicationShutdownHook] INFO  com.alibaba.nacos.client.naming - com.alibaba.nacos.client.naming.core.ServerListManager do shutdown begin
2024-07-07 15:12:30.404 [SpringApplicationShutdownHook] WARN  com.alibaba.nacos.client.naming - [NamingHttpClientManager] Start destroying NacosRestTemplate
2024-07-07 15:12:30.404 [SpringApplicationShutdownHook] WARN  com.alibaba.nacos.client.naming - [NamingHttpClientManager] Destruction of the end
2024-07-07 15:12:30.404 [SpringApplicationShutdownHook] INFO  com.alibaba.nacos.client.naming - com.alibaba.nacos.client.naming.core.ServerListManager do shutdown stop
2024-07-07 15:12:30.404 [SpringApplicationShutdownHook] INFO  com.alibaba.nacos.client.naming - com.alibaba.nacos.client.naming.remote.http.NamingHttpClientProxy do shutdown begin
2024-07-07 15:12:30.404 [SpringApplicationShutdownHook] WARN  com.alibaba.nacos.client.naming - [NamingHttpClientManager] Start destroying NacosRestTemplate
2024-07-07 15:12:30.404 [SpringApplicationShutdownHook] WARN  com.alibaba.nacos.client.naming - [NamingHttpClientManager] Destruction of the end
2024-07-07 15:12:30.404 [SpringApplicationShutdownHook] INFO  com.alibaba.nacos.client.naming - com.alibaba.nacos.client.naming.remote.http.NamingHttpClientProxy do shutdown stop
2024-07-07 15:12:30.404 [SpringApplicationShutdownHook] INFO  com.alibaba.nacos.common.remote.client - Shutdown rpc client, set status to shutdown
2024-07-07 15:12:30.404 [SpringApplicationShutdownHook] INFO  com.alibaba.nacos.common.remote.client - Shutdown client event executor java.util.concurrent.ScheduledThreadPoolExecutor@53cb2969[Running, pool size = 2, active threads = 2, queued tasks = 0, completed tasks = 0]
2024-07-07 15:12:30.404 [SpringApplicationShutdownHook] INFO  com.alibaba.nacos.common.remote.client - Close current connection 1720335770241_115.200.49.133_58891
2024-07-07 15:12:30.406 [nacos-grpc-client-executor-110.41.141.141-124] WARN  c.a.nacos.common.remote.client.grpc.GrpcClient - [1720335770241_115.200.49.133_58891]Ignore error event,isRunning:false,isAbandon=false
2024-07-07 15:12:30.407 [SpringApplicationShutdownHook] INFO  c.a.nacos.common.remote.client.grpc.GrpcClient - Shutdown grpc executor java.util.concurrent.ThreadPoolExecutor@157f0ba0[Running, pool size = 4, active threads = 0, queued tasks = 0, completed tasks = 125]
2024-07-07 15:12:30.407 [SpringApplicationShutdownHook] INFO  com.alibaba.nacos.client.naming - Shutdown grpc redo service executor java.util.concurrent.ScheduledThreadPoolExecutor@3cf4cffc[Running, pool size = 1, active threads = 0, queued tasks = 1, completed tasks = 192]
2024-07-07 15:12:30.407 [SpringApplicationShutdownHook] INFO  c.a.n.client.auth.ram.identify.CredentialWatcher - [null] CredentialWatcher is stopped
2024-07-07 15:12:30.407 [SpringApplicationShutdownHook] INFO  c.a.n.client.auth.ram.identify.CredentialService - [null] CredentialService is freed
2024-07-07 15:12:30.407 [SpringApplicationShutdownHook] INFO  com.alibaba.nacos.client.naming - com.alibaba.nacos.client.naming.remote.NamingClientProxyDelegate do shutdown stop
2024-07-07 15:12:35.167 [main] WARN  com.alibaba.nacos.client.logging.NacosLogging - Load Logback Configuration of Nacos fail, message: Could not initialize Logback Nacos logging from classpath:nacos-logback.xml
2024-07-07 15:12:35.222 [main] WARN  com.alibaba.nacos.client.logging.NacosLogging - Load Logback Configuration of Nacos fail, message: Could not initialize Logback Nacos logging from classpath:nacos-logback.xml
2024-07-07 15:12:35.418 [main] WARN  com.alibaba.nacos.client.logging.NacosLogging - Load Logback Configuration of Nacos fail, message: Could not initialize Logback Nacos logging from classpath:nacos-logback.xml
2024-07-07 15:12:35.419 [main] INFO  com.alibaba.nacos.client.utils.ParamUtil - [settings] [req-serv] nacos-server port:8848
2024-07-07 15:12:35.419 [main] INFO  com.alibaba.nacos.client.utils.ParamUtil - [settings] [http-client] connect timeout:1000
2024-07-07 15:12:35.420 [main] INFO  com.alibaba.nacos.client.utils.ParamUtil - PER_TASK_CONFIG_SIZE: 3000.0
2024-07-07 15:12:35.438 [main] INFO  c.a.n.p.auth.spi.client.ClientAuthPluginManager - [ClientAuthPluginManager] Load ClientAuthService com.alibaba.nacos.client.auth.impl.NacosClientAuthServiceImpl success.
2024-07-07 15:12:35.438 [main] INFO  c.a.n.p.auth.spi.client.ClientAuthPluginManager - [ClientAuthPluginManager] Load ClientAuthService com.alibaba.nacos.client.auth.ram.RamClientAuthServiceImpl success.
2024-07-07 15:12:35.441 [main] INFO  c.a.n.client.auth.ram.identify.CredentialWatcher - null No credential found
2024-07-07 15:12:36.595 [main] WARN  com.alibaba.nacos.client.logging.NacosLogging - Load Logback Configuration of Nacos fail, message: Could not initialize Logback Nacos logging from classpath:nacos-logback.xml
2024-07-07 15:12:36.604 [main] INFO  c.a.n.client.config.impl.LocalConfigInfoProcessor - LOCAL_SNAPSHOT_PATH:C:\Users\姜文武\nacos\config
2024-07-07 15:12:36.607 [main] INFO  com.alibaba.nacos.common.remote.client - [RpcClientFactory] create a new rpc client of d120634e-b14a-46bd-96f6-2c370e9dfc70_config-0
2024-07-07 15:12:36.620 [main] INFO  com.alibaba.nacos.common.remote.client - [d120634e-b14a-46bd-96f6-2c370e9dfc70_config-0] Register server push request handler:com.alibaba.nacos.client.config.impl.ClientWorker$ConfigRpcTransportClient$$Lambda$587/0x000002348138efa8
2024-07-07 15:12:36.620 [main] INFO  com.alibaba.nacos.common.remote.client - [d120634e-b14a-46bd-96f6-2c370e9dfc70_config-0] Register server push request handler:com.alibaba.nacos.client.config.impl.ClientWorker$ConfigRpcTransportClient$$Lambda$588/0x000002348138f3c8
2024-07-07 15:12:36.621 [main] INFO  com.alibaba.nacos.common.remote.client - [d120634e-b14a-46bd-96f6-2c370e9dfc70_config-0] Registry connection listener to current client:com.alibaba.nacos.client.config.impl.ClientWorker$ConfigRpcTransportClient$1
2024-07-07 15:12:36.621 [main] INFO  com.alibaba.nacos.common.remote.client - [d120634e-b14a-46bd-96f6-2c370e9dfc70_config-0] RpcClient init, ServerListFactory = com.alibaba.nacos.client.config.impl.ClientWorker$ConfigRpcTransportClient$2
2024-07-07 15:12:36.626 [main] INFO  com.alibaba.nacos.common.remote.client - [d120634e-b14a-46bd-96f6-2c370e9dfc70_config-0] Try to connect to server on start up, server: {serverIp = '110.41.141.141', server main port = 8848}
2024-07-07 15:12:36.649 [main] INFO  c.a.nacos.common.remote.client.grpc.GrpcClient - grpc client connection server:110.41.141.141 ip,serverPort:9848,grpcTslConfig:{"sslProvider":"OPENSSL","enableTls":false,"mutualAuthEnable":false,"trustAll":false}
2024-07-07 15:12:37.296 [main] INFO  com.alibaba.nacos.common.remote.client - [d120634e-b14a-46bd-96f6-2c370e9dfc70_config-0] Success to connect to server [110.41.141.141:8848] on start up, connectionId = 1720336357070_115.200.49.133_59663
2024-07-07 15:12:37.297 [com.alibaba.nacos.client.remote.worker] INFO  com.alibaba.nacos.common.remote.client - [d120634e-b14a-46bd-96f6-2c370e9dfc70_config-0] Notify connected event to listeners.
2024-07-07 15:12:37.297 [com.alibaba.nacos.client.remote.worker] INFO  com.alibaba.nacos.client.config.impl.ClientWorker - [d120634e-b14a-46bd-96f6-2c370e9dfc70_config-0] Connected,notify listen context...
2024-07-07 15:12:37.297 [main] INFO  com.alibaba.nacos.common.remote.client - [d120634e-b14a-46bd-96f6-2c370e9dfc70_config-0] Register server push request handler:com.alibaba.nacos.common.remote.client.RpcClient$ConnectResetRequestHandler
2024-07-07 15:12:37.297 [main] INFO  com.alibaba.nacos.common.remote.client - [d120634e-b14a-46bd-96f6-2c370e9dfc70_config-0] Register server push request handler:com.alibaba.nacos.common.remote.client.RpcClient$$Lambda$608/0x00000234814d6a28
2024-07-07 15:12:37.327 [main] INFO  com.alibaba.nacos.client.config.impl.Limiter - limitTime:5.0
2024-07-07 15:12:37.365 [main] WARN  c.a.cloud.nacos.client.NacosPropertySourceBuilder - Ignore the empty nacos configuration and get it based on dataId[webook-oss] & group[DEFAULT_GROUP]
2024-07-07 15:12:37.397 [main] WARN  c.a.cloud.nacos.client.NacosPropertySourceBuilder - Ignore the empty nacos configuration and get it based on dataId[webook-oss.yaml] & group[DEFAULT_GROUP]
2024-07-07 15:12:37.431 [main] INFO  com.alibaba.nacos.client.config.utils.JvmUtil - isMultiInstance:false
2024-07-07 15:12:37.434 [main] INFO  o.s.c.b.c.PropertySourceBootstrapConfiguration - Located property source: [BootstrapPropertySource {name='bootstrapProperties-webook-oss-dev.yaml,DEFAULT_GROUP'}, BootstrapPropertySource {name='bootstrapProperties-webook-oss.yaml,DEFAULT_GROUP'}, BootstrapPropertySource {name='bootstrapProperties-webook-oss,DEFAULT_GROUP'}]
2024-07-07 15:12:37.438 [main] WARN  com.alibaba.nacos.client.logging.NacosLogging - Load Logback Configuration of Nacos fail, message: Could not initialize Logback Nacos logging from classpath:nacos-logback.xml
2024-07-07 15:12:37.439 [main] INFO  com.jacob.micro.oss.biz.WeBookOssBizApplication - The following 1 profile is active: "dev"
2024-07-07 15:12:37.790 [main] INFO  o.springframework.cloud.context.scope.GenericScope - BeanFactory id=575e58c7-4078-3879-b56e-f75237ce00c1
2024-07-07 15:12:37.935 [main] INFO  o.s.boot.web.embedded.tomcat.TomcatWebServer - Tomcat initialized with port(s): 8081 (http)
2024-07-07 15:12:37.936 [main] INFO  org.apache.catalina.core.AprLifecycleListener - An older version [1.2.34] of the Apache Tomcat Native library is installed, while Tomcat recommends a minimum version of [2.0.1]
2024-07-07 15:12:37.936 [main] INFO  org.apache.catalina.core.AprLifecycleListener - Loaded Apache Tomcat Native library [1.2.34] using APR version [1.7.0].
2024-07-07 15:12:37.938 [main] INFO  org.apache.catalina.core.AprLifecycleListener - OpenSSL successfully initialized [OpenSSL 1.1.1o  3 May 2022]
2024-07-07 15:12:37.945 [main] INFO  org.apache.catalina.core.StandardService - Starting service [Tomcat]
2024-07-07 15:12:37.945 [main] INFO  org.apache.catalina.core.StandardEngine - Starting Servlet engine: [Apache Tomcat/10.1.5]
2024-07-07 15:12:37.994 [main] INFO  o.a.c.core.ContainerBase.[Tomcat].[localhost].[/] - Initializing Spring embedded WebApplicationContext
2024-07-07 15:12:37.994 [main] INFO  o.s.b.w.s.c.ServletWebServerApplicationContext - Root WebApplicationContext: initialization completed in 543 ms
2024-07-07 15:12:39.600 [main] INFO  org.springframework.cloud.commons.util.InetUtils - Cannot determine local hostname
2024-07-07 15:12:40.817 [main] INFO  org.springframework.cloud.commons.util.InetUtils - Cannot determine local hostname
2024-07-07 15:12:40.856 [main] INFO  o.s.boot.web.embedded.tomcat.TomcatWebServer - Tomcat started on port(s): 8081 (http) with context path ''
2024-07-07 15:12:40.859 [main] INFO  com.alibaba.nacos.client.naming - initializer namespace from ans.namespace attribute : null
2024-07-07 15:12:40.860 [main] INFO  com.alibaba.nacos.client.naming - initializer namespace from ALIBABA_ALIWARE_NAMESPACE attribute :null
2024-07-07 15:12:40.860 [main] INFO  com.alibaba.nacos.client.naming - initializer namespace from namespace attribute :null
2024-07-07 15:12:40.865 [main] INFO  c.a.n.p.auth.spi.client.ClientAuthPluginManager - [ClientAuthPluginManager] Load ClientAuthService com.alibaba.nacos.client.auth.impl.NacosClientAuthServiceImpl success.
2024-07-07 15:12:40.865 [main] INFO  c.a.n.p.auth.spi.client.ClientAuthPluginManager - [ClientAuthPluginManager] Load ClientAuthService com.alibaba.nacos.client.auth.ram.RamClientAuthServiceImpl success.
2024-07-07 15:12:40.868 [main] INFO  com.alibaba.nacos.common.remote.client - [RpcClientFactory] create a new rpc client of 321e3b29-7d65-4898-aab3-dc3158823fec
2024-07-07 15:12:40.869 [main] INFO  com.alibaba.nacos.common.remote.client - [321e3b29-7d65-4898-aab3-dc3158823fec] RpcClient init, ServerListFactory = com.alibaba.nacos.client.naming.core.ServerListManager
2024-07-07 15:12:40.870 [main] INFO  com.alibaba.nacos.common.remote.client - [321e3b29-7d65-4898-aab3-dc3158823fec] Registry connection listener to current client:com.alibaba.nacos.client.naming.remote.gprc.redo.NamingGrpcRedoService
2024-07-07 15:12:40.870 [main] INFO  com.alibaba.nacos.common.remote.client - [321e3b29-7d65-4898-aab3-dc3158823fec] Register server push request handler:com.alibaba.nacos.client.naming.remote.gprc.NamingPushRequestHandler
2024-07-07 15:12:40.870 [main] INFO  com.alibaba.nacos.common.remote.client - [321e3b29-7d65-4898-aab3-dc3158823fec] Try to connect to server on start up, server: {serverIp = '110.41.141.141', server main port = 8848}
2024-07-07 15:12:40.870 [main] INFO  c.a.nacos.common.remote.client.grpc.GrpcClient - grpc client connection server:110.41.141.141 ip,serverPort:9848,grpcTslConfig:{"sslProvider":"OPENSSL","enableTls":false,"mutualAuthEnable":false,"trustAll":false}
2024-07-07 15:12:41.176 [main] INFO  com.alibaba.nacos.common.remote.client - [321e3b29-7d65-4898-aab3-dc3158823fec] Success to connect to server [110.41.141.141:8848] on start up, connectionId = 1720336360888_115.200.49.133_59665
2024-07-07 15:12:41.176 [com.alibaba.nacos.client.remote.worker] INFO  com.alibaba.nacos.common.remote.client - [321e3b29-7d65-4898-aab3-dc3158823fec] Notify connected event to listeners.
2024-07-07 15:12:41.176 [main] INFO  com.alibaba.nacos.common.remote.client - [321e3b29-7d65-4898-aab3-dc3158823fec] Register server push request handler:com.alibaba.nacos.common.remote.client.RpcClient$ConnectResetRequestHandler
2024-07-07 15:12:41.176 [main] INFO  com.alibaba.nacos.common.remote.client - [321e3b29-7d65-4898-aab3-dc3158823fec] Register server push request handler:com.alibaba.nacos.common.remote.client.RpcClient$$Lambda$608/0x00000234814d6a28
2024-07-07 15:12:41.176 [com.alibaba.nacos.client.remote.worker] INFO  com.alibaba.nacos.client.naming - Grpc connection connect
2024-07-07 15:12:41.177 [main] INFO  com.alibaba.nacos.client.naming - [REGISTER-SERVICE] webook registering service webook-oss with instance Instance{instanceId='null', ip='172.22.53.80', port=8081, weight=1.0, healthy=true, enabled=true, ephemeral=true, clusterName='DEFAULT', serviceName='null', metadata={IPv6=null, preserved.register.source=SPRING_CLOUD}}
2024-07-07 15:12:41.223 [main] ERROR com.alibaba.nacos.common.remote.client - Connection is unregistered, switch server, connectionId = 1720336360888_115.200.49.133_59665, request = InstanceRequest
2024-07-07 15:12:41.224 [com.alibaba.nacos.client.remote.worker] INFO  com.alibaba.nacos.common.remote.client - [321e3b29-7d65-4898-aab3-dc3158823fec] Try to reconnect to a new server, server is  not appointed, will choose a random server.
2024-07-07 15:12:41.224 [com.alibaba.nacos.client.remote.worker] INFO  c.a.nacos.common.remote.client.grpc.GrpcClient - grpc client connection server:110.41.141.141 ip,serverPort:9848,grpcTslConfig:{"sslProvider":"OPENSSL","enableTls":false,"mutualAuthEnable":false,"trustAll":false}
2024-07-07 15:12:41.332 [main] ERROR com.alibaba.nacos.common.remote.client - Send request fail, request = InstanceRequest{headers={app=unknown}, requestId='null'}, retryTimes = 0, errorMessage = Connection is unregistered.
2024-07-07 15:12:41.410 [com.alibaba.nacos.client.remote.worker] INFO  com.alibaba.nacos.common.remote.client - [321e3b29-7d65-4898-aab3-dc3158823fec] Success to connect a server [110.41.141.141:8848], connectionId = 1720336361235_115.200.49.133_59666
2024-07-07 15:12:41.410 [com.alibaba.nacos.client.remote.worker] INFO  com.alibaba.nacos.common.remote.client - [321e3b29-7d65-4898-aab3-dc3158823fec] Abandon prev connection, server is 110.41.141.141:8848, connectionId is 1720336360888_115.200.49.133_59665
2024-07-07 15:12:41.410 [com.alibaba.nacos.client.remote.worker] INFO  com.alibaba.nacos.common.remote.client - Close current connection 1720336360888_115.200.49.133_59665
2024-07-07 15:12:41.412 [nacos-grpc-client-executor-110.41.141.141-14] WARN  c.a.nacos.common.remote.client.grpc.GrpcClient - [1720336360888_115.200.49.133_59665]Ignore error event,isRunning:false,isAbandon=true
2024-07-07 15:12:41.413 [com.alibaba.nacos.client.remote.worker] INFO  com.alibaba.nacos.common.remote.client - [321e3b29-7d65-4898-aab3-dc3158823fec] Notify disconnected event to listeners
2024-07-07 15:12:41.413 [com.alibaba.nacos.client.remote.worker] WARN  com.alibaba.nacos.client.naming - Grpc connection disconnect, mark to redo
2024-07-07 15:12:41.414 [com.alibaba.nacos.client.remote.worker] WARN  com.alibaba.nacos.client.naming - mark to redo completed
2024-07-07 15:12:41.414 [com.alibaba.nacos.client.remote.worker] INFO  com.alibaba.nacos.common.remote.client - [321e3b29-7d65-4898-aab3-dc3158823fec] Notify connected event to listeners.
2024-07-07 15:12:41.414 [com.alibaba.nacos.client.remote.worker] INFO  com.alibaba.nacos.client.naming - Grpc connection connect
2024-07-07 15:12:41.440 [main] ERROR com.alibaba.nacos.common.remote.client - Send request fail, request = InstanceRequest{headers={app=unknown}, requestId='null'}, retryTimes = 1, errorMessage = Client not connected, current status:UNHEALTHY
2024-07-07 15:12:41.469 [main] INFO  c.a.cloud.nacos.registry.NacosServiceRegistry - nacos registry, DEFAULT_GROUP webook-oss 172.22.53.80:8081 register finished
2024-07-07 15:12:42.545 [main] INFO  org.springframework.cloud.commons.util.InetUtils - Cannot determine local hostname
2024-07-07 15:12:42.557 [main] INFO  com.jacob.micro.oss.biz.WeBookOssBizApplication - Started WeBookOssBizApplication in 8.809 seconds (process running for 9.146)
2024-07-07 15:12:42.559 [main] INFO  com.alibaba.nacos.client.config.impl.CacheData - nacos.cache.data.init.snapshot = true 
2024-07-07 15:12:42.559 [main] INFO  com.alibaba.nacos.client.config.impl.ClientWorker - [fixed-webook-110.41.141.141_8848] [subscribe] webook-oss+DEFAULT_GROUP+webook
2024-07-07 15:12:42.567 [main] INFO  com.alibaba.nacos.client.config.impl.CacheData - [fixed-webook-110.41.141.141_8848] [add-listener] ok, tenant=webook, dataId=webook-oss, group=DEFAULT_GROUP, cnt=1
2024-07-07 15:12:42.567 [main] INFO  c.a.cloud.nacos.refresh.NacosContextRefresher - [Nacos Config] Listening config: dataId=webook-oss, group=DEFAULT_GROUP
2024-07-07 15:12:42.567 [main] INFO  com.alibaba.nacos.client.config.impl.ClientWorker - [fixed-webook-110.41.141.141_8848] [subscribe] webook-oss.yaml+DEFAULT_GROUP+webook
2024-07-07 15:12:42.568 [main] INFO  com.alibaba.nacos.client.config.impl.CacheData - [fixed-webook-110.41.141.141_8848] [add-listener] ok, tenant=webook, dataId=webook-oss.yaml, group=DEFAULT_GROUP, cnt=1
2024-07-07 15:12:42.568 [main] INFO  c.a.cloud.nacos.refresh.NacosContextRefresher - [Nacos Config] Listening config: dataId=webook-oss.yaml, group=DEFAULT_GROUP
2024-07-07 15:12:42.574 [main] INFO  com.alibaba.nacos.client.config.impl.ClientWorker - [fixed-webook-110.41.141.141_8848] [subscribe] webook-oss-dev.yaml+DEFAULT_GROUP+webook
2024-07-07 15:12:42.574 [main] INFO  com.alibaba.nacos.client.config.impl.CacheData - [fixed-webook-110.41.141.141_8848] [add-listener] ok, tenant=webook, dataId=webook-oss-dev.yaml, group=DEFAULT_GROUP, cnt=1
2024-07-07 15:12:42.574 [main] INFO  c.a.cloud.nacos.refresh.NacosContextRefresher - [Nacos Config] Listening config: dataId=webook-oss-dev.yaml, group=DEFAULT_GROUP
2024-07-07 15:14:11.429 [nacos-grpc-client-executor-110.41.141.141-29] INFO  com.alibaba.nacos.common.remote.client - [d120634e-b14a-46bd-96f6-2c370e9dfc70_config-0] Receive server push request, request = ConfigChangeNotifyRequest, requestId = 1
2024-07-07 15:14:11.429 [nacos-grpc-client-executor-110.41.141.141-29] INFO  com.alibaba.nacos.client.config.impl.ClientWorker - [d120634e-b14a-46bd-96f6-2c370e9dfc70_config-0] [server-push] config changed. dataId=webook-oss-dev.yaml, group=DEFAULT_GROUP,tenant=webook
2024-07-07 15:14:11.429 [nacos-grpc-client-executor-110.41.141.141-29] INFO  com.alibaba.nacos.common.remote.client - [d120634e-b14a-46bd-96f6-2c370e9dfc70_config-0] Ack server push request, request = ConfigChangeNotifyRequest, requestId = 1
2024-07-07 15:14:11.507 [com.alibaba.nacos.client.Worker] INFO  com.alibaba.nacos.client.config.impl.ClientWorker - [fixed-webook-110.41.141.141_8848] [data-received] dataId=webook-oss-dev.yaml, group=DEFAULT_GROUP, tenant=webook, md5=29791a656f8631e7b2d9aafbe450b34a, content=storage:
  type: aliyun # 对象存储类型, type=yaml
2024-07-07 15:14:11.508 [com.alibaba.nacos.client.Worker] INFO  com.alibaba.nacos.client.config.impl.CacheData - [fixed-webook-110.41.141.141_8848] [notify-listener] time cost=0ms in ClientWorker, dataId=webook-oss-dev.yaml, group=DEFAULT_GROUP, md5=29791a656f8631e7b2d9aafbe450b34a, listener=com.alibaba.cloud.nacos.refresh.NacosContextRefresher$1@1ba54122 
2024-07-07 15:14:11.509 [nacos.client.cachedata.internal.notifier] INFO  com.alibaba.nacos.client.config.impl.CacheData - [fixed-webook-110.41.141.141_8848] [notify-context] dataId=webook-oss-dev.yaml, group=DEFAULT_GROUP, md5=29791a656f8631e7b2d9aafbe450b34a
2024-07-07 15:14:12.677 [nacos.client.cachedata.internal.notifier] INFO  org.springframework.cloud.commons.util.InetUtils - Cannot determine local hostname
2024-07-07 15:14:12.704 [nacos.client.cachedata.internal.notifier] WARN  com.alibaba.nacos.client.logging.NacosLogging - Load Logback Configuration of Nacos fail, message: Could not initialize Logback Nacos logging from classpath:nacos-logback.xml
2024-07-07 15:14:12.709 [nacos.client.cachedata.internal.notifier] WARN  com.alibaba.nacos.client.logging.NacosLogging - Load Logback Configuration of Nacos fail, message: Could not initialize Logback Nacos logging from classpath:nacos-logback.xml
2024-07-07 15:14:12.770 [nacos.client.cachedata.internal.notifier] WARN  com.alibaba.nacos.client.logging.NacosLogging - Load Logback Configuration of Nacos fail, message: Could not initialize Logback Nacos logging from classpath:nacos-logback.xml
2024-07-07 15:14:12.809 [nacos.client.cachedata.internal.notifier] WARN  c.a.cloud.nacos.client.NacosPropertySourceBuilder - Ignore the empty nacos configuration and get it based on dataId[webook-oss] & group[DEFAULT_GROUP]
2024-07-07 15:14:12.841 [nacos.client.cachedata.internal.notifier] WARN  c.a.cloud.nacos.client.NacosPropertySourceBuilder - Ignore the empty nacos configuration and get it based on dataId[webook-oss.yaml] & group[DEFAULT_GROUP]
2024-07-07 15:14:12.877 [nacos.client.cachedata.internal.notifier] INFO  o.s.c.b.c.PropertySourceBootstrapConfiguration - Located property source: [BootstrapPropertySource {name='bootstrapProperties-webook-oss-dev.yaml,DEFAULT_GROUP'}, BootstrapPropertySource {name='bootstrapProperties-webook-oss.yaml,DEFAULT_GROUP'}, BootstrapPropertySource {name='bootstrapProperties-webook-oss,DEFAULT_GROUP'}]
2024-07-07 15:14:12.879 [nacos.client.cachedata.internal.notifier] WARN  com.alibaba.nacos.client.logging.NacosLogging - Load Logback Configuration of Nacos fail, message: Could not initialize Logback Nacos logging from classpath:nacos-logback.xml
2024-07-07 15:14:12.880 [nacos.client.cachedata.internal.notifier] INFO  org.springframework.boot.SpringApplication - The following 1 profile is active: "dev"
2024-07-07 15:14:12.885 [nacos.client.cachedata.internal.notifier] INFO  org.springframework.boot.SpringApplication - Started application in 1.371 seconds (process running for 99.474)
2024-07-07 15:14:12.953 [nacos.client.cachedata.internal.notifier] INFO  o.s.cloud.endpoint.event.RefreshEventListener - Refresh keys changed: [storage.type]
2024-07-07 15:14:12.953 [nacos.client.cachedata.internal.notifier] INFO  com.alibaba.nacos.client.config.impl.CacheData - [fixed-webook-110.41.141.141_8848] [notify-ok] dataId=webook-oss-dev.yaml, group=DEFAULT_GROUP, md5=29791a656f8631e7b2d9aafbe450b34a, listener=com.alibaba.cloud.nacos.refresh.NacosContextRefresher$1@1ba54122 ,cost=1444 millis.
2024-07-07 15:15:45.165 [http-nio-8081-exec-3] INFO  o.a.c.core.ContainerBase.[Tomcat].[localhost].[/] - Initializing Spring DispatcherServlet 'dispatcherServlet'
2024-07-07 15:15:45.165 [http-nio-8081-exec-3] INFO  org.springframework.web.servlet.DispatcherServlet - Initializing Servlet 'dispatcherServlet'
2024-07-07 15:15:45.166 [http-nio-8081-exec-3] INFO  org.springframework.web.servlet.DispatcherServlet - Completed initialization in 1 ms
2024-07-07 15:15:45.195 [http-nio-8081-exec-3] INFO  c.j.m.oss.biz.strategy.impl.AliyunOSSFileStrategy - ## 上传文件至阿里云 OSS ...
2024-07-07 15:15:45.195 [http-nio-8081-exec-3] INFO  c.j.m.oss.biz.strategy.impl.AliyunOSSFileStrategy - ==> 开始上传文件至阿里云 OSS, ObjectName: 65970d4d10ed4db4b5e7e201b7f7da76.png
2024-07-07 15:15:45.352 [http-nio-8081-exec-3] ERROR c.j.micro.oss.biz.exception.GlobalExceptionHandler - /file/upload request error, 
com.aliyun.oss.OSSException: The specified bucket does not exist.
[ErrorCode]: NoSuchBucket
[RequestId]: 668A40A153726E3936AF9E8D
[HostId]: weblog-aliyun.oss-cn-hangzhou.aliyuncs.com
[EC]: 0015-00000101
[ResponseError]:
<?xml version="1.0" encoding="UTF-8"?>
<Error>
  <Code>NoSuchBucket</Code>
  <Message>The specified bucket does not exist.</Message>
  <RequestId>668A40A153726E3936AF9E8D</RequestId>
  <HostId>weblog-aliyun.oss-cn-hangzhou.aliyuncs.com</HostId>
  <BucketName>weblog-aliyun</BucketName>
  <EC>0015-00000101</EC>
  <RecommendDoc>https://api.aliyun.com/troubleshoot?q=0015-00000101</RecommendDoc>
</Error>

	at com.aliyun.oss.common.utils.ExceptionFactory.createOSSException(ExceptionFactory.java:103)
	at com.aliyun.oss.internal.OSSErrorResponseHandler.handle(OSSErrorResponseHandler.java:92)
	at com.aliyun.oss.common.comm.ServiceClient.handleResponse(ServiceClient.java:284)
	at com.aliyun.oss.common.comm.ServiceClient.sendRequestImpl(ServiceClient.java:156)
	at com.aliyun.oss.common.comm.ServiceClient.sendRequest(ServiceClient.java:85)
	at com.aliyun.oss.internal.OSSOperation.send(OSSOperation.java:134)
	at com.aliyun.oss.internal.OSSOperation.doOperation(OSSOperation.java:192)
	at com.aliyun.oss.internal.OSSOperation.doOperation(OSSOperation.java:153)
	at com.aliyun.oss.internal.OSSObjectOperation.writeObjectInternal(OSSObjectOperation.java:1173)
	at com.aliyun.oss.internal.OSSObjectOperation.putObject(OSSObjectOperation.java:107)
	at com.aliyun.oss.OSSClient.putObject(OSSClient.java:627)
	at com.aliyun.oss.OSSClient.putObject(OSSClient.java:611)
	at com.aliyun.oss.OSSClient.putObject(OSSClient.java:605)
	at com.jacob.micro.oss.biz.strategy.impl.AliyunOSSFileStrategy.uploadFile(AliyunOSSFileStrategy.java:54)
	at java.base/jdk.internal.reflect.NativeMethodAccessorImpl.invoke0(Native Method)
	at java.base/jdk.internal.reflect.NativeMethodAccessorImpl.invoke(NativeMethodAccessorImpl.java:77)
	at java.base/jdk.internal.reflect.DelegatingMethodAccessorImpl.invoke(DelegatingMethodAccessorImpl.java:43)
	at java.base/java.lang.reflect.Method.invoke(Method.java:568)
	at org.springframework.util.ReflectionUtils.invokeMethod(ReflectionUtils.java:281)
	at org.springframework.cloud.context.scope.GenericScope$LockedScopedProxyFactoryBean.invoke(GenericScope.java:482)
	at org.springframework.aop.framework.ReflectiveMethodInvocation.proceed(ReflectiveMethodInvocation.java:184)
	at org.springframework.aop.framework.JdkDynamicAopProxy.invoke(JdkDynamicAopProxy.java:218)
	at jdk.proxy2/jdk.proxy2.$Proxy69.uploadFile(Unknown Source)
	at com.jacob.micro.oss.biz.service.impl.FileServiceImpl.uploadFile(FileServiceImpl.java:27)
	at com.jacob.micro.oss.biz.controller.FileController.uploadFile(FileController.java:30)
	at java.base/jdk.internal.reflect.NativeMethodAccessorImpl.invoke0(Native Method)
	at java.base/jdk.internal.reflect.NativeMethodAccessorImpl.invoke(NativeMethodAccessorImpl.java:77)
	at java.base/jdk.internal.reflect.DelegatingMethodAccessorImpl.invoke(DelegatingMethodAccessorImpl.java:43)
	at java.base/java.lang.reflect.Method.invoke(Method.java:568)
	at org.springframework.web.method.support.InvocableHandlerMethod.doInvoke(InvocableHandlerMethod.java:207)
	at org.springframework.web.method.support.InvocableHandlerMethod.invokeForRequest(InvocableHandlerMethod.java:152)
	at org.springframework.web.servlet.mvc.method.annotation.ServletInvocableHandlerMethod.invokeAndHandle(ServletInvocableHandlerMethod.java:117)
	at org.springframework.web.servlet.mvc.method.annotation.RequestMappingHandlerAdapter.invokeHandlerMethod(RequestMappingHandlerAdapter.java:884)
	at org.springframework.web.servlet.mvc.method.annotation.RequestMappingHandlerAdapter.handleInternal(RequestMappingHandlerAdapter.java:797)
	at org.springframework.web.servlet.mvc.method.AbstractHandlerMethodAdapter.handle(AbstractHandlerMethodAdapter.java:87)
	at org.springframework.web.servlet.DispatcherServlet.doDispatch(DispatcherServlet.java:1080)
	at org.springframework.web.servlet.DispatcherServlet.doService(DispatcherServlet.java:973)
	at org.springframework.web.servlet.FrameworkServlet.processRequest(FrameworkServlet.java:1011)
	at org.springframework.web.servlet.FrameworkServlet.doPost(FrameworkServlet.java:914)
	at jakarta.servlet.http.HttpServlet.service(HttpServlet.java:731)
	at org.springframework.web.servlet.FrameworkServlet.service(FrameworkServlet.java:885)
	at jakarta.servlet.http.HttpServlet.service(HttpServlet.java:814)
	at org.apache.catalina.core.ApplicationFilterChain.internalDoFilter(ApplicationFilterChain.java:223)
	at org.apache.catalina.core.ApplicationFilterChain.doFilter(ApplicationFilterChain.java:158)
	at org.apache.tomcat.websocket.server.WsFilter.doFilter(WsFilter.java:53)
	at org.apache.catalina.core.ApplicationFilterChain.internalDoFilter(ApplicationFilterChain.java:185)
	at org.apache.catalina.core.ApplicationFilterChain.doFilter(ApplicationFilterChain.java:158)
	at org.springframework.web.filter.RequestContextFilter.doFilterInternal(RequestContextFilter.java:100)
	at org.springframework.web.filter.OncePerRequestFilter.doFilter(OncePerRequestFilter.java:116)
	at org.apache.catalina.core.ApplicationFilterChain.internalDoFilter(ApplicationFilterChain.java:185)
	at org.apache.catalina.core.ApplicationFilterChain.doFilter(ApplicationFilterChain.java:158)
	at org.springframework.web.filter.FormContentFilter.doFilterInternal(FormContentFilter.java:93)
	at org.springframework.web.filter.OncePerRequestFilter.doFilter(OncePerRequestFilter.java:116)
	at org.apache.catalina.core.ApplicationFilterChain.internalDoFilter(ApplicationFilterChain.java:185)
	at org.apache.catalina.core.ApplicationFilterChain.doFilter(ApplicationFilterChain.java:158)
	at org.springframework.web.filter.CharacterEncodingFilter.doFilterInternal(CharacterEncodingFilter.java:201)
	at org.springframework.web.filter.OncePerRequestFilter.doFilter(OncePerRequestFilter.java:116)
	at org.apache.catalina.core.ApplicationFilterChain.internalDoFilter(ApplicationFilterChain.java:185)
	at org.apache.catalina.core.ApplicationFilterChain.doFilter(ApplicationFilterChain.java:158)
	at org.apache.catalina.core.StandardWrapperValve.invoke(StandardWrapperValve.java:177)
	at org.apache.catalina.core.StandardContextValve.invoke(StandardContextValve.java:97)
	at org.apache.catalina.authenticator.AuthenticatorBase.invoke(AuthenticatorBase.java:542)
	at org.apache.catalina.core.StandardHostValve.invoke(StandardHostValve.java:119)
	at org.apache.catalina.valves.ErrorReportValve.invoke(ErrorReportValve.java:92)
	at org.apache.catalina.core.StandardEngineValve.invoke(StandardEngineValve.java:78)
	at org.apache.catalina.connector.CoyoteAdapter.service(CoyoteAdapter.java:357)
	at org.apache.coyote.http11.Http11Processor.service(Http11Processor.java:400)
	at org.apache.coyote.AbstractProcessorLight.process(AbstractProcessorLight.java:65)
	at org.apache.coyote.AbstractProtocol$ConnectionHandler.process(AbstractProtocol.java:859)
	at org.apache.tomcat.util.net.NioEndpoint$SocketProcessor.doRun(NioEndpoint.java:1734)
	at org.apache.tomcat.util.net.SocketProcessorBase.run(SocketProcessorBase.java:52)
	at org.apache.tomcat.util.threads.ThreadPoolExecutor.runWorker(ThreadPoolExecutor.java:1191)
	at org.apache.tomcat.util.threads.ThreadPoolExecutor$Worker.run(ThreadPoolExecutor.java:659)
	at org.apache.tomcat.util.threads.TaskThread$WrappingRunnable.run(TaskThread.java:61)
	at java.base/java.lang.Thread.run(Thread.java:842)
2024-07-07 15:16:30.782 [Thread-2] WARN  c.alibaba.nacos.common.http.HttpClientBeanHolder - [HttpClientBeanHolder] Start destroying common HttpClient
2024-07-07 15:16:30.782 [Thread-9] WARN  com.alibaba.nacos.common.notify.NotifyCenter - [NotifyCenter] Start destroying Publisher
2024-07-07 15:16:30.782 [Thread-9] WARN  com.alibaba.nacos.common.notify.NotifyCenter - [NotifyCenter] Destruction of the end
2024-07-07 15:16:30.783 [Thread-2] WARN  c.alibaba.nacos.common.http.HttpClientBeanHolder - [HttpClientBeanHolder] Destruction of the end
2024-07-07 15:16:30.808 [SpringApplicationShutdownHook] INFO  c.a.cloud.nacos.registry.NacosServiceRegistry - De-registering from Nacos Server now...
2024-07-07 15:16:30.808 [SpringApplicationShutdownHook] INFO  com.alibaba.nacos.client.naming - [DEREGISTER-SERVICE] webook deregistering service webook-oss with instance: Instance{instanceId='null', ip='172.22.53.80', port=8081, weight=1.0, healthy=true, enabled=true, ephemeral=true, clusterName='DEFAULT', serviceName='null', metadata={}}
2024-07-07 15:16:30.838 [SpringApplicationShutdownHook] INFO  c.a.cloud.nacos.registry.NacosServiceRegistry - De-registration finished.
2024-07-07 15:16:30.838 [SpringApplicationShutdownHook] INFO  com.alibaba.nacos.client.naming - com.alibaba.nacos.client.naming.cache.ServiceInfoHolder do shutdown begin
2024-07-07 15:16:30.838 [SpringApplicationShutdownHook] INFO  com.alibaba.nacos.client.naming - com.alibaba.nacos.client.naming.backups.FailoverReactor do shutdown begin
2024-07-07 15:16:30.838 [SpringApplicationShutdownHook] INFO  com.alibaba.nacos.client.naming - com.alibaba.nacos.client.naming.backups.FailoverReactor do shutdown stop
2024-07-07 15:16:30.838 [SpringApplicationShutdownHook] INFO  com.alibaba.nacos.client.naming - com.alibaba.nacos.client.naming.cache.ServiceInfoHolder do shutdown stop
2024-07-07 15:16:30.838 [SpringApplicationShutdownHook] INFO  com.alibaba.nacos.client.naming - com.alibaba.nacos.client.naming.remote.NamingClientProxyDelegate do shutdown begin
2024-07-07 15:16:30.838 [SpringApplicationShutdownHook] INFO  com.alibaba.nacos.client.naming - com.alibaba.nacos.client.naming.core.ServiceInfoUpdateService do shutdown begin
2024-07-07 15:16:30.838 [SpringApplicationShutdownHook] INFO  com.alibaba.nacos.client.naming - com.alibaba.nacos.client.naming.core.ServiceInfoUpdateService do shutdown stop
2024-07-07 15:16:30.839 [SpringApplicationShutdownHook] INFO  com.alibaba.nacos.client.naming - com.alibaba.nacos.client.naming.core.ServerListManager do shutdown begin
2024-07-07 15:16:30.839 [SpringApplicationShutdownHook] WARN  com.alibaba.nacos.client.naming - [NamingHttpClientManager] Start destroying NacosRestTemplate
2024-07-07 15:16:30.839 [SpringApplicationShutdownHook] WARN  com.alibaba.nacos.client.naming - [NamingHttpClientManager] Destruction of the end
2024-07-07 15:16:30.839 [SpringApplicationShutdownHook] INFO  com.alibaba.nacos.client.naming - com.alibaba.nacos.client.naming.core.ServerListManager do shutdown stop
2024-07-07 15:16:30.839 [SpringApplicationShutdownHook] INFO  com.alibaba.nacos.client.naming - com.alibaba.nacos.client.naming.remote.http.NamingHttpClientProxy do shutdown begin
2024-07-07 15:16:30.839 [SpringApplicationShutdownHook] WARN  com.alibaba.nacos.client.naming - [NamingHttpClientManager] Start destroying NacosRestTemplate
2024-07-07 15:16:30.839 [SpringApplicationShutdownHook] WARN  com.alibaba.nacos.client.naming - [NamingHttpClientManager] Destruction of the end
2024-07-07 15:16:30.839 [SpringApplicationShutdownHook] INFO  com.alibaba.nacos.client.naming - com.alibaba.nacos.client.naming.remote.http.NamingHttpClientProxy do shutdown stop
2024-07-07 15:16:30.839 [SpringApplicationShutdownHook] INFO  com.alibaba.nacos.common.remote.client - Shutdown rpc client, set status to shutdown
2024-07-07 15:16:30.839 [SpringApplicationShutdownHook] INFO  com.alibaba.nacos.common.remote.client - Shutdown client event executor java.util.concurrent.ScheduledThreadPoolExecutor@573175a6[Running, pool size = 2, active threads = 2, queued tasks = 0, completed tasks = 0]
2024-07-07 15:16:30.839 [SpringApplicationShutdownHook] INFO  com.alibaba.nacos.common.remote.client - Close current connection 1720336361235_115.200.49.133_59666
2024-07-07 15:16:30.839 [SpringApplicationShutdownHook] INFO  c.a.nacos.common.remote.client.grpc.GrpcClient - Shutdown grpc executor java.util.concurrent.ThreadPoolExecutor@739e83b[Running, pool size = 4, active threads = 1, queued tasks = 0, completed tasks = 64]
2024-07-07 15:16:30.839 [SpringApplicationShutdownHook] INFO  com.alibaba.nacos.client.naming - Shutdown grpc redo service executor java.util.concurrent.ScheduledThreadPoolExecutor@3ad774f6[Running, pool size = 1, active threads = 0, queued tasks = 1, completed tasks = 76]
2024-07-07 15:16:30.839 [SpringApplicationShutdownHook] INFO  c.a.n.client.auth.ram.identify.CredentialWatcher - [null] CredentialWatcher is stopped
2024-07-07 15:16:30.840 [nacos-grpc-client-executor-110.41.141.141-64] WARN  c.a.nacos.common.remote.client.grpc.GrpcClient - [1720336361235_115.200.49.133_59666]Ignore error event,isRunning:false,isAbandon=false
2024-07-07 15:16:30.840 [SpringApplicationShutdownHook] INFO  c.a.n.client.auth.ram.identify.CredentialService - [null] CredentialService is freed
2024-07-07 15:16:30.840 [SpringApplicationShutdownHook] INFO  com.alibaba.nacos.client.naming - com.alibaba.nacos.client.naming.remote.NamingClientProxyDelegate do shutdown stop
2024-07-07 15:16:33.507 [main] WARN  com.alibaba.nacos.client.logging.NacosLogging - Load Logback Configuration of Nacos fail, message: Could not initialize Logback Nacos logging from classpath:nacos-logback.xml
2024-07-07 15:16:33.547 [main] WARN  com.alibaba.nacos.client.logging.NacosLogging - Load Logback Configuration of Nacos fail, message: Could not initialize Logback Nacos logging from classpath:nacos-logback.xml
2024-07-07 15:16:33.710 [main] WARN  com.alibaba.nacos.client.logging.NacosLogging - Load Logback Configuration of Nacos fail, message: Could not initialize Logback Nacos logging from classpath:nacos-logback.xml
2024-07-07 15:16:33.711 [main] INFO  com.alibaba.nacos.client.utils.ParamUtil - [settings] [req-serv] nacos-server port:8848
2024-07-07 15:16:33.711 [main] INFO  com.alibaba.nacos.client.utils.ParamUtil - [settings] [http-client] connect timeout:1000
2024-07-07 15:16:33.712 [main] INFO  com.alibaba.nacos.client.utils.ParamUtil - PER_TASK_CONFIG_SIZE: 3000.0
2024-07-07 15:16:33.730 [main] INFO  c.a.n.p.auth.spi.client.ClientAuthPluginManager - [ClientAuthPluginManager] Load ClientAuthService com.alibaba.nacos.client.auth.impl.NacosClientAuthServiceImpl success.
2024-07-07 15:16:33.731 [main] INFO  c.a.n.p.auth.spi.client.ClientAuthPluginManager - [ClientAuthPluginManager] Load ClientAuthService com.alibaba.nacos.client.auth.ram.RamClientAuthServiceImpl success.
2024-07-07 15:16:33.732 [main] INFO  c.a.n.client.auth.ram.identify.CredentialWatcher - null No credential found
2024-07-07 15:16:34.890 [main] WARN  com.alibaba.nacos.client.logging.NacosLogging - Load Logback Configuration of Nacos fail, message: Could not initialize Logback Nacos logging from classpath:nacos-logback.xml
2024-07-07 15:16:34.900 [main] INFO  c.a.n.client.config.impl.LocalConfigInfoProcessor - LOCAL_SNAPSHOT_PATH:C:\Users\姜文武\nacos\config
2024-07-07 15:16:34.903 [main] INFO  com.alibaba.nacos.common.remote.client - [RpcClientFactory] create a new rpc client of 72854d1f-7266-4a5c-a667-b30e40a52186_config-0
2024-07-07 15:16:34.916 [main] INFO  com.alibaba.nacos.common.remote.client - [72854d1f-7266-4a5c-a667-b30e40a52186_config-0] Register server push request handler:com.alibaba.nacos.client.config.impl.ClientWorker$ConfigRpcTransportClient$$Lambda$587/0x000002599038efa8
2024-07-07 15:16:34.916 [main] INFO  com.alibaba.nacos.common.remote.client - [72854d1f-7266-4a5c-a667-b30e40a52186_config-0] Register server push request handler:com.alibaba.nacos.client.config.impl.ClientWorker$ConfigRpcTransportClient$$Lambda$588/0x000002599038f3c8
2024-07-07 15:16:34.916 [main] INFO  com.alibaba.nacos.common.remote.client - [72854d1f-7266-4a5c-a667-b30e40a52186_config-0] Registry connection listener to current client:com.alibaba.nacos.client.config.impl.ClientWorker$ConfigRpcTransportClient$1
2024-07-07 15:16:34.917 [main] INFO  com.alibaba.nacos.common.remote.client - [72854d1f-7266-4a5c-a667-b30e40a52186_config-0] RpcClient init, ServerListFactory = com.alibaba.nacos.client.config.impl.ClientWorker$ConfigRpcTransportClient$2
2024-07-07 15:16:34.921 [main] INFO  com.alibaba.nacos.common.remote.client - [72854d1f-7266-4a5c-a667-b30e40a52186_config-0] Try to connect to server on start up, server: {serverIp = '110.41.141.141', server main port = 8848}
2024-07-07 15:16:34.944 [main] INFO  c.a.nacos.common.remote.client.grpc.GrpcClient - grpc client connection server:110.41.141.141 ip,serverPort:9848,grpcTslConfig:{"sslProvider":"OPENSSL","enableTls":false,"mutualAuthEnable":false,"trustAll":false}
2024-07-07 15:16:35.579 [main] INFO  com.alibaba.nacos.common.remote.client - [72854d1f-7266-4a5c-a667-b30e40a52186_config-0] Success to connect to server [110.41.141.141:8848] on start up, connectionId = 1720336595349_115.200.49.133_59907
2024-07-07 15:16:35.580 [com.alibaba.nacos.client.remote.worker] INFO  com.alibaba.nacos.common.remote.client - [72854d1f-7266-4a5c-a667-b30e40a52186_config-0] Notify connected event to listeners.
2024-07-07 15:16:35.580 [com.alibaba.nacos.client.remote.worker] INFO  com.alibaba.nacos.client.config.impl.ClientWorker - [72854d1f-7266-4a5c-a667-b30e40a52186_config-0] Connected,notify listen context...
2024-07-07 15:16:35.580 [main] INFO  com.alibaba.nacos.common.remote.client - [72854d1f-7266-4a5c-a667-b30e40a52186_config-0] Register server push request handler:com.alibaba.nacos.common.remote.client.RpcClient$ConnectResetRequestHandler
2024-07-07 15:16:35.580 [main] INFO  com.alibaba.nacos.common.remote.client - [72854d1f-7266-4a5c-a667-b30e40a52186_config-0] Register server push request handler:com.alibaba.nacos.common.remote.client.RpcClient$$Lambda$608/0x00000259904d6a28
2024-07-07 15:16:35.608 [main] INFO  com.alibaba.nacos.client.config.impl.Limiter - limitTime:5.0
2024-07-07 15:16:35.648 [main] WARN  c.a.cloud.nacos.client.NacosPropertySourceBuilder - Ignore the empty nacos configuration and get it based on dataId[webook-oss] & group[DEFAULT_GROUP]
2024-07-07 15:16:35.678 [main] WARN  c.a.cloud.nacos.client.NacosPropertySourceBuilder - Ignore the empty nacos configuration and get it based on dataId[webook-oss.yaml] & group[DEFAULT_GROUP]
2024-07-07 15:16:35.713 [main] INFO  com.alibaba.nacos.client.config.utils.JvmUtil - isMultiInstance:false
2024-07-07 15:16:35.717 [main] INFO  o.s.c.b.c.PropertySourceBootstrapConfiguration - Located property source: [BootstrapPropertySource {name='bootstrapProperties-webook-oss-dev.yaml,DEFAULT_GROUP'}, BootstrapPropertySource {name='bootstrapProperties-webook-oss.yaml,DEFAULT_GROUP'}, BootstrapPropertySource {name='bootstrapProperties-webook-oss,DEFAULT_GROUP'}]
2024-07-07 15:16:35.720 [main] WARN  com.alibaba.nacos.client.logging.NacosLogging - Load Logback Configuration of Nacos fail, message: Could not initialize Logback Nacos logging from classpath:nacos-logback.xml
2024-07-07 15:16:35.721 [main] INFO  com.jacob.micro.oss.biz.WeBookOssBizApplication - The following 1 profile is active: "dev"
2024-07-07 15:16:36.080 [main] INFO  o.springframework.cloud.context.scope.GenericScope - BeanFactory id=575e58c7-4078-3879-b56e-f75237ce00c1
2024-07-07 15:16:36.217 [main] INFO  o.s.boot.web.embedded.tomcat.TomcatWebServer - Tomcat initialized with port(s): 8081 (http)
2024-07-07 15:16:36.218 [main] INFO  org.apache.catalina.core.AprLifecycleListener - An older version [1.2.34] of the Apache Tomcat Native library is installed, while Tomcat recommends a minimum version of [2.0.1]
2024-07-07 15:16:36.218 [main] INFO  org.apache.catalina.core.AprLifecycleListener - Loaded Apache Tomcat Native library [1.2.34] using APR version [1.7.0].
2024-07-07 15:16:36.220 [main] INFO  org.apache.catalina.core.AprLifecycleListener - OpenSSL successfully initialized [OpenSSL 1.1.1o  3 May 2022]
2024-07-07 15:16:36.226 [main] INFO  org.apache.catalina.core.StandardService - Starting service [Tomcat]
2024-07-07 15:16:36.227 [main] INFO  org.apache.catalina.core.StandardEngine - Starting Servlet engine: [Apache Tomcat/10.1.5]
2024-07-07 15:16:36.273 [main] INFO  o.a.c.core.ContainerBase.[Tomcat].[localhost].[/] - Initializing Spring embedded WebApplicationContext
2024-07-07 15:16:36.274 [main] INFO  o.s.b.w.s.c.ServletWebServerApplicationContext - Root WebApplicationContext: initialization completed in 543 ms
2024-07-07 15:16:37.848 [main] INFO  org.springframework.cloud.commons.util.InetUtils - Cannot determine local hostname
2024-07-07 15:16:39.045 [main] INFO  org.springframework.cloud.commons.util.InetUtils - Cannot determine local hostname
2024-07-07 15:16:39.093 [main] INFO  o.s.boot.web.embedded.tomcat.TomcatWebServer - Tomcat started on port(s): 8081 (http) with context path ''
2024-07-07 15:16:39.096 [main] INFO  com.alibaba.nacos.client.naming - initializer namespace from ans.namespace attribute : null
2024-07-07 15:16:39.096 [main] INFO  com.alibaba.nacos.client.naming - initializer namespace from ALIBABA_ALIWARE_NAMESPACE attribute :null
2024-07-07 15:16:39.097 [main] INFO  com.alibaba.nacos.client.naming - initializer namespace from namespace attribute :null
2024-07-07 15:16:39.102 [main] INFO  c.a.n.p.auth.spi.client.ClientAuthPluginManager - [ClientAuthPluginManager] Load ClientAuthService com.alibaba.nacos.client.auth.impl.NacosClientAuthServiceImpl success.
2024-07-07 15:16:39.102 [main] INFO  c.a.n.p.auth.spi.client.ClientAuthPluginManager - [ClientAuthPluginManager] Load ClientAuthService com.alibaba.nacos.client.auth.ram.RamClientAuthServiceImpl success.
2024-07-07 15:16:39.105 [main] INFO  com.alibaba.nacos.common.remote.client - [RpcClientFactory] create a new rpc client of 5cbaa830-af44-4cb7-877d-5ceae76459d2
2024-07-07 15:16:39.106 [main] INFO  com.alibaba.nacos.common.remote.client - [5cbaa830-af44-4cb7-877d-5ceae76459d2] RpcClient init, ServerListFactory = com.alibaba.nacos.client.naming.core.ServerListManager
2024-07-07 15:16:39.106 [main] INFO  com.alibaba.nacos.common.remote.client - [5cbaa830-af44-4cb7-877d-5ceae76459d2] Registry connection listener to current client:com.alibaba.nacos.client.naming.remote.gprc.redo.NamingGrpcRedoService
2024-07-07 15:16:39.107 [main] INFO  com.alibaba.nacos.common.remote.client - [5cbaa830-af44-4cb7-877d-5ceae76459d2] Register server push request handler:com.alibaba.nacos.client.naming.remote.gprc.NamingPushRequestHandler
2024-07-07 15:16:39.107 [main] INFO  com.alibaba.nacos.common.remote.client - [5cbaa830-af44-4cb7-877d-5ceae76459d2] Try to connect to server on start up, server: {serverIp = '110.41.141.141', server main port = 8848}
2024-07-07 15:16:39.107 [main] INFO  c.a.nacos.common.remote.client.grpc.GrpcClient - grpc client connection server:110.41.141.141 ip,serverPort:9848,grpcTslConfig:{"sslProvider":"OPENSSL","enableTls":false,"mutualAuthEnable":false,"trustAll":false}
2024-07-07 15:16:39.295 [main] INFO  com.alibaba.nacos.common.remote.client - [5cbaa830-af44-4cb7-877d-5ceae76459d2] Success to connect to server [110.41.141.141:8848] on start up, connectionId = 1720336599123_115.200.49.133_59910
2024-07-07 15:16:39.295 [com.alibaba.nacos.client.remote.worker] INFO  com.alibaba.nacos.common.remote.client - [5cbaa830-af44-4cb7-877d-5ceae76459d2] Notify connected event to listeners.
2024-07-07 15:16:39.295 [main] INFO  com.alibaba.nacos.common.remote.client - [5cbaa830-af44-4cb7-877d-5ceae76459d2] Register server push request handler:com.alibaba.nacos.common.remote.client.RpcClient$ConnectResetRequestHandler
2024-07-07 15:16:39.295 [com.alibaba.nacos.client.remote.worker] INFO  com.alibaba.nacos.client.naming - Grpc connection connect
2024-07-07 15:16:39.295 [main] INFO  com.alibaba.nacos.common.remote.client - [5cbaa830-af44-4cb7-877d-5ceae76459d2] Register server push request handler:com.alibaba.nacos.common.remote.client.RpcClient$$Lambda$608/0x00000259904d6a28
2024-07-07 15:16:39.296 [main] INFO  com.alibaba.nacos.client.naming - [REGISTER-SERVICE] webook registering service webook-oss with instance Instance{instanceId='null', ip='172.22.53.80', port=8081, weight=1.0, healthy=true, enabled=true, ephemeral=true, clusterName='DEFAULT', serviceName='null', metadata={IPv6=null, preserved.register.source=SPRING_CLOUD}}
2024-07-07 15:16:39.330 [main] INFO  c.a.cloud.nacos.registry.NacosServiceRegistry - nacos registry, DEFAULT_GROUP webook-oss 172.22.53.80:8081 register finished
2024-07-07 15:16:40.411 [main] INFO  org.springframework.cloud.commons.util.InetUtils - Cannot determine local hostname
2024-07-07 15:16:40.426 [main] INFO  com.jacob.micro.oss.biz.WeBookOssBizApplication - Started WeBookOssBizApplication in 8.325 seconds (process running for 8.66)
2024-07-07 15:16:40.429 [main] INFO  com.alibaba.nacos.client.config.impl.CacheData - nacos.cache.data.init.snapshot = true 
2024-07-07 15:16:40.429 [main] INFO  com.alibaba.nacos.client.config.impl.ClientWorker - [fixed-webook-110.41.141.141_8848] [subscribe] webook-oss+DEFAULT_GROUP+webook
2024-07-07 15:16:40.432 [main] INFO  com.alibaba.nacos.client.config.impl.CacheData - [fixed-webook-110.41.141.141_8848] [add-listener] ok, tenant=webook, dataId=webook-oss, group=DEFAULT_GROUP, cnt=1
2024-07-07 15:16:40.434 [main] INFO  c.a.cloud.nacos.refresh.NacosContextRefresher - [Nacos Config] Listening config: dataId=webook-oss, group=DEFAULT_GROUP
2024-07-07 15:16:40.434 [main] INFO  com.alibaba.nacos.client.config.impl.ClientWorker - [fixed-webook-110.41.141.141_8848] [subscribe] webook-oss.yaml+DEFAULT_GROUP+webook
2024-07-07 15:16:40.434 [main] INFO  com.alibaba.nacos.client.config.impl.CacheData - [fixed-webook-110.41.141.141_8848] [add-listener] ok, tenant=webook, dataId=webook-oss.yaml, group=DEFAULT_GROUP, cnt=1
2024-07-07 15:16:40.434 [main] INFO  c.a.cloud.nacos.refresh.NacosContextRefresher - [Nacos Config] Listening config: dataId=webook-oss.yaml, group=DEFAULT_GROUP
2024-07-07 15:16:40.440 [main] INFO  com.alibaba.nacos.client.config.impl.ClientWorker - [fixed-webook-110.41.141.141_8848] [subscribe] webook-oss-dev.yaml+DEFAULT_GROUP+webook
2024-07-07 15:16:40.440 [main] INFO  com.alibaba.nacos.client.config.impl.CacheData - [fixed-webook-110.41.141.141_8848] [add-listener] ok, tenant=webook, dataId=webook-oss-dev.yaml, group=DEFAULT_GROUP, cnt=1
2024-07-07 15:16:40.440 [main] INFO  c.a.cloud.nacos.refresh.NacosContextRefresher - [Nacos Config] Listening config: dataId=webook-oss-dev.yaml, group=DEFAULT_GROUP
2024-07-07 15:16:48.216 [http-nio-8081-exec-3] INFO  o.a.c.core.ContainerBase.[Tomcat].[localhost].[/] - Initializing Spring DispatcherServlet 'dispatcherServlet'
2024-07-07 15:16:48.216 [http-nio-8081-exec-3] INFO  org.springframework.web.servlet.DispatcherServlet - Initializing Servlet 'dispatcherServlet'
2024-07-07 15:16:48.217 [http-nio-8081-exec-3] INFO  org.springframework.web.servlet.DispatcherServlet - Completed initialization in 1 ms
2024-07-07 15:16:48.245 [http-nio-8081-exec-3] INFO  c.j.m.oss.biz.strategy.impl.AliyunOSSFileStrategy - ## 上传文件至阿里云 OSS ...
2024-07-07 15:16:48.245 [http-nio-8081-exec-3] INFO  c.j.m.oss.biz.strategy.impl.AliyunOSSFileStrategy - ==> 开始上传文件至阿里云 OSS, ObjectName: b7d4c69c794748f1a26413805cef4df9.png
2024-07-07 15:16:48.462 [http-nio-8081-exec-3] INFO  c.j.m.oss.biz.strategy.impl.AliyunOSSFileStrategy - ==> 上传文件至阿里云 OSS 成功，访问路径: https://webook-aliyun.oss-cn-hangzhou.aliyuncs.com/b7d4c69c794748f1a26413805cef4df9.png
