2024-07-12 21:57:07.732 [main] WARN  com.alibaba.nacos.client.logging.NacosLogging - Load Logback Configuration of Nacos fail, message: Could not initialize Logback Nacos logging from classpath:nacos-logback.xml
2024-07-12 21:57:07.831 [main] WARN  com.alibaba.nacos.client.logging.NacosLogging - Load Logback Configuration of Nacos fail, message: Could not initialize Logback Nacos logging from classpath:nacos-logback.xml
2024-07-12 21:57:08.265 [main] WARN  com.alibaba.nacos.client.logging.NacosLogging - Load Logback Configuration of Nacos fail, message: Could not initialize Logback Nacos logging from classpath:nacos-logback.xml
2024-07-12 21:57:08.268 [main] INFO  com.alibaba.nacos.client.utils.ParamUtil - [settings] [req-serv] nacos-server port:8848
2024-07-12 21:57:08.269 [main] INFO  com.alibaba.nacos.client.utils.ParamUtil - [settings] [http-client] connect timeout:1000
2024-07-12 21:57:08.271 [main] INFO  com.alibaba.nacos.client.utils.ParamUtil - PER_TASK_CONFIG_SIZE: 3000.0
2024-07-12 21:57:08.330 [main] INFO  c.a.n.p.auth.spi.client.ClientAuthPluginManager - [ClientAuthPluginManager] Load ClientAuthService com.alibaba.nacos.client.auth.impl.NacosClientAuthServiceImpl success.
2024-07-12 21:57:08.330 [main] INFO  c.a.n.p.auth.spi.client.ClientAuthPluginManager - [ClientAuthPluginManager] Load ClientAuthService com.alibaba.nacos.client.auth.ram.RamClientAuthServiceImpl success.
2024-07-12 21:57:08.336 [main] INFO  c.a.n.client.auth.ram.identify.CredentialWatcher - null No credential found
2024-07-12 21:57:08.608 [main] WARN  com.alibaba.nacos.client.logging.NacosLogging - Load Logback Configuration of Nacos fail, message: Could not initialize Logback Nacos logging from classpath:nacos-logback.xml
2024-07-12 21:57:08.628 [main] INFO  c.a.n.client.config.impl.LocalConfigInfoProcessor - LOCAL_SNAPSHOT_PATH:C:\Users\admin\nacos\config
2024-07-12 21:57:08.633 [main] INFO  com.alibaba.nacos.common.remote.client - [RpcClientFactory] create a new rpc client of ace941db-13f9-4394-8656-75d807a1d571_config-0
2024-07-12 21:57:08.663 [main] INFO  com.alibaba.nacos.common.remote.client - [ace941db-13f9-4394-8656-75d807a1d571_config-0] Register server push request handler:com.alibaba.nacos.client.config.impl.ClientWorker$ConfigRpcTransportClient$$Lambda$587/0x0000025b81370658
2024-07-12 21:57:08.664 [main] INFO  com.alibaba.nacos.common.remote.client - [ace941db-13f9-4394-8656-75d807a1d571_config-0] Register server push request handler:com.alibaba.nacos.client.config.impl.ClientWorker$ConfigRpcTransportClient$$Lambda$588/0x0000025b81370a78
2024-07-12 21:57:08.664 [main] INFO  com.alibaba.nacos.common.remote.client - [ace941db-13f9-4394-8656-75d807a1d571_config-0] Registry connection listener to current client:com.alibaba.nacos.client.config.impl.ClientWorker$ConfigRpcTransportClient$1
2024-07-12 21:57:08.665 [main] INFO  com.alibaba.nacos.common.remote.client - [ace941db-13f9-4394-8656-75d807a1d571_config-0] RpcClient init, ServerListFactory = com.alibaba.nacos.client.config.impl.ClientWorker$ConfigRpcTransportClient$2
2024-07-12 21:57:08.674 [main] INFO  com.alibaba.nacos.common.remote.client - [ace941db-13f9-4394-8656-75d807a1d571_config-0] Try to connect to server on start up, server: {serverIp = '110.41.141.141', server main port = 8848}
2024-07-12 21:57:08.721 [main] INFO  c.a.nacos.common.remote.client.grpc.GrpcClient - grpc client connection server:110.41.141.141 ip,serverPort:9848,grpcTslConfig:{"sslProvider":"OPENSSL","enableTls":false,"mutualAuthEnable":false,"trustAll":false}
2024-07-12 21:57:09.703 [main] INFO  com.alibaba.nacos.common.remote.client - [ace941db-13f9-4394-8656-75d807a1d571_config-0] Success to connect to server [110.41.141.141:8848] on start up, connectionId = 1720792631618_115.233.205.187_37279
2024-07-12 21:57:09.704 [com.alibaba.nacos.client.remote.worker] INFO  com.alibaba.nacos.common.remote.client - [ace941db-13f9-4394-8656-75d807a1d571_config-0] Notify connected event to listeners.
2024-07-12 21:57:09.704 [com.alibaba.nacos.client.remote.worker] INFO  com.alibaba.nacos.client.config.impl.ClientWorker - [ace941db-13f9-4394-8656-75d807a1d571_config-0] Connected,notify listen context...
2024-07-12 21:57:09.704 [main] INFO  com.alibaba.nacos.common.remote.client - [ace941db-13f9-4394-8656-75d807a1d571_config-0] Register server push request handler:com.alibaba.nacos.common.remote.client.RpcClient$ConnectResetRequestHandler
2024-07-12 21:57:09.705 [main] INFO  com.alibaba.nacos.common.remote.client - [ace941db-13f9-4394-8656-75d807a1d571_config-0] Register server push request handler:com.alibaba.nacos.common.remote.client.RpcClient$$Lambda$608/0x0000025b814f8a88
2024-07-12 21:57:09.773 [main] INFO  com.alibaba.nacos.client.config.impl.Limiter - limitTime:5.0
2024-07-12 21:57:09.822 [main] WARN  c.a.cloud.nacos.client.NacosPropertySourceBuilder - Ignore the empty nacos configuration and get it based on dataId[webook-oss] & group[DEFAULT_GROUP]
2024-07-12 21:57:09.855 [main] WARN  c.a.cloud.nacos.client.NacosPropertySourceBuilder - Ignore the empty nacos configuration and get it based on dataId[webook-oss.yaml] & group[DEFAULT_GROUP]
2024-07-12 21:57:09.892 [main] INFO  com.alibaba.nacos.client.config.utils.JvmUtil - isMultiInstance:false
2024-07-12 21:57:09.899 [main] INFO  o.s.c.b.c.PropertySourceBootstrapConfiguration - Located property source: [BootstrapPropertySource {name='bootstrapProperties-webook-oss-dev.yaml,DEFAULT_GROUP'}, BootstrapPropertySource {name='bootstrapProperties-webook-oss.yaml,DEFAULT_GROUP'}, BootstrapPropertySource {name='bootstrapProperties-webook-oss,DEFAULT_GROUP'}]
2024-07-12 21:57:09.905 [main] WARN  com.alibaba.nacos.client.logging.NacosLogging - Load Logback Configuration of Nacos fail, message: Could not initialize Logback Nacos logging from classpath:nacos-logback.xml
2024-07-12 21:57:09.906 [main] INFO  com.jacob.micro.oss.biz.WeBookOssBizApplication - The following 1 profile is active: "dev"
2024-07-12 21:57:10.683 [main] INFO  o.springframework.cloud.context.scope.GenericScope - BeanFactory id=575e58c7-4078-3879-b56e-f75237ce00c1
2024-07-12 21:57:10.934 [main] INFO  o.s.boot.web.embedded.tomcat.TomcatWebServer - Tomcat initialized with port(s): 8081 (http)
2024-07-12 21:57:10.945 [main] INFO  org.apache.catalina.core.StandardService - Starting service [Tomcat]
2024-07-12 21:57:10.945 [main] INFO  org.apache.catalina.core.StandardEngine - Starting Servlet engine: [Apache Tomcat/10.1.5]
2024-07-12 21:57:11.019 [main] INFO  o.a.c.core.ContainerBase.[Tomcat].[localhost].[/] - Initializing Spring embedded WebApplicationContext
2024-07-12 21:57:11.019 [main] INFO  o.s.b.w.s.c.ServletWebServerApplicationContext - Root WebApplicationContext: initialization completed in 1089 ms
2024-07-12 21:57:11.100 [main] WARN  o.s.b.w.s.c.AnnotationConfigServletWebServerApplicationContext - Exception encountered during context initialization - cancelling refresh attempt: org.springframework.beans.factory.BeanCreationException: Error creating bean with name 'aliyunOSSClient' defined in class path resource [com/jacob/micro/oss/biz/config/AliyunOSSConfig.class]: Failed to instantiate [com.aliyun.oss.OSS]: Factory method 'aliyunOSSClient' threw exception with message: Access key id should not be null or empty.
2024-07-12 21:57:11.102 [main] INFO  org.apache.catalina.core.StandardService - Stopping service [Tomcat]
2024-07-12 21:57:11.194 [main] INFO  o.s.b.a.logging.ConditionEvaluationReportLogger - 

Error starting ApplicationContext. To display the condition evaluation report re-run your application with 'debug' enabled.
2024-07-12 21:57:11.222 [main] ERROR org.springframework.boot.SpringApplication - Application run failed
org.springframework.beans.factory.BeanCreationException: Error creating bean with name 'aliyunOSSClient' defined in class path resource [com/jacob/micro/oss/biz/config/AliyunOSSConfig.class]: Failed to instantiate [com.aliyun.oss.OSS]: Factory method 'aliyunOSSClient' threw exception with message: Access key id should not be null or empty.
	at org.springframework.beans.factory.support.ConstructorResolver.instantiate(ConstructorResolver.java:657)
	at org.springframework.beans.factory.support.ConstructorResolver.instantiateUsingFactoryMethod(ConstructorResolver.java:491)
	at org.springframework.beans.factory.support.AbstractAutowireCapableBeanFactory.instantiateUsingFactoryMethod(AbstractAutowireCapableBeanFactory.java:1324)
	at org.springframework.beans.factory.support.AbstractAutowireCapableBeanFactory.createBeanInstance(AbstractAutowireCapableBeanFactory.java:1161)
	at org.springframework.beans.factory.support.AbstractAutowireCapableBeanFactory.doCreateBean(AbstractAutowireCapableBeanFactory.java:561)
	at org.springframework.beans.factory.support.AbstractAutowireCapableBeanFactory.createBean(AbstractAutowireCapableBeanFactory.java:521)
	at org.springframework.beans.factory.support.AbstractBeanFactory.lambda$doGetBean$0(AbstractBeanFactory.java:326)
	at org.springframework.beans.factory.support.DefaultSingletonBeanRegistry.getSingleton(DefaultSingletonBeanRegistry.java:234)
	at org.springframework.beans.factory.support.AbstractBeanFactory.doGetBean(AbstractBeanFactory.java:324)
	at org.springframework.beans.factory.support.AbstractBeanFactory.getBean(AbstractBeanFactory.java:200)
	at org.springframework.beans.factory.support.DefaultListableBeanFactory.preInstantiateSingletons(DefaultListableBeanFactory.java:961)
	at org.springframework.context.support.AbstractApplicationContext.finishBeanFactoryInitialization(AbstractApplicationContext.java:915)
	at org.springframework.context.support.AbstractApplicationContext.refresh(AbstractApplicationContext.java:584)
	at org.springframework.boot.web.servlet.context.ServletWebServerApplicationContext.refresh(ServletWebServerApplicationContext.java:146)
	at org.springframework.boot.SpringApplication.refresh(SpringApplication.java:730)
	at org.springframework.boot.SpringApplication.refreshContext(SpringApplication.java:432)
	at org.springframework.boot.SpringApplication.run(SpringApplication.java:308)
	at org.springframework.boot.SpringApplication.run(SpringApplication.java:1302)
	at org.springframework.boot.SpringApplication.run(SpringApplication.java:1291)
	at com.jacob.micro.oss.biz.WeBookOssBizApplication.main(WeBookOssBizApplication.java:15)
Caused by: org.springframework.beans.BeanInstantiationException: Failed to instantiate [com.aliyun.oss.OSS]: Factory method 'aliyunOSSClient' threw exception with message: Access key id should not be null or empty.
	at org.springframework.beans.factory.support.SimpleInstantiationStrategy.instantiate(SimpleInstantiationStrategy.java:171)
	at org.springframework.beans.factory.support.ConstructorResolver.instantiate(ConstructorResolver.java:653)
	... 19 common frames omitted
Caused by: com.aliyun.oss.common.auth.InvalidCredentialsException: Access key id should not be null or empty.
	at com.aliyun.oss.common.auth.DefaultCredentialProvider.checkCredentials(DefaultCredentialProvider.java:63)
	at com.aliyun.oss.common.auth.DefaultCredentialProvider.<init>(DefaultCredentialProvider.java:38)
	at com.aliyun.oss.common.auth.DefaultCredentialProvider.<init>(DefaultCredentialProvider.java:34)
	at com.aliyun.oss.common.auth.CredentialsProviderFactory.newDefaultCredentialProvider(CredentialsProviderFactory.java:42)
	at com.jacob.micro.oss.biz.config.AliyunOSSConfig.aliyunOSSClient(AliyunOSSConfig.java:30)
	at com.jacob.micro.oss.biz.config.AliyunOSSConfig$$SpringCGLIB$$0.CGLIB$aliyunOSSClient$0(<generated>)
	at com.jacob.micro.oss.biz.config.AliyunOSSConfig$$SpringCGLIB$$2.invoke(<generated>)
	at org.springframework.cglib.proxy.MethodProxy.invokeSuper(MethodProxy.java:258)
	at org.springframework.context.annotation.ConfigurationClassEnhancer$BeanMethodInterceptor.intercept(ConfigurationClassEnhancer.java:331)
	at com.jacob.micro.oss.biz.config.AliyunOSSConfig$$SpringCGLIB$$0.aliyunOSSClient(<generated>)
	at java.base/jdk.internal.reflect.NativeMethodAccessorImpl.invoke0(Native Method)
	at java.base/jdk.internal.reflect.NativeMethodAccessorImpl.invoke(NativeMethodAccessorImpl.java:77)
	at java.base/jdk.internal.reflect.DelegatingMethodAccessorImpl.invoke(DelegatingMethodAccessorImpl.java:43)
	at java.base/java.lang.reflect.Method.invoke(Method.java:568)
	at org.springframework.beans.factory.support.SimpleInstantiationStrategy.instantiate(SimpleInstantiationStrategy.java:139)
	... 20 common frames omitted
2024-07-12 21:57:11.225 [Thread-2] WARN  c.alibaba.nacos.common.http.HttpClientBeanHolder - [HttpClientBeanHolder] Start destroying common HttpClient
2024-07-12 21:57:11.225 [Thread-9] WARN  com.alibaba.nacos.common.notify.NotifyCenter - [NotifyCenter] Start destroying Publisher
2024-07-12 21:57:11.225 [Thread-9] WARN  com.alibaba.nacos.common.notify.NotifyCenter - [NotifyCenter] Destruction of the end
2024-07-12 21:57:11.226 [Thread-2] WARN  c.alibaba.nacos.common.http.HttpClientBeanHolder - [HttpClientBeanHolder] Destruction of the end
2024-07-12 21:58:56.052 [main] WARN  com.alibaba.nacos.client.logging.NacosLogging - Load Logback Configuration of Nacos fail, message: Could not initialize Logback Nacos logging from classpath:nacos-logback.xml
2024-07-12 21:58:56.212 [main] WARN  com.alibaba.nacos.client.logging.NacosLogging - Load Logback Configuration of Nacos fail, message: Could not initialize Logback Nacos logging from classpath:nacos-logback.xml
2024-07-12 21:58:56.641 [main] WARN  com.alibaba.nacos.client.logging.NacosLogging - Load Logback Configuration of Nacos fail, message: Could not initialize Logback Nacos logging from classpath:nacos-logback.xml
2024-07-12 21:58:56.644 [main] INFO  com.alibaba.nacos.client.utils.ParamUtil - [settings] [req-serv] nacos-server port:8848
2024-07-12 21:58:56.644 [main] INFO  com.alibaba.nacos.client.utils.ParamUtil - [settings] [http-client] connect timeout:1000
2024-07-12 21:58:56.646 [main] INFO  com.alibaba.nacos.client.utils.ParamUtil - PER_TASK_CONFIG_SIZE: 3000.0
2024-07-12 21:58:56.697 [main] INFO  c.a.n.p.auth.spi.client.ClientAuthPluginManager - [ClientAuthPluginManager] Load ClientAuthService com.alibaba.nacos.client.auth.impl.NacosClientAuthServiceImpl success.
2024-07-12 21:58:56.697 [main] INFO  c.a.n.p.auth.spi.client.ClientAuthPluginManager - [ClientAuthPluginManager] Load ClientAuthService com.alibaba.nacos.client.auth.ram.RamClientAuthServiceImpl success.
2024-07-12 21:58:56.702 [main] INFO  c.a.n.client.auth.ram.identify.CredentialWatcher - null No credential found
2024-07-12 21:58:56.950 [main] WARN  com.alibaba.nacos.client.logging.NacosLogging - Load Logback Configuration of Nacos fail, message: Could not initialize Logback Nacos logging from classpath:nacos-logback.xml
2024-07-12 21:58:56.969 [main] INFO  c.a.n.client.config.impl.LocalConfigInfoProcessor - LOCAL_SNAPSHOT_PATH:C:\Users\admin\nacos\config
2024-07-12 21:58:56.976 [main] INFO  com.alibaba.nacos.common.remote.client - [RpcClientFactory] create a new rpc client of 05417afc-1fcb-46d6-be71-9496fe66890a_config-0
2024-07-12 21:58:57.011 [main] INFO  com.alibaba.nacos.common.remote.client - [05417afc-1fcb-46d6-be71-9496fe66890a_config-0] Register server push request handler:com.alibaba.nacos.client.config.impl.ClientWorker$ConfigRpcTransportClient$$Lambda$587/0x0000019d9d370000
2024-07-12 21:58:57.012 [main] INFO  com.alibaba.nacos.common.remote.client - [05417afc-1fcb-46d6-be71-9496fe66890a_config-0] Register server push request handler:com.alibaba.nacos.client.config.impl.ClientWorker$ConfigRpcTransportClient$$Lambda$588/0x0000019d9d370220
2024-07-12 21:58:57.014 [main] INFO  com.alibaba.nacos.common.remote.client - [05417afc-1fcb-46d6-be71-9496fe66890a_config-0] Registry connection listener to current client:com.alibaba.nacos.client.config.impl.ClientWorker$ConfigRpcTransportClient$1
2024-07-12 21:58:57.014 [main] INFO  com.alibaba.nacos.common.remote.client - [05417afc-1fcb-46d6-be71-9496fe66890a_config-0] RpcClient init, ServerListFactory = com.alibaba.nacos.client.config.impl.ClientWorker$ConfigRpcTransportClient$2
2024-07-12 21:58:57.025 [main] INFO  com.alibaba.nacos.common.remote.client - [05417afc-1fcb-46d6-be71-9496fe66890a_config-0] Try to connect to server on start up, server: {serverIp = '110.41.141.141', server main port = 8848}
2024-07-12 21:58:57.080 [main] INFO  c.a.nacos.common.remote.client.grpc.GrpcClient - grpc client connection server:110.41.141.141 ip,serverPort:9848,grpcTslConfig:{"sslProvider":"OPENSSL","enableTls":false,"mutualAuthEnable":false,"trustAll":false}
2024-07-12 21:58:58.016 [main] INFO  com.alibaba.nacos.common.remote.client - [05417afc-1fcb-46d6-be71-9496fe66890a_config-0] Success to connect to server [110.41.141.141:8848] on start up, connectionId = 1720792739892_115.233.205.187_8746
2024-07-12 21:58:58.016 [com.alibaba.nacos.client.remote.worker] INFO  com.alibaba.nacos.common.remote.client - [05417afc-1fcb-46d6-be71-9496fe66890a_config-0] Notify connected event to listeners.
2024-07-12 21:58:58.017 [com.alibaba.nacos.client.remote.worker] INFO  com.alibaba.nacos.client.config.impl.ClientWorker - [05417afc-1fcb-46d6-be71-9496fe66890a_config-0] Connected,notify listen context...
2024-07-12 21:58:58.017 [main] INFO  com.alibaba.nacos.common.remote.client - [05417afc-1fcb-46d6-be71-9496fe66890a_config-0] Register server push request handler:com.alibaba.nacos.common.remote.client.RpcClient$ConnectResetRequestHandler
2024-07-12 21:58:58.017 [main] INFO  com.alibaba.nacos.common.remote.client - [05417afc-1fcb-46d6-be71-9496fe66890a_config-0] Register server push request handler:com.alibaba.nacos.common.remote.client.RpcClient$$Lambda$608/0x0000019d9d4f76d0
2024-07-12 21:58:58.100 [main] INFO  com.alibaba.nacos.client.config.impl.Limiter - limitTime:5.0
2024-07-12 21:58:58.149 [main] WARN  c.a.cloud.nacos.client.NacosPropertySourceBuilder - Ignore the empty nacos configuration and get it based on dataId[webook-oss] & group[DEFAULT_GROUP]
2024-07-12 21:58:58.182 [main] WARN  c.a.cloud.nacos.client.NacosPropertySourceBuilder - Ignore the empty nacos configuration and get it based on dataId[webook-oss.yaml] & group[DEFAULT_GROUP]
2024-07-12 21:58:58.216 [main] INFO  com.alibaba.nacos.client.config.utils.JvmUtil - isMultiInstance:false
2024-07-12 21:58:58.225 [main] INFO  o.s.c.b.c.PropertySourceBootstrapConfiguration - Located property source: [BootstrapPropertySource {name='bootstrapProperties-webook-oss-dev.yaml,DEFAULT_GROUP'}, BootstrapPropertySource {name='bootstrapProperties-webook-oss.yaml,DEFAULT_GROUP'}, BootstrapPropertySource {name='bootstrapProperties-webook-oss,DEFAULT_GROUP'}]
2024-07-12 21:58:58.236 [main] WARN  com.alibaba.nacos.client.logging.NacosLogging - Load Logback Configuration of Nacos fail, message: Could not initialize Logback Nacos logging from classpath:nacos-logback.xml
2024-07-12 21:58:58.237 [main] INFO  com.jacob.micro.oss.biz.WeBookOssBizApplication - The following 1 profile is active: "dev"
2024-07-12 21:58:59.000 [main] INFO  o.springframework.cloud.context.scope.GenericScope - BeanFactory id=575e58c7-4078-3879-b56e-f75237ce00c1
2024-07-12 21:58:59.245 [main] INFO  o.s.boot.web.embedded.tomcat.TomcatWebServer - Tomcat initialized with port(s): 8081 (http)
2024-07-12 21:58:59.255 [main] INFO  org.apache.catalina.core.StandardService - Starting service [Tomcat]
2024-07-12 21:58:59.256 [main] INFO  org.apache.catalina.core.StandardEngine - Starting Servlet engine: [Apache Tomcat/10.1.5]
2024-07-12 21:58:59.333 [main] INFO  o.a.c.core.ContainerBase.[Tomcat].[localhost].[/] - Initializing Spring embedded WebApplicationContext
2024-07-12 21:58:59.334 [main] INFO  o.s.b.w.s.c.ServletWebServerApplicationContext - Root WebApplicationContext: initialization completed in 1070 ms
2024-07-12 21:58:59.414 [main] WARN  o.s.b.w.s.c.AnnotationConfigServletWebServerApplicationContext - Exception encountered during context initialization - cancelling refresh attempt: org.springframework.beans.factory.BeanCreationException: Error creating bean with name 'aliyunOSSClient' defined in class path resource [com/jacob/micro/oss/biz/config/AliyunOSSConfig.class]: Failed to instantiate [com.aliyun.oss.OSS]: Factory method 'aliyunOSSClient' threw exception with message: Access key id should not be null or empty.
2024-07-12 21:58:59.416 [main] INFO  org.apache.catalina.core.StandardService - Stopping service [Tomcat]
2024-07-12 21:58:59.429 [main] INFO  o.s.b.a.logging.ConditionEvaluationReportLogger - 

Error starting ApplicationContext. To display the condition evaluation report re-run your application with 'debug' enabled.
2024-07-12 21:58:59.454 [main] ERROR org.springframework.boot.SpringApplication - Application run failed
org.springframework.beans.factory.BeanCreationException: Error creating bean with name 'aliyunOSSClient' defined in class path resource [com/jacob/micro/oss/biz/config/AliyunOSSConfig.class]: Failed to instantiate [com.aliyun.oss.OSS]: Factory method 'aliyunOSSClient' threw exception with message: Access key id should not be null or empty.
	at org.springframework.beans.factory.support.ConstructorResolver.instantiate(ConstructorResolver.java:657)
	at org.springframework.beans.factory.support.ConstructorResolver.instantiateUsingFactoryMethod(ConstructorResolver.java:491)
	at org.springframework.beans.factory.support.AbstractAutowireCapableBeanFactory.instantiateUsingFactoryMethod(AbstractAutowireCapableBeanFactory.java:1324)
	at org.springframework.beans.factory.support.AbstractAutowireCapableBeanFactory.createBeanInstance(AbstractAutowireCapableBeanFactory.java:1161)
	at org.springframework.beans.factory.support.AbstractAutowireCapableBeanFactory.doCreateBean(AbstractAutowireCapableBeanFactory.java:561)
	at org.springframework.beans.factory.support.AbstractAutowireCapableBeanFactory.createBean(AbstractAutowireCapableBeanFactory.java:521)
	at org.springframework.beans.factory.support.AbstractBeanFactory.lambda$doGetBean$0(AbstractBeanFactory.java:326)
	at org.springframework.beans.factory.support.DefaultSingletonBeanRegistry.getSingleton(DefaultSingletonBeanRegistry.java:234)
	at org.springframework.beans.factory.support.AbstractBeanFactory.doGetBean(AbstractBeanFactory.java:324)
	at org.springframework.beans.factory.support.AbstractBeanFactory.getBean(AbstractBeanFactory.java:200)
	at org.springframework.beans.factory.support.DefaultListableBeanFactory.preInstantiateSingletons(DefaultListableBeanFactory.java:961)
	at org.springframework.context.support.AbstractApplicationContext.finishBeanFactoryInitialization(AbstractApplicationContext.java:915)
	at org.springframework.context.support.AbstractApplicationContext.refresh(AbstractApplicationContext.java:584)
	at org.springframework.boot.web.servlet.context.ServletWebServerApplicationContext.refresh(ServletWebServerApplicationContext.java:146)
	at org.springframework.boot.SpringApplication.refresh(SpringApplication.java:730)
	at org.springframework.boot.SpringApplication.refreshContext(SpringApplication.java:432)
	at org.springframework.boot.SpringApplication.run(SpringApplication.java:308)
	at org.springframework.boot.SpringApplication.run(SpringApplication.java:1302)
	at org.springframework.boot.SpringApplication.run(SpringApplication.java:1291)
	at com.jacob.micro.oss.biz.WeBookOssBizApplication.main(WeBookOssBizApplication.java:15)
Caused by: org.springframework.beans.BeanInstantiationException: Failed to instantiate [com.aliyun.oss.OSS]: Factory method 'aliyunOSSClient' threw exception with message: Access key id should not be null or empty.
	at org.springframework.beans.factory.support.SimpleInstantiationStrategy.instantiate(SimpleInstantiationStrategy.java:171)
	at org.springframework.beans.factory.support.ConstructorResolver.instantiate(ConstructorResolver.java:653)
	... 19 common frames omitted
Caused by: com.aliyun.oss.common.auth.InvalidCredentialsException: Access key id should not be null or empty.
	at com.aliyun.oss.common.auth.DefaultCredentialProvider.checkCredentials(DefaultCredentialProvider.java:63)
	at com.aliyun.oss.common.auth.DefaultCredentialProvider.<init>(DefaultCredentialProvider.java:38)
	at com.aliyun.oss.common.auth.DefaultCredentialProvider.<init>(DefaultCredentialProvider.java:34)
	at com.aliyun.oss.common.auth.CredentialsProviderFactory.newDefaultCredentialProvider(CredentialsProviderFactory.java:42)
	at com.jacob.micro.oss.biz.config.AliyunOSSConfig.aliyunOSSClient(AliyunOSSConfig.java:30)
	at com.jacob.micro.oss.biz.config.AliyunOSSConfig$$SpringCGLIB$$0.CGLIB$aliyunOSSClient$0(<generated>)
	at com.jacob.micro.oss.biz.config.AliyunOSSConfig$$SpringCGLIB$$2.invoke(<generated>)
	at org.springframework.cglib.proxy.MethodProxy.invokeSuper(MethodProxy.java:258)
	at org.springframework.context.annotation.ConfigurationClassEnhancer$BeanMethodInterceptor.intercept(ConfigurationClassEnhancer.java:331)
	at com.jacob.micro.oss.biz.config.AliyunOSSConfig$$SpringCGLIB$$0.aliyunOSSClient(<generated>)
	at java.base/jdk.internal.reflect.NativeMethodAccessorImpl.invoke0(Native Method)
	at java.base/jdk.internal.reflect.NativeMethodAccessorImpl.invoke(NativeMethodAccessorImpl.java:77)
	at java.base/jdk.internal.reflect.DelegatingMethodAccessorImpl.invoke(DelegatingMethodAccessorImpl.java:43)
	at java.base/java.lang.reflect.Method.invoke(Method.java:568)
	at org.springframework.beans.factory.support.SimpleInstantiationStrategy.instantiate(SimpleInstantiationStrategy.java:139)
	... 20 common frames omitted
2024-07-12 21:58:59.459 [Thread-2] WARN  c.alibaba.nacos.common.http.HttpClientBeanHolder - [HttpClientBeanHolder] Start destroying common HttpClient
2024-07-12 21:58:59.459 [Thread-9] WARN  com.alibaba.nacos.common.notify.NotifyCenter - [NotifyCenter] Start destroying Publisher
2024-07-12 21:58:59.459 [Thread-9] WARN  com.alibaba.nacos.common.notify.NotifyCenter - [NotifyCenter] Destruction of the end
2024-07-12 21:58:59.460 [Thread-2] WARN  c.alibaba.nacos.common.http.HttpClientBeanHolder - [HttpClientBeanHolder] Destruction of the end
2024-07-12 22:00:12.465 [main] WARN  com.alibaba.nacos.client.logging.NacosLogging - Load Logback Configuration of Nacos fail, message: Could not initialize Logback Nacos logging from classpath:nacos-logback.xml
2024-07-12 22:00:12.599 [main] WARN  com.alibaba.nacos.client.logging.NacosLogging - Load Logback Configuration of Nacos fail, message: Could not initialize Logback Nacos logging from classpath:nacos-logback.xml
2024-07-12 22:00:12.940 [main] WARN  com.alibaba.nacos.client.logging.NacosLogging - Load Logback Configuration of Nacos fail, message: Could not initialize Logback Nacos logging from classpath:nacos-logback.xml
2024-07-12 22:00:12.942 [main] INFO  com.alibaba.nacos.client.utils.ParamUtil - [settings] [req-serv] nacos-server port:8848
2024-07-12 22:00:12.943 [main] INFO  com.alibaba.nacos.client.utils.ParamUtil - [settings] [http-client] connect timeout:1000
2024-07-12 22:00:12.944 [main] INFO  com.alibaba.nacos.client.utils.ParamUtil - PER_TASK_CONFIG_SIZE: 3000.0
2024-07-12 22:00:12.976 [main] INFO  c.a.n.p.auth.spi.client.ClientAuthPluginManager - [ClientAuthPluginManager] Load ClientAuthService com.alibaba.nacos.client.auth.impl.NacosClientAuthServiceImpl success.
2024-07-12 22:00:12.976 [main] INFO  c.a.n.p.auth.spi.client.ClientAuthPluginManager - [ClientAuthPluginManager] Load ClientAuthService com.alibaba.nacos.client.auth.ram.RamClientAuthServiceImpl success.
2024-07-12 22:00:12.980 [main] INFO  c.a.n.client.auth.ram.identify.CredentialWatcher - null No credential found
2024-07-12 22:00:13.168 [main] WARN  com.alibaba.nacos.client.logging.NacosLogging - Load Logback Configuration of Nacos fail, message: Could not initialize Logback Nacos logging from classpath:nacos-logback.xml
2024-07-12 22:00:13.186 [main] INFO  c.a.n.client.config.impl.LocalConfigInfoProcessor - LOCAL_SNAPSHOT_PATH:C:\Users\admin\nacos\config
2024-07-12 22:00:13.190 [main] INFO  com.alibaba.nacos.common.remote.client - [RpcClientFactory] create a new rpc client of 8c2176dc-08e6-4fbb-bb3a-2bc666903174_config-0
2024-07-12 22:00:13.219 [main] INFO  com.alibaba.nacos.common.remote.client - [8c2176dc-08e6-4fbb-bb3a-2bc666903174_config-0] Register server push request handler:com.alibaba.nacos.client.config.impl.ClientWorker$ConfigRpcTransportClient$$Lambda$587/0x00000272d638f600
2024-07-12 22:00:13.219 [main] INFO  com.alibaba.nacos.common.remote.client - [8c2176dc-08e6-4fbb-bb3a-2bc666903174_config-0] Register server push request handler:com.alibaba.nacos.client.config.impl.ClientWorker$ConfigRpcTransportClient$$Lambda$588/0x00000272d638fa20
2024-07-12 22:00:13.220 [main] INFO  com.alibaba.nacos.common.remote.client - [8c2176dc-08e6-4fbb-bb3a-2bc666903174_config-0] Registry connection listener to current client:com.alibaba.nacos.client.config.impl.ClientWorker$ConfigRpcTransportClient$1
2024-07-12 22:00:13.221 [main] INFO  com.alibaba.nacos.common.remote.client - [8c2176dc-08e6-4fbb-bb3a-2bc666903174_config-0] RpcClient init, ServerListFactory = com.alibaba.nacos.client.config.impl.ClientWorker$ConfigRpcTransportClient$2
2024-07-12 22:00:13.231 [main] INFO  com.alibaba.nacos.common.remote.client - [8c2176dc-08e6-4fbb-bb3a-2bc666903174_config-0] Try to connect to server on start up, server: {serverIp = '110.41.141.141', server main port = 8848}
2024-07-12 22:00:13.279 [main] INFO  c.a.nacos.common.remote.client.grpc.GrpcClient - grpc client connection server:110.41.141.141 ip,serverPort:9848,grpcTslConfig:{"sslProvider":"OPENSSL","enableTls":false,"mutualAuthEnable":false,"trustAll":false}
2024-07-12 22:00:14.392 [main] INFO  com.alibaba.nacos.common.remote.client - [8c2176dc-08e6-4fbb-bb3a-2bc666903174_config-0] Success to connect to server [110.41.141.141:8848] on start up, connectionId = 1720792816294_115.233.205.187_13452
2024-07-12 22:00:14.393 [com.alibaba.nacos.client.remote.worker] INFO  com.alibaba.nacos.common.remote.client - [8c2176dc-08e6-4fbb-bb3a-2bc666903174_config-0] Notify connected event to listeners.
2024-07-12 22:00:14.393 [com.alibaba.nacos.client.remote.worker] INFO  com.alibaba.nacos.client.config.impl.ClientWorker - [8c2176dc-08e6-4fbb-bb3a-2bc666903174_config-0] Connected,notify listen context...
2024-07-12 22:00:14.393 [main] INFO  com.alibaba.nacos.common.remote.client - [8c2176dc-08e6-4fbb-bb3a-2bc666903174_config-0] Register server push request handler:com.alibaba.nacos.common.remote.client.RpcClient$ConnectResetRequestHandler
2024-07-12 22:00:14.394 [main] INFO  com.alibaba.nacos.common.remote.client - [8c2176dc-08e6-4fbb-bb3a-2bc666903174_config-0] Register server push request handler:com.alibaba.nacos.common.remote.client.RpcClient$$Lambda$608/0x00000272d64d7080
2024-07-12 22:00:14.448 [main] INFO  com.alibaba.nacos.client.config.impl.Limiter - limitTime:5.0
2024-07-12 22:00:14.492 [main] WARN  c.a.cloud.nacos.client.NacosPropertySourceBuilder - Ignore the empty nacos configuration and get it based on dataId[webook-oss] & group[DEFAULT_GROUP]
2024-07-12 22:00:14.525 [main] WARN  c.a.cloud.nacos.client.NacosPropertySourceBuilder - Ignore the empty nacos configuration and get it based on dataId[webook-oss.yaml] & group[DEFAULT_GROUP]
2024-07-12 22:00:14.559 [main] INFO  com.alibaba.nacos.client.config.utils.JvmUtil - isMultiInstance:false
2024-07-12 22:00:14.566 [main] INFO  o.s.c.b.c.PropertySourceBootstrapConfiguration - Located property source: [BootstrapPropertySource {name='bootstrapProperties-webook-oss-dev.yaml,DEFAULT_GROUP'}, BootstrapPropertySource {name='bootstrapProperties-webook-oss.yaml,DEFAULT_GROUP'}, BootstrapPropertySource {name='bootstrapProperties-webook-oss,DEFAULT_GROUP'}]
2024-07-12 22:00:14.573 [main] WARN  com.alibaba.nacos.client.logging.NacosLogging - Load Logback Configuration of Nacos fail, message: Could not initialize Logback Nacos logging from classpath:nacos-logback.xml
2024-07-12 22:00:14.574 [main] INFO  com.jacob.micro.oss.biz.WeBookOssBizApplication - The following 1 profile is active: "dev"
2024-07-12 22:00:15.326 [main] INFO  o.springframework.cloud.context.scope.GenericScope - BeanFactory id=575e58c7-4078-3879-b56e-f75237ce00c1
2024-07-12 22:00:15.641 [main] INFO  o.s.boot.web.embedded.tomcat.TomcatWebServer - Tomcat initialized with port(s): 8081 (http)
2024-07-12 22:00:15.653 [main] INFO  org.apache.catalina.core.StandardService - Starting service [Tomcat]
2024-07-12 22:00:15.653 [main] INFO  org.apache.catalina.core.StandardEngine - Starting Servlet engine: [Apache Tomcat/10.1.5]
2024-07-12 22:00:15.747 [main] INFO  o.a.c.core.ContainerBase.[Tomcat].[localhost].[/] - Initializing Spring embedded WebApplicationContext
2024-07-12 22:00:15.748 [main] INFO  o.s.b.w.s.c.ServletWebServerApplicationContext - Root WebApplicationContext: initialization completed in 1150 ms
2024-07-12 22:00:17.506 [main] INFO  o.s.boot.web.embedded.tomcat.TomcatWebServer - Tomcat started on port(s): 8081 (http) with context path ''
2024-07-12 22:00:17.511 [main] INFO  com.alibaba.nacos.client.naming - initializer namespace from ans.namespace attribute : null
2024-07-12 22:00:17.512 [main] INFO  com.alibaba.nacos.client.naming - initializer namespace from ALIBABA_ALIWARE_NAMESPACE attribute :null
2024-07-12 22:00:17.513 [main] INFO  com.alibaba.nacos.client.naming - initializer namespace from namespace attribute :null
2024-07-12 22:00:17.523 [main] INFO  c.a.n.p.auth.spi.client.ClientAuthPluginManager - [ClientAuthPluginManager] Load ClientAuthService com.alibaba.nacos.client.auth.impl.NacosClientAuthServiceImpl success.
2024-07-12 22:00:17.523 [main] INFO  c.a.n.p.auth.spi.client.ClientAuthPluginManager - [ClientAuthPluginManager] Load ClientAuthService com.alibaba.nacos.client.auth.ram.RamClientAuthServiceImpl success.
2024-07-12 22:00:17.527 [main] INFO  com.alibaba.nacos.common.remote.client - [RpcClientFactory] create a new rpc client of 3d54ab48-2130-42f4-b537-4fcc35e20dc6
2024-07-12 22:00:17.530 [main] INFO  com.alibaba.nacos.common.remote.client - [3d54ab48-2130-42f4-b537-4fcc35e20dc6] RpcClient init, ServerListFactory = com.alibaba.nacos.client.naming.core.ServerListManager
2024-07-12 22:00:17.530 [main] INFO  com.alibaba.nacos.common.remote.client - [3d54ab48-2130-42f4-b537-4fcc35e20dc6] Registry connection listener to current client:com.alibaba.nacos.client.naming.remote.gprc.redo.NamingGrpcRedoService
2024-07-12 22:00:17.531 [main] INFO  com.alibaba.nacos.common.remote.client - [3d54ab48-2130-42f4-b537-4fcc35e20dc6] Register server push request handler:com.alibaba.nacos.client.naming.remote.gprc.NamingPushRequestHandler
2024-07-12 22:00:17.531 [main] INFO  com.alibaba.nacos.common.remote.client - [3d54ab48-2130-42f4-b537-4fcc35e20dc6] Try to connect to server on start up, server: {serverIp = '110.41.141.141', server main port = 8848}
2024-07-12 22:00:17.531 [main] INFO  c.a.nacos.common.remote.client.grpc.GrpcClient - grpc client connection server:110.41.141.141 ip,serverPort:9848,grpcTslConfig:{"sslProvider":"OPENSSL","enableTls":false,"mutualAuthEnable":false,"trustAll":false}
2024-07-12 22:00:17.755 [main] INFO  com.alibaba.nacos.common.remote.client - [3d54ab48-2130-42f4-b537-4fcc35e20dc6] Success to connect to server [110.41.141.141:8848] on start up, connectionId = 1720792819736_115.233.205.187_37361
2024-07-12 22:00:17.755 [main] INFO  com.alibaba.nacos.common.remote.client - [3d54ab48-2130-42f4-b537-4fcc35e20dc6] Register server push request handler:com.alibaba.nacos.common.remote.client.RpcClient$ConnectResetRequestHandler
2024-07-12 22:00:17.755 [com.alibaba.nacos.client.remote.worker] INFO  com.alibaba.nacos.common.remote.client - [3d54ab48-2130-42f4-b537-4fcc35e20dc6] Notify connected event to listeners.
2024-07-12 22:00:17.755 [main] INFO  com.alibaba.nacos.common.remote.client - [3d54ab48-2130-42f4-b537-4fcc35e20dc6] Register server push request handler:com.alibaba.nacos.common.remote.client.RpcClient$$Lambda$608/0x00000272d64d7080
2024-07-12 22:00:17.755 [com.alibaba.nacos.client.remote.worker] INFO  com.alibaba.nacos.client.naming - Grpc connection connect
2024-07-12 22:00:17.757 [main] INFO  com.alibaba.nacos.client.naming - [REGISTER-SERVICE] webook registering service webook-oss with instance Instance{instanceId='null', ip='10.12.42.234', port=8081, weight=1.0, healthy=true, enabled=true, ephemeral=true, clusterName='DEFAULT', serviceName='null', metadata={IPv6=null, preserved.register.source=SPRING_CLOUD}}
2024-07-12 22:00:17.808 [main] INFO  c.a.cloud.nacos.registry.NacosServiceRegistry - nacos registry, DEFAULT_GROUP webook-oss 10.12.42.234:8081 register finished
2024-07-12 22:00:17.890 [main] INFO  com.jacob.micro.oss.biz.WeBookOssBizApplication - Started WeBookOssBizApplication in 6.44 seconds (process running for 7.418)
2024-07-12 22:00:17.895 [main] INFO  com.alibaba.nacos.client.config.impl.CacheData - nacos.cache.data.init.snapshot = true 
2024-07-12 22:00:17.895 [main] INFO  com.alibaba.nacos.client.config.impl.ClientWorker - [fixed-webook-110.41.141.141_8848] [subscribe] webook-oss+DEFAULT_GROUP+webook
2024-07-12 22:00:17.904 [main] INFO  com.alibaba.nacos.client.config.impl.CacheData - [fixed-webook-110.41.141.141_8848] [add-listener] ok, tenant=webook, dataId=webook-oss, group=DEFAULT_GROUP, cnt=1
2024-07-12 22:00:17.904 [main] INFO  c.a.cloud.nacos.refresh.NacosContextRefresher - [Nacos Config] Listening config: dataId=webook-oss, group=DEFAULT_GROUP
2024-07-12 22:00:17.904 [main] INFO  com.alibaba.nacos.client.config.impl.ClientWorker - [fixed-webook-110.41.141.141_8848] [subscribe] webook-oss.yaml+DEFAULT_GROUP+webook
2024-07-12 22:00:17.904 [main] INFO  com.alibaba.nacos.client.config.impl.CacheData - [fixed-webook-110.41.141.141_8848] [add-listener] ok, tenant=webook, dataId=webook-oss.yaml, group=DEFAULT_GROUP, cnt=1
2024-07-12 22:00:17.904 [main] INFO  c.a.cloud.nacos.refresh.NacosContextRefresher - [Nacos Config] Listening config: dataId=webook-oss.yaml, group=DEFAULT_GROUP
2024-07-12 22:00:17.913 [main] INFO  com.alibaba.nacos.client.config.impl.ClientWorker - [fixed-webook-110.41.141.141_8848] [subscribe] webook-oss-dev.yaml+DEFAULT_GROUP+webook
2024-07-12 22:00:17.913 [main] INFO  com.alibaba.nacos.client.config.impl.CacheData - [fixed-webook-110.41.141.141_8848] [add-listener] ok, tenant=webook, dataId=webook-oss-dev.yaml, group=DEFAULT_GROUP, cnt=1
2024-07-12 22:00:17.913 [main] INFO  c.a.cloud.nacos.refresh.NacosContextRefresher - [Nacos Config] Listening config: dataId=webook-oss-dev.yaml, group=DEFAULT_GROUP
2024-07-12 22:00:52.763 [http-nio-8081-exec-2] INFO  o.a.c.core.ContainerBase.[Tomcat].[localhost].[/] - Initializing Spring DispatcherServlet 'dispatcherServlet'
2024-07-12 22:00:52.763 [http-nio-8081-exec-2] INFO  org.springframework.web.servlet.DispatcherServlet - Initializing Servlet 'dispatcherServlet'
2024-07-12 22:00:52.764 [http-nio-8081-exec-2] INFO  org.springframework.web.servlet.DispatcherServlet - Completed initialization in 1 ms
2024-07-12 22:00:52.861 [http-nio-8081-exec-2] INFO  c.j.m.oss.biz.strategy.impl.AliyunOSSFileStrategy - ## 上传文件至阿里云 OSS ...
2024-07-12 22:00:52.861 [http-nio-8081-exec-2] INFO  c.j.m.oss.biz.strategy.impl.AliyunOSSFileStrategy - ==> 开始上传文件至阿里云 OSS, ObjectName: 0e44e8db18914d78ad433e0d64a43110.jpg
2024-07-12 22:00:53.193 [http-nio-8081-exec-2] INFO  c.j.m.oss.biz.strategy.impl.AliyunOSSFileStrategy - ==> 上传文件至阿里云 OSS 成功，访问路径: https://webook-aliyun.oss-cn-hangzhou.aliyuncs.com/0e44e8db18914d78ad433e0d64a43110.jpg
