2024-07-09 21:50:04.366 [main] WARN  com.alibaba.nacos.client.logging.NacosLogging - Load Logback Configuration of Nacos fail, message: Could not initialize Logback Nacos logging from classpath:nacos-logback.xml
2024-07-09 21:50:04.420 [main] WARN  com.alibaba.nacos.client.logging.NacosLogging - Load Logback Configuration of Nacos fail, message: Could not initialize Logback Nacos logging from classpath:nacos-logback.xml
2024-07-09 21:50:04.776 [main] WARN  com.alibaba.nacos.client.logging.NacosLogging - Load Logback Configuration of Nacos fail, message: Could not initialize Logback Nacos logging from classpath:nacos-logback.xml
2024-07-09 21:50:04.788 [main] WARN  com.alibaba.nacos.client.logging.NacosLogging - Load Logback Configuration of Nacos fail, message: Could not initialize Logback Nacos logging from classpath:nacos-logback.xml
2024-07-09 21:50:04.789 [main] INFO  com.jacob.micro.user.biz.WebookUserBizApplication - The following 1 profile is active: "dev"
2024-07-09 21:50:05.206 [main] INFO  o.springframework.cloud.context.scope.GenericScope - BeanFactory id=19354013-4ad8-3eef-8e59-a8be8f87d4bc
2024-07-09 21:50:05.447 [main] INFO  o.s.boot.web.embedded.tomcat.TomcatWebServer - Tomcat initialized with port(s): 8082 (http)
2024-07-09 21:50:05.448 [main] INFO  org.apache.catalina.core.AprLifecycleListener - Loaded Apache Tomcat Native library [2.0.7] using APR version [1.7.4].
2024-07-09 21:50:05.451 [main] INFO  org.apache.catalina.core.AprLifecycleListener - OpenSSL successfully initialized [OpenSSL 3.0.13 30 Jan 2024]
2024-07-09 21:50:05.460 [main] INFO  org.apache.catalina.core.StandardService - Starting service [Tomcat]
2024-07-09 21:50:05.461 [main] INFO  org.apache.catalina.core.StandardEngine - Starting Servlet engine: [Apache Tomcat/10.1.5]
2024-07-09 21:50:05.525 [main] INFO  o.a.c.core.ContainerBase.[Tomcat].[localhost].[/] - Initializing Spring embedded WebApplicationContext
2024-07-09 21:50:05.525 [main] INFO  o.s.b.w.s.c.ServletWebServerApplicationContext - Root WebApplicationContext: initialization completed in 724 ms
2024-07-09 21:50:06.762 [main] INFO  c.a.d.s.b.a.DruidDataSourceAutoConfigure - Init DruidDataSource
2024-07-09 21:50:06.988 [main] INFO  com.alibaba.druid.pool.DruidDataSource - {dataSource-1} inited
2024-07-09 21:50:07.312 [main] INFO  o.s.boot.web.embedded.tomcat.TomcatWebServer - Tomcat started on port(s): 8082 (http) with context path ''
2024-07-09 21:50:07.317 [main] WARN  com.alibaba.nacos.client.logging.NacosLogging - Load Logback Configuration of Nacos fail, message: Could not initialize Logback Nacos logging from classpath:nacos-logback.xml
2024-07-09 21:50:07.317 [main] INFO  com.alibaba.nacos.client.naming - initializer namespace from ans.namespace attribute : null
2024-07-09 21:50:07.318 [main] INFO  com.alibaba.nacos.client.naming - initializer namespace from ALIBABA_ALIWARE_NAMESPACE attribute :null
2024-07-09 21:50:07.318 [main] INFO  com.alibaba.nacos.client.naming - initializer namespace from namespace attribute :null
2024-07-09 21:50:07.334 [main] INFO  com.alibaba.nacos.client.utils.ParamUtil - [settings] [req-serv] nacos-server port:8848
2024-07-09 21:50:07.334 [main] INFO  com.alibaba.nacos.client.utils.ParamUtil - [settings] [http-client] connect timeout:1000
2024-07-09 21:50:07.334 [main] INFO  com.alibaba.nacos.client.utils.ParamUtil - PER_TASK_CONFIG_SIZE: 3000.0
2024-07-09 21:50:07.338 [main] INFO  c.a.n.p.auth.spi.client.ClientAuthPluginManager - [ClientAuthPluginManager] Load ClientAuthService com.alibaba.nacos.client.auth.impl.NacosClientAuthServiceImpl success.
2024-07-09 21:50:07.338 [main] INFO  c.a.n.p.auth.spi.client.ClientAuthPluginManager - [ClientAuthPluginManager] Load ClientAuthService com.alibaba.nacos.client.auth.ram.RamClientAuthServiceImpl success.
2024-07-09 21:50:07.342 [main] INFO  c.a.n.client.auth.ram.identify.CredentialWatcher - null No credential found
2024-07-09 21:50:07.350 [main] INFO  com.alibaba.nacos.common.remote.client - [RpcClientFactory] create a new rpc client of aa320851-e79b-48bc-bc7e-953f07c47cc0
2024-07-09 21:50:07.364 [main] INFO  com.alibaba.nacos.common.remote.client - [aa320851-e79b-48bc-bc7e-953f07c47cc0] RpcClient init, ServerListFactory = com.alibaba.nacos.client.naming.core.ServerListManager
2024-07-09 21:50:07.365 [main] INFO  com.alibaba.nacos.common.remote.client - [aa320851-e79b-48bc-bc7e-953f07c47cc0] Registry connection listener to current client:com.alibaba.nacos.client.naming.remote.gprc.redo.NamingGrpcRedoService
2024-07-09 21:50:07.365 [main] INFO  com.alibaba.nacos.common.remote.client - [aa320851-e79b-48bc-bc7e-953f07c47cc0] Register server push request handler:com.alibaba.nacos.client.naming.remote.gprc.NamingPushRequestHandler
2024-07-09 21:50:07.367 [main] INFO  com.alibaba.nacos.common.remote.client - [aa320851-e79b-48bc-bc7e-953f07c47cc0] Try to connect to server on start up, server: {serverIp = '110.41.141.141', server main port = 8848}
2024-07-09 21:50:07.388 [main] INFO  c.a.nacos.common.remote.client.grpc.GrpcClient - grpc client connection server:110.41.141.141 ip,serverPort:9848,grpcTslConfig:{"sslProvider":"OPENSSL","enableTls":false,"mutualAuthEnable":false,"trustAll":false}
2024-07-09 21:50:08.146 [main] INFO  com.alibaba.nacos.common.remote.client - [aa320851-e79b-48bc-bc7e-953f07c47cc0] Success to connect to server [110.41.141.141:8848] on start up, connectionId = 1720533006840_115.233.205.176_12896
2024-07-09 21:50:08.146 [com.alibaba.nacos.client.remote.worker] INFO  com.alibaba.nacos.common.remote.client - [aa320851-e79b-48bc-bc7e-953f07c47cc0] Notify connected event to listeners.
2024-07-09 21:50:08.146 [com.alibaba.nacos.client.remote.worker] INFO  com.alibaba.nacos.client.naming - Grpc connection connect
2024-07-09 21:50:08.146 [main] INFO  com.alibaba.nacos.common.remote.client - [aa320851-e79b-48bc-bc7e-953f07c47cc0] Register server push request handler:com.alibaba.nacos.common.remote.client.RpcClient$ConnectResetRequestHandler
2024-07-09 21:50:08.147 [main] INFO  com.alibaba.nacos.common.remote.client - [aa320851-e79b-48bc-bc7e-953f07c47cc0] Register server push request handler:com.alibaba.nacos.common.remote.client.RpcClient$$Lambda$1041/0x000002438e75ba90
2024-07-09 21:50:08.148 [main] INFO  com.alibaba.nacos.client.naming - [REGISTER-SERVICE] webook registering service webook-user with instance Instance{instanceId='null', ip='10.12.42.74', port=8082, weight=1.0, healthy=true, enabled=true, ephemeral=true, clusterName='DEFAULT', serviceName='null', metadata={IPv6=[240e:472:990:afd:76c6:a181:be3d:339c], preserved.register.source=SPRING_CLOUD}}
2024-07-09 21:50:08.185 [main] INFO  c.a.cloud.nacos.registry.NacosServiceRegistry - nacos registry, DEFAULT_GROUP webook-user 10.12.42.74:8082 register finished
2024-07-09 21:50:08.262 [main] INFO  com.jacob.micro.user.biz.WebookUserBizApplication - Started WebookUserBizApplication in 4.357 seconds (process running for 4.788)
2024-07-09 21:50:24.491 [Thread-10] WARN  c.alibaba.nacos.common.http.HttpClientBeanHolder - [HttpClientBeanHolder] Start destroying common HttpClient
2024-07-09 21:50:24.491 [Thread-7] WARN  com.alibaba.nacos.common.notify.NotifyCenter - [NotifyCenter] Start destroying Publisher
2024-07-09 21:50:24.491 [Thread-7] WARN  com.alibaba.nacos.common.notify.NotifyCenter - [NotifyCenter] Destruction of the end
2024-07-09 21:50:24.492 [Thread-10] WARN  c.alibaba.nacos.common.http.HttpClientBeanHolder - [HttpClientBeanHolder] Destruction of the end
2024-07-09 21:50:24.518 [SpringApplicationShutdownHook] INFO  com.alibaba.druid.pool.DruidDataSource - {dataSource-1} closing ...
2024-07-09 21:50:24.523 [SpringApplicationShutdownHook] INFO  com.alibaba.druid.pool.DruidDataSource - {dataSource-1} closed
2024-07-09 21:50:24.523 [SpringApplicationShutdownHook] INFO  c.a.cloud.nacos.registry.NacosServiceRegistry - De-registering from Nacos Server now...
2024-07-09 21:50:24.523 [SpringApplicationShutdownHook] INFO  com.alibaba.nacos.client.naming - [DEREGISTER-SERVICE] webook deregistering service webook-user with instance: Instance{instanceId='null', ip='10.12.42.74', port=8082, weight=1.0, healthy=true, enabled=true, ephemeral=true, clusterName='DEFAULT', serviceName='null', metadata={}}
2024-07-09 21:50:24.558 [SpringApplicationShutdownHook] INFO  c.a.cloud.nacos.registry.NacosServiceRegistry - De-registration finished.
2024-07-09 21:50:24.558 [SpringApplicationShutdownHook] INFO  com.alibaba.nacos.client.naming - com.alibaba.nacos.client.naming.cache.ServiceInfoHolder do shutdown begin
2024-07-09 21:50:24.558 [SpringApplicationShutdownHook] INFO  com.alibaba.nacos.client.naming - com.alibaba.nacos.client.naming.backups.FailoverReactor do shutdown begin
2024-07-09 21:50:24.558 [SpringApplicationShutdownHook] INFO  com.alibaba.nacos.client.naming - com.alibaba.nacos.client.naming.backups.FailoverReactor do shutdown stop
2024-07-09 21:50:24.558 [SpringApplicationShutdownHook] INFO  com.alibaba.nacos.client.naming - com.alibaba.nacos.client.naming.cache.ServiceInfoHolder do shutdown stop
2024-07-09 21:50:24.558 [SpringApplicationShutdownHook] INFO  com.alibaba.nacos.client.naming - com.alibaba.nacos.client.naming.remote.NamingClientProxyDelegate do shutdown begin
2024-07-09 21:50:24.558 [SpringApplicationShutdownHook] INFO  com.alibaba.nacos.client.naming - com.alibaba.nacos.client.naming.core.ServiceInfoUpdateService do shutdown begin
2024-07-09 21:50:24.558 [SpringApplicationShutdownHook] INFO  com.alibaba.nacos.client.naming - com.alibaba.nacos.client.naming.core.ServiceInfoUpdateService do shutdown stop
2024-07-09 21:50:24.558 [SpringApplicationShutdownHook] INFO  com.alibaba.nacos.client.naming - com.alibaba.nacos.client.naming.core.ServerListManager do shutdown begin
2024-07-09 21:50:24.558 [SpringApplicationShutdownHook] WARN  com.alibaba.nacos.client.naming - [NamingHttpClientManager] Start destroying NacosRestTemplate
2024-07-09 21:50:24.558 [SpringApplicationShutdownHook] WARN  com.alibaba.nacos.client.naming - [NamingHttpClientManager] Destruction of the end
2024-07-09 21:50:24.558 [SpringApplicationShutdownHook] INFO  com.alibaba.nacos.client.naming - com.alibaba.nacos.client.naming.core.ServerListManager do shutdown stop
2024-07-09 21:50:24.560 [SpringApplicationShutdownHook] INFO  com.alibaba.nacos.client.naming - com.alibaba.nacos.client.naming.remote.http.NamingHttpClientProxy do shutdown begin
2024-07-09 21:50:24.560 [SpringApplicationShutdownHook] WARN  com.alibaba.nacos.client.naming - [NamingHttpClientManager] Start destroying NacosRestTemplate
2024-07-09 21:50:24.560 [SpringApplicationShutdownHook] WARN  com.alibaba.nacos.client.naming - [NamingHttpClientManager] Destruction of the end
2024-07-09 21:50:24.560 [SpringApplicationShutdownHook] INFO  com.alibaba.nacos.client.naming - com.alibaba.nacos.client.naming.remote.http.NamingHttpClientProxy do shutdown stop
2024-07-09 21:50:24.560 [SpringApplicationShutdownHook] INFO  com.alibaba.nacos.common.remote.client - Shutdown rpc client, set status to shutdown
2024-07-09 21:50:24.560 [SpringApplicationShutdownHook] INFO  com.alibaba.nacos.common.remote.client - Shutdown client event executor java.util.concurrent.ScheduledThreadPoolExecutor@72b596f3[Running, pool size = 2, active threads = 2, queued tasks = 0, completed tasks = 0]
2024-07-09 21:50:24.560 [SpringApplicationShutdownHook] INFO  com.alibaba.nacos.common.remote.client - Close current connection 1720533006840_115.233.205.176_12896
2024-07-09 21:50:24.564 [nacos-grpc-client-executor-110.41.141.141-11] WARN  c.a.nacos.common.remote.client.grpc.GrpcClient - [1720533006840_115.233.205.176_12896]Ignore error event,isRunning:false,isAbandon=false
2024-07-09 21:50:24.566 [SpringApplicationShutdownHook] INFO  c.a.nacos.common.remote.client.grpc.GrpcClient - Shutdown grpc executor java.util.concurrent.ThreadPoolExecutor@159b519[Running, pool size = 5, active threads = 0, queued tasks = 0, completed tasks = 12]
2024-07-09 21:50:24.566 [SpringApplicationShutdownHook] INFO  com.alibaba.nacos.client.naming - Shutdown grpc redo service executor java.util.concurrent.ScheduledThreadPoolExecutor@1562b9d3[Running, pool size = 1, active threads = 0, queued tasks = 1, completed tasks = 5]
2024-07-09 21:50:24.567 [SpringApplicationShutdownHook] INFO  c.a.n.client.auth.ram.identify.CredentialWatcher - [null] CredentialWatcher is stopped
2024-07-09 21:50:24.567 [SpringApplicationShutdownHook] INFO  c.a.n.client.auth.ram.identify.CredentialService - [null] CredentialService is freed
2024-07-09 21:50:24.567 [SpringApplicationShutdownHook] INFO  com.alibaba.nacos.client.naming - com.alibaba.nacos.client.naming.remote.NamingClientProxyDelegate do shutdown stop
