2024-07-14 16:52:19.908 [main] WARN  com.alibaba.nacos.client.logging.NacosLogging - Load Logback Configuration of Nacos fail, message: Could not initialize Logback Nacos logging from classpath:nacos-logback.xml
2024-07-14 16:52:20.001 [main] WARN  com.alibaba.nacos.client.logging.NacosLogging - Load Logback Configuration of Nacos fail, message: Could not initialize Logback Nacos logging from classpath:nacos-logback.xml
2024-07-14 16:52:20.788 [main] WARN  com.alibaba.nacos.client.logging.NacosLogging - Load Logback Configuration of Nacos fail, message: Could not initialize Logback Nacos logging from classpath:nacos-logback.xml
2024-07-14 16:52:20.803 [main] WARN  com.alibaba.nacos.client.logging.NacosLogging - Load Logback Configuration of Nacos fail, message: Could not initialize Logback Nacos logging from classpath:nacos-logback.xml
2024-07-14 16:52:20.805 [main] INFO  com.jacob.micro.user.biz.WebookUserBizApplication - The following 1 profile is active: "dev"
2024-07-14 16:52:22.207 [main] INFO  o.springframework.cloud.context.scope.GenericScope - BeanFactory id=b3fc543d-0ac1-32c7-a538-f1aabfc755d3
2024-07-14 16:52:22.258 [main] INFO  o.s.c.s.PostProcessorRegistrationDelegate$BeanPostProcessorChecker - Bean 'com.jacob.micro.oss.api.FileFeignApi' of type [org.springframework.cloud.openfeign.FeignClientFactoryBean] is not eligible for getting processed by all BeanPostProcessors (for example: not eligible for auto-proxying)
2024-07-14 16:52:23.042 [main] INFO  o.s.boot.web.embedded.tomcat.TomcatWebServer - Tomcat initialized with port(s): 8082 (http)
2024-07-14 16:52:23.058 [main] INFO  org.apache.catalina.core.StandardService - Starting service [Tomcat]
2024-07-14 16:52:23.058 [main] INFO  org.apache.catalina.core.StandardEngine - Starting Servlet engine: [Apache Tomcat/10.1.5]
2024-07-14 16:52:23.191 [main] INFO  o.a.c.core.ContainerBase.[Tomcat].[localhost].[/] - Initializing Spring embedded WebApplicationContext
2024-07-14 16:52:23.191 [main] INFO  o.s.b.w.s.c.ServletWebServerApplicationContext - Root WebApplicationContext: initialization completed in 2363 ms
2024-07-14 16:52:23.313 [main] INFO  c.a.d.s.b.a.DruidDataSourceAutoConfigure - Init DruidDataSource
2024-07-14 16:52:23.784 [main] INFO  com.alibaba.druid.pool.DruidDataSource - {dataSource-1} inited
2024-07-14 16:52:24.166 [main] INFO  o.s.cloud.openfeign.FeignClientFactoryBean - For 'webook-oss' URL not provided. Will try picking an instance via load-balancing.
2024-07-14 16:52:24.843 [main] WARN  o.s.c.l.c.LoadBalancerCacheAutoConfiguration$LoadBalancerCaffeineWarnLogger - Spring Cloud LoadBalancer is currently working with the default cache. While this cache implementation is useful for development and tests, it's recommended to use Caffeine cache in production.You can switch to using Caffeine cache, by adding it and org.springframework.cache.caffeine.CaffeineCacheManager to the classpath.
2024-07-14 16:52:24.966 [main] INFO  o.s.boot.web.embedded.tomcat.TomcatWebServer - Tomcat started on port(s): 8082 (http) with context path ''
2024-07-14 16:52:24.979 [main] WARN  com.alibaba.nacos.client.logging.NacosLogging - Load Logback Configuration of Nacos fail, message: Could not initialize Logback Nacos logging from classpath:nacos-logback.xml
2024-07-14 16:52:24.979 [main] INFO  com.alibaba.nacos.client.naming - initializer namespace from ans.namespace attribute : null
2024-07-14 16:52:24.980 [main] INFO  com.alibaba.nacos.client.naming - initializer namespace from ALIBABA_ALIWARE_NAMESPACE attribute :null
2024-07-14 16:52:24.981 [main] INFO  com.alibaba.nacos.client.naming - initializer namespace from namespace attribute :null
2024-07-14 16:52:25.017 [main] INFO  com.alibaba.nacos.client.utils.ParamUtil - [settings] [req-serv] nacos-server port:8848
2024-07-14 16:52:25.018 [main] INFO  com.alibaba.nacos.client.utils.ParamUtil - [settings] [http-client] connect timeout:1000
2024-07-14 16:52:25.019 [main] INFO  com.alibaba.nacos.client.utils.ParamUtil - PER_TASK_CONFIG_SIZE: 3000.0
2024-07-14 16:52:25.025 [main] INFO  c.a.n.p.auth.spi.client.ClientAuthPluginManager - [ClientAuthPluginManager] Load ClientAuthService com.alibaba.nacos.client.auth.impl.NacosClientAuthServiceImpl success.
2024-07-14 16:52:25.025 [main] INFO  c.a.n.p.auth.spi.client.ClientAuthPluginManager - [ClientAuthPluginManager] Load ClientAuthService com.alibaba.nacos.client.auth.ram.RamClientAuthServiceImpl success.
2024-07-14 16:52:25.029 [main] INFO  c.a.n.client.auth.ram.identify.CredentialWatcher - null No credential found
2024-07-14 16:52:25.040 [main] INFO  com.alibaba.nacos.common.remote.client - [RpcClientFactory] create a new rpc client of e2c28cf7-732a-414d-b779-e4e5f766d61d
2024-07-14 16:52:25.073 [main] INFO  com.alibaba.nacos.common.remote.client - [e2c28cf7-732a-414d-b779-e4e5f766d61d] RpcClient init, ServerListFactory = com.alibaba.nacos.client.naming.core.ServerListManager
2024-07-14 16:52:25.073 [main] INFO  com.alibaba.nacos.common.remote.client - [e2c28cf7-732a-414d-b779-e4e5f766d61d] Registry connection listener to current client:com.alibaba.nacos.client.naming.remote.gprc.redo.NamingGrpcRedoService
2024-07-14 16:52:25.074 [main] INFO  com.alibaba.nacos.common.remote.client - [e2c28cf7-732a-414d-b779-e4e5f766d61d] Register server push request handler:com.alibaba.nacos.client.naming.remote.gprc.NamingPushRequestHandler
2024-07-14 16:52:25.081 [main] INFO  com.alibaba.nacos.common.remote.client - [e2c28cf7-732a-414d-b779-e4e5f766d61d] Try to connect to server on start up, server: {serverIp = '110.41.141.141', server main port = 8848}
2024-07-14 16:52:25.145 [main] INFO  c.a.nacos.common.remote.client.grpc.GrpcClient - grpc client connection server:110.41.141.141 ip,serverPort:9848,grpcTslConfig:{"sslProvider":"OPENSSL","enableTls":false,"mutualAuthEnable":false,"trustAll":false}
2024-07-14 16:52:26.491 [main] INFO  com.alibaba.nacos.common.remote.client - [e2c28cf7-732a-414d-b779-e4e5f766d61d] Success to connect to server [110.41.141.141:8848] on start up, connectionId = 1720947148104_115.233.205.187_42168
2024-07-14 16:52:26.492 [com.alibaba.nacos.client.remote.worker] INFO  com.alibaba.nacos.common.remote.client - [e2c28cf7-732a-414d-b779-e4e5f766d61d] Notify connected event to listeners.
2024-07-14 16:52:26.492 [com.alibaba.nacos.client.remote.worker] INFO  com.alibaba.nacos.client.naming - Grpc connection connect
2024-07-14 16:52:26.492 [main] INFO  com.alibaba.nacos.common.remote.client - [e2c28cf7-732a-414d-b779-e4e5f766d61d] Register server push request handler:com.alibaba.nacos.common.remote.client.RpcClient$ConnectResetRequestHandler
2024-07-14 16:52:26.493 [main] INFO  com.alibaba.nacos.common.remote.client - [e2c28cf7-732a-414d-b779-e4e5f766d61d] Register server push request handler:com.alibaba.nacos.common.remote.client.RpcClient$$Lambda$1105/0x0000022e3882ed50
2024-07-14 16:52:26.495 [main] INFO  com.alibaba.nacos.client.naming - [REGISTER-SERVICE] webook registering service webook-user with instance Instance{instanceId='null', ip='10.12.42.234', port=8082, weight=1.0, healthy=true, enabled=true, ephemeral=true, clusterName='DEFAULT', serviceName='null', metadata={IPv6=null, preserved.register.source=SPRING_CLOUD}}
2024-07-14 16:52:26.546 [main] INFO  c.a.cloud.nacos.registry.NacosServiceRegistry - nacos registry, DEFAULT_GROUP webook-user 10.12.42.234:8082 register finished
2024-07-14 16:52:26.629 [main] INFO  com.jacob.micro.user.biz.WebookUserBizApplication - Started WebookUserBizApplication in 8.203 seconds (process running for 9.983)
2024-07-14 16:54:49.515 [http-nio-8082-exec-2] INFO  o.a.c.core.ContainerBase.[Tomcat].[localhost].[/] - Initializing Spring DispatcherServlet 'dispatcherServlet'
2024-07-14 16:54:49.515 [http-nio-8082-exec-2] INFO  org.springframework.web.servlet.DispatcherServlet - Initializing Servlet 'dispatcherServlet'
2024-07-14 16:54:49.516 [http-nio-8082-exec-2] INFO  org.springframework.web.servlet.DispatcherServlet - Completed initialization in 1 ms
2024-07-14 16:54:49.535 [http-nio-8082-exec-2] INFO  c.j.m.f.b.c.filter.HeaderUserId2ContextFilter - ## HeaderUserId2ContextFilter，用户 ID：null
2024-07-14 16:54:49.807 [http-nio-8082-exec-2] INFO  com.alibaba.nacos.client.naming - [SUBSCRIBE-SERVICE] service:webook-oss, group:DEFAULT_GROUP, clusters: 
2024-07-14 16:54:49.855 [http-nio-8082-exec-2] INFO  com.alibaba.nacos.client.naming - init new ips(1) service: DEFAULT_GROUP@@webook-oss -> [{"ip":"10.12.42.234","port":8081,"weight":1.0,"healthy":true,"enabled":true,"ephemeral":true,"clusterName":"DEFAULT","serviceName":"DEFAULT_GROUP@@webook-oss","metadata":{"preserved.register.source":"SPRING_CLOUD"},"ipDeleteTimeout":30000,"instanceHeartBeatInterval":5000,"instanceHeartBeatTimeOut":15000}]
2024-07-14 16:54:49.866 [http-nio-8082-exec-2] INFO  com.alibaba.nacos.client.naming - current ips:(1) service: DEFAULT_GROUP@@webook-oss -> [{"ip":"10.12.42.234","port":8081,"weight":1.0,"healthy":true,"enabled":true,"ephemeral":true,"clusterName":"DEFAULT","serviceName":"DEFAULT_GROUP@@webook-oss","metadata":{"preserved.register.source":"SPRING_CLOUD"},"ipDeleteTimeout":30000,"instanceHeartBeatInterval":5000,"instanceHeartBeatTimeOut":15000}]
2024-07-14 16:54:50.126 [http-nio-8082-exec-2] DEBUG c.j.m.u.b.d.m.U.updateByPrimaryKeySelective - ==>  Preparing: update t_user SET xiaohashu_id = ?, nickname = ?, birthday = ?, sex = ?, introduction = ?, update_time = ? where id = ?
2024-07-14 16:54:50.331 [http-nio-8082-exec-2] DEBUG c.j.m.u.b.d.m.U.updateByPrimaryKeySelective - ==> Parameters: webook_id(String), 鲨鱼辣椒(String), 2000-09-12(LocalDate), 1(Integer), This is an introduction(String), 2024-07-14T16:54:50.065742400(LocalDateTime), null
2024-07-14 16:54:50.362 [http-nio-8082-exec-2] DEBUG c.j.m.u.b.d.m.U.updateByPrimaryKeySelective - <==    Updates: 0
2024-07-14 16:54:50.433 [nacos-grpc-client-executor-110.41.141.141-66] INFO  com.alibaba.nacos.common.remote.client - [e2c28cf7-732a-414d-b779-e4e5f766d61d] Receive server push request, request = NotifySubscriberRequest, requestId = 3
2024-07-14 16:54:50.435 [nacos-grpc-client-executor-110.41.141.141-66] INFO  com.alibaba.nacos.common.remote.client - [e2c28cf7-732a-414d-b779-e4e5f766d61d] Ack server push request, request = NotifySubscriberRequest, requestId = 3
2024-07-14 17:09:36.503 [Thread-10] WARN  c.alibaba.nacos.common.http.HttpClientBeanHolder - [HttpClientBeanHolder] Start destroying common HttpClient
2024-07-14 17:09:36.503 [Thread-7] WARN  com.alibaba.nacos.common.notify.NotifyCenter - [NotifyCenter] Start destroying Publisher
2024-07-14 17:09:36.504 [Thread-7] WARN  com.alibaba.nacos.common.notify.NotifyCenter - [NotifyCenter] Destruction of the end
2024-07-14 17:09:36.505 [Thread-10] WARN  c.alibaba.nacos.common.http.HttpClientBeanHolder - [HttpClientBeanHolder] Destruction of the end
2024-07-14 17:09:36.539 [SpringApplicationShutdownHook] INFO  c.a.cloud.nacos.registry.NacosServiceRegistry - De-registering from Nacos Server now...
2024-07-14 17:09:36.539 [SpringApplicationShutdownHook] INFO  com.alibaba.nacos.client.naming - [DEREGISTER-SERVICE] webook deregistering service webook-user with instance: Instance{instanceId='null', ip='10.12.42.234', port=8082, weight=1.0, healthy=true, enabled=true, ephemeral=true, clusterName='DEFAULT', serviceName='null', metadata={}}
2024-07-14 17:09:36.576 [SpringApplicationShutdownHook] INFO  c.a.cloud.nacos.registry.NacosServiceRegistry - De-registration finished.
2024-07-14 17:09:36.577 [SpringApplicationShutdownHook] INFO  com.alibaba.nacos.client.naming - com.alibaba.nacos.client.naming.cache.ServiceInfoHolder do shutdown begin
2024-07-14 17:09:36.577 [SpringApplicationShutdownHook] INFO  com.alibaba.nacos.client.naming - com.alibaba.nacos.client.naming.backups.FailoverReactor do shutdown begin
2024-07-14 17:09:36.578 [SpringApplicationShutdownHook] INFO  com.alibaba.nacos.client.naming - com.alibaba.nacos.client.naming.backups.FailoverReactor do shutdown stop
2024-07-14 17:09:36.578 [SpringApplicationShutdownHook] INFO  com.alibaba.nacos.client.naming - com.alibaba.nacos.client.naming.cache.ServiceInfoHolder do shutdown stop
2024-07-14 17:09:36.578 [SpringApplicationShutdownHook] INFO  com.alibaba.nacos.client.naming - com.alibaba.nacos.client.naming.remote.NamingClientProxyDelegate do shutdown begin
2024-07-14 17:09:36.578 [SpringApplicationShutdownHook] INFO  com.alibaba.nacos.client.naming - com.alibaba.nacos.client.naming.core.ServiceInfoUpdateService do shutdown begin
2024-07-14 17:09:36.578 [SpringApplicationShutdownHook] INFO  com.alibaba.nacos.client.naming - com.alibaba.nacos.client.naming.core.ServiceInfoUpdateService do shutdown stop
2024-07-14 17:09:36.578 [SpringApplicationShutdownHook] INFO  com.alibaba.nacos.client.naming - com.alibaba.nacos.client.naming.core.ServerListManager do shutdown begin
2024-07-14 17:09:36.578 [SpringApplicationShutdownHook] WARN  com.alibaba.nacos.client.naming - [NamingHttpClientManager] Start destroying NacosRestTemplate
2024-07-14 17:09:36.578 [SpringApplicationShutdownHook] WARN  com.alibaba.nacos.client.naming - [NamingHttpClientManager] Destruction of the end
2024-07-14 17:09:36.578 [SpringApplicationShutdownHook] INFO  com.alibaba.nacos.client.naming - com.alibaba.nacos.client.naming.core.ServerListManager do shutdown stop
2024-07-14 17:09:36.578 [SpringApplicationShutdownHook] INFO  com.alibaba.nacos.client.naming - com.alibaba.nacos.client.naming.remote.http.NamingHttpClientProxy do shutdown begin
2024-07-14 17:09:36.578 [SpringApplicationShutdownHook] WARN  com.alibaba.nacos.client.naming - [NamingHttpClientManager] Start destroying NacosRestTemplate
2024-07-14 17:09:36.578 [SpringApplicationShutdownHook] WARN  com.alibaba.nacos.client.naming - [NamingHttpClientManager] Destruction of the end
2024-07-14 17:09:36.578 [SpringApplicationShutdownHook] INFO  com.alibaba.nacos.client.naming - com.alibaba.nacos.client.naming.remote.http.NamingHttpClientProxy do shutdown stop
2024-07-14 17:09:36.578 [SpringApplicationShutdownHook] INFO  com.alibaba.nacos.common.remote.client - Shutdown rpc client, set status to shutdown
2024-07-14 17:09:36.579 [SpringApplicationShutdownHook] INFO  com.alibaba.nacos.common.remote.client - Shutdown client event executor java.util.concurrent.ScheduledThreadPoolExecutor@190707c7[Running, pool size = 2, active threads = 2, queued tasks = 0, completed tasks = 0]
2024-07-14 17:09:36.579 [SpringApplicationShutdownHook] INFO  com.alibaba.nacos.common.remote.client - Close current connection 1720947148104_115.233.205.187_42168
2024-07-14 17:09:36.584 [SpringApplicationShutdownHook] INFO  c.a.nacos.common.remote.client.grpc.GrpcClient - Shutdown grpc executor java.util.concurrent.ThreadPoolExecutor@66ba923e[Running, pool size = 3, active threads = 0, queued tasks = 0, completed tasks = 291]
2024-07-14 17:09:36.585 [SpringApplicationShutdownHook] INFO  com.alibaba.nacos.client.naming - Shutdown grpc redo service executor java.util.concurrent.ScheduledThreadPoolExecutor@6ea6558d[Running, pool size = 1, active threads = 0, queued tasks = 1, completed tasks = 343]
2024-07-14 17:09:36.585 [SpringApplicationShutdownHook] INFO  c.a.n.client.auth.ram.identify.CredentialWatcher - [null] CredentialWatcher is stopped
2024-07-14 17:09:36.585 [SpringApplicationShutdownHook] INFO  c.a.n.client.auth.ram.identify.CredentialService - [null] CredentialService is freed
2024-07-14 17:09:36.585 [SpringApplicationShutdownHook] INFO  com.alibaba.nacos.client.naming - com.alibaba.nacos.client.naming.remote.NamingClientProxyDelegate do shutdown stop
2024-07-14 17:09:36.590 [SpringApplicationShutdownHook] INFO  com.alibaba.druid.pool.DruidDataSource - {dataSource-1} closing ...
2024-07-14 17:09:36.593 [SpringApplicationShutdownHook] INFO  com.alibaba.druid.pool.DruidDataSource - {dataSource-1} closed
2024-07-14 17:09:45.757 [main] WARN  com.alibaba.nacos.client.logging.NacosLogging - Load Logback Configuration of Nacos fail, message: Could not initialize Logback Nacos logging from classpath:nacos-logback.xml
2024-07-14 17:09:45.839 [main] WARN  com.alibaba.nacos.client.logging.NacosLogging - Load Logback Configuration of Nacos fail, message: Could not initialize Logback Nacos logging from classpath:nacos-logback.xml
2024-07-14 17:09:46.449 [main] WARN  com.alibaba.nacos.client.logging.NacosLogging - Load Logback Configuration of Nacos fail, message: Could not initialize Logback Nacos logging from classpath:nacos-logback.xml
2024-07-14 17:09:46.466 [main] WARN  com.alibaba.nacos.client.logging.NacosLogging - Load Logback Configuration of Nacos fail, message: Could not initialize Logback Nacos logging from classpath:nacos-logback.xml
2024-07-14 17:09:46.467 [main] INFO  com.jacob.micro.user.biz.WebookUserBizApplication - The following 1 profile is active: "dev"
2024-07-14 17:09:47.401 [main] INFO  o.springframework.cloud.context.scope.GenericScope - BeanFactory id=34466b58-17ca-38b2-8d99-a9747cfe8e2c
2024-07-14 17:09:47.446 [main] INFO  o.s.c.s.PostProcessorRegistrationDelegate$BeanPostProcessorChecker - Bean 'com.jacob.micro.oss.api.FileFeignApi' of type [org.springframework.cloud.openfeign.FeignClientFactoryBean] is not eligible for getting processed by all BeanPostProcessors (for example: not eligible for auto-proxying)
2024-07-14 17:09:48.141 [main] INFO  o.s.boot.web.embedded.tomcat.TomcatWebServer - Tomcat initialized with port(s): 8082 (http)
2024-07-14 17:09:48.154 [main] INFO  org.apache.catalina.core.StandardService - Starting service [Tomcat]
2024-07-14 17:09:48.155 [main] INFO  org.apache.catalina.core.StandardEngine - Starting Servlet engine: [Apache Tomcat/10.1.5]
2024-07-14 17:09:48.267 [main] INFO  o.a.c.core.ContainerBase.[Tomcat].[localhost].[/] - Initializing Spring embedded WebApplicationContext
2024-07-14 17:09:48.267 [main] INFO  o.s.b.w.s.c.ServletWebServerApplicationContext - Root WebApplicationContext: initialization completed in 1772 ms
2024-07-14 17:09:48.402 [main] INFO  c.a.d.s.b.a.DruidDataSourceAutoConfigure - Init DruidDataSource
2024-07-14 17:09:48.790 [main] INFO  com.alibaba.druid.pool.DruidDataSource - {dataSource-1} inited
2024-07-14 17:09:49.164 [main] INFO  o.s.cloud.openfeign.FeignClientFactoryBean - For 'webook-oss' URL not provided. Will try picking an instance via load-balancing.
2024-07-14 17:09:49.771 [main] WARN  o.s.c.l.c.LoadBalancerCacheAutoConfiguration$LoadBalancerCaffeineWarnLogger - Spring Cloud LoadBalancer is currently working with the default cache. While this cache implementation is useful for development and tests, it's recommended to use Caffeine cache in production.You can switch to using Caffeine cache, by adding it and org.springframework.cache.caffeine.CaffeineCacheManager to the classpath.
2024-07-14 17:09:49.863 [main] INFO  o.s.boot.web.embedded.tomcat.TomcatWebServer - Tomcat started on port(s): 8082 (http) with context path ''
2024-07-14 17:09:49.871 [main] WARN  com.alibaba.nacos.client.logging.NacosLogging - Load Logback Configuration of Nacos fail, message: Could not initialize Logback Nacos logging from classpath:nacos-logback.xml
2024-07-14 17:09:49.872 [main] INFO  com.alibaba.nacos.client.naming - initializer namespace from ans.namespace attribute : null
2024-07-14 17:09:49.873 [main] INFO  com.alibaba.nacos.client.naming - initializer namespace from ALIBABA_ALIWARE_NAMESPACE attribute :null
2024-07-14 17:09:49.873 [main] INFO  com.alibaba.nacos.client.naming - initializer namespace from namespace attribute :null
2024-07-14 17:09:49.897 [main] INFO  com.alibaba.nacos.client.utils.ParamUtil - [settings] [req-serv] nacos-server port:8848
2024-07-14 17:09:49.897 [main] INFO  com.alibaba.nacos.client.utils.ParamUtil - [settings] [http-client] connect timeout:1000
2024-07-14 17:09:49.898 [main] INFO  com.alibaba.nacos.client.utils.ParamUtil - PER_TASK_CONFIG_SIZE: 3000.0
2024-07-14 17:09:49.904 [main] INFO  c.a.n.p.auth.spi.client.ClientAuthPluginManager - [ClientAuthPluginManager] Load ClientAuthService com.alibaba.nacos.client.auth.impl.NacosClientAuthServiceImpl success.
2024-07-14 17:09:49.904 [main] INFO  c.a.n.p.auth.spi.client.ClientAuthPluginManager - [ClientAuthPluginManager] Load ClientAuthService com.alibaba.nacos.client.auth.ram.RamClientAuthServiceImpl success.
2024-07-14 17:09:49.907 [main] INFO  c.a.n.client.auth.ram.identify.CredentialWatcher - null No credential found
2024-07-14 17:09:49.916 [main] INFO  com.alibaba.nacos.common.remote.client - [RpcClientFactory] create a new rpc client of 9855fb2c-4a4c-472d-a240-54108139023b
2024-07-14 17:09:49.938 [main] INFO  com.alibaba.nacos.common.remote.client - [9855fb2c-4a4c-472d-a240-54108139023b] RpcClient init, ServerListFactory = com.alibaba.nacos.client.naming.core.ServerListManager
2024-07-14 17:09:49.938 [main] INFO  com.alibaba.nacos.common.remote.client - [9855fb2c-4a4c-472d-a240-54108139023b] Registry connection listener to current client:com.alibaba.nacos.client.naming.remote.gprc.redo.NamingGrpcRedoService
2024-07-14 17:09:49.938 [main] INFO  com.alibaba.nacos.common.remote.client - [9855fb2c-4a4c-472d-a240-54108139023b] Register server push request handler:com.alibaba.nacos.client.naming.remote.gprc.NamingPushRequestHandler
2024-07-14 17:09:49.941 [main] INFO  com.alibaba.nacos.common.remote.client - [9855fb2c-4a4c-472d-a240-54108139023b] Try to connect to server on start up, server: {serverIp = '110.41.141.141', server main port = 8848}
2024-07-14 17:09:49.981 [main] INFO  c.a.nacos.common.remote.client.grpc.GrpcClient - grpc client connection server:110.41.141.141 ip,serverPort:9848,grpcTslConfig:{"sslProvider":"OPENSSL","enableTls":false,"mutualAuthEnable":false,"trustAll":false}
2024-07-14 17:09:50.876 [main] INFO  com.alibaba.nacos.common.remote.client - [9855fb2c-4a4c-472d-a240-54108139023b] Success to connect to server [110.41.141.141:8848] on start up, connectionId = 1720948192588_115.233.205.187_6161
2024-07-14 17:09:50.877 [com.alibaba.nacos.client.remote.worker] INFO  com.alibaba.nacos.common.remote.client - [9855fb2c-4a4c-472d-a240-54108139023b] Notify connected event to listeners.
2024-07-14 17:09:50.877 [com.alibaba.nacos.client.remote.worker] INFO  com.alibaba.nacos.client.naming - Grpc connection connect
2024-07-14 17:09:50.877 [main] INFO  com.alibaba.nacos.common.remote.client - [9855fb2c-4a4c-472d-a240-54108139023b] Register server push request handler:com.alibaba.nacos.common.remote.client.RpcClient$ConnectResetRequestHandler
2024-07-14 17:09:50.877 [main] INFO  com.alibaba.nacos.common.remote.client - [9855fb2c-4a4c-472d-a240-54108139023b] Register server push request handler:com.alibaba.nacos.common.remote.client.RpcClient$$Lambda$1109/0x000002993c830228
2024-07-14 17:09:50.879 [main] INFO  com.alibaba.nacos.client.naming - [REGISTER-SERVICE] webook registering service webook-user with instance Instance{instanceId='null', ip='10.12.42.234', port=8082, weight=1.0, healthy=true, enabled=true, ephemeral=true, clusterName='DEFAULT', serviceName='null', metadata={IPv6=null, preserved.register.source=SPRING_CLOUD}}
2024-07-14 17:09:50.921 [main] INFO  c.a.cloud.nacos.registry.NacosServiceRegistry - nacos registry, DEFAULT_GROUP webook-user 10.12.42.234:8082 register finished
2024-07-14 17:09:50.993 [main] INFO  com.jacob.micro.user.biz.WebookUserBizApplication - Started WebookUserBizApplication in 6.109 seconds (process running for 6.925)
2024-07-14 17:10:01.278 [http-nio-8082-exec-1] INFO  o.a.c.core.ContainerBase.[Tomcat].[localhost].[/] - Initializing Spring DispatcherServlet 'dispatcherServlet'
2024-07-14 17:10:01.278 [http-nio-8082-exec-1] INFO  org.springframework.web.servlet.DispatcherServlet - Initializing Servlet 'dispatcherServlet'
2024-07-14 17:10:01.279 [http-nio-8082-exec-1] INFO  org.springframework.web.servlet.DispatcherServlet - Completed initialization in 1 ms
2024-07-14 17:10:01.290 [http-nio-8082-exec-1] INFO  c.j.m.f.b.c.filter.HeaderUserId2ContextFilter - ## HeaderUserId2ContextFilter，用户 ID：12
2024-07-14 17:10:01.302 [http-nio-8082-exec-1] INFO  c.j.m.f.b.c.filter.HeaderUserId2ContextFilter - ===== 设置 userId 到 ThreadLocal 中， 用户 ID: 12
2024-07-14 17:10:01.581 [http-nio-8082-exec-1] INFO  com.alibaba.nacos.client.naming - [SUBSCRIBE-SERVICE] service:webook-oss, group:DEFAULT_GROUP, clusters: 
2024-07-14 17:10:01.703 [http-nio-8082-exec-1] INFO  com.alibaba.nacos.client.naming - init new ips(1) service: DEFAULT_GROUP@@webook-oss -> [{"ip":"10.12.42.234","port":8081,"weight":1.0,"healthy":true,"enabled":true,"ephemeral":true,"clusterName":"DEFAULT","serviceName":"DEFAULT_GROUP@@webook-oss","metadata":{"preserved.register.source":"SPRING_CLOUD"},"ipDeleteTimeout":30000,"instanceHeartBeatInterval":5000,"instanceHeartBeatTimeOut":15000}]
2024-07-14 17:10:01.713 [http-nio-8082-exec-1] INFO  com.alibaba.nacos.client.naming - current ips:(1) service: DEFAULT_GROUP@@webook-oss -> [{"ip":"10.12.42.234","port":8081,"weight":1.0,"healthy":true,"enabled":true,"ephemeral":true,"clusterName":"DEFAULT","serviceName":"DEFAULT_GROUP@@webook-oss","metadata":{"preserved.register.source":"SPRING_CLOUD"},"ipDeleteTimeout":30000,"instanceHeartBeatInterval":5000,"instanceHeartBeatTimeOut":15000}]
2024-07-14 17:10:02.153 [http-nio-8082-exec-1] INFO  c.j.micro.user.biz.service.impl.UserServiceImpl - ==> 调用 oss 服务成功，上传头像，url：https://webook-aliyun.oss-cn-hangzhou.aliyuncs.com/aad34b8fcb144f00aaa0431ed54c0945.jpg
2024-07-14 17:10:02.202 [http-nio-8082-exec-1] DEBUG c.j.m.u.b.d.m.U.updateByPrimaryKeySelective - ==>  Preparing: update t_user SET xiaohashu_id = ?, nickname = ?, avatar = ?, birthday = ?, sex = ?, introduction = ?, update_time = ? where id = ?
2024-07-14 17:10:02.271 [nacos-grpc-client-executor-110.41.141.141-13] INFO  com.alibaba.nacos.common.remote.client - [9855fb2c-4a4c-472d-a240-54108139023b] Receive server push request, request = NotifySubscriberRequest, requestId = 6
2024-07-14 17:10:02.272 [nacos-grpc-client-executor-110.41.141.141-13] INFO  com.alibaba.nacos.common.remote.client - [9855fb2c-4a4c-472d-a240-54108139023b] Ack server push request, request = NotifySubscriberRequest, requestId = 6
2024-07-14 17:10:02.401 [http-nio-8082-exec-1] DEBUG c.j.m.u.b.d.m.U.updateByPrimaryKeySelective - ==> Parameters: webook_id(String), 鲨鱼辣椒(String), https://webook-aliyun.oss-cn-hangzhou.aliyuncs.com/aad34b8fcb144f00aaa0431ed54c0945.jpg(String), 2000-09-12(LocalDate), 1(Integer), This is an introduction(String), 2024-07-14T17:10:02.155973500(LocalDateTime), 12(Long)
2024-07-14 17:10:02.418 [http-nio-8082-exec-1] DEBUG c.j.m.u.b.d.m.U.updateByPrimaryKeySelective - <==    Updates: 1
2024-07-14 17:10:02.438 [http-nio-8082-exec-1] INFO  c.j.m.f.b.c.filter.HeaderUserId2ContextFilter - ===== 删除 ThreadLocal， userId: 12
