2024-07-12 21:06:23.121 [main] WARN  com.alibaba.nacos.client.logging.NacosLogging - Load Logback Configuration of Nacos fail, message: Could not initialize Logback Nacos logging from classpath:nacos-logback.xml
2024-07-12 21:06:23.226 [main] WARN  com.alibaba.nacos.client.logging.NacosLogging - Load Logback Configuration of Nacos fail, message: Could not initialize Logback Nacos logging from classpath:nacos-logback.xml
2024-07-12 21:06:23.948 [main] WARN  com.alibaba.nacos.client.logging.NacosLogging - Load Logback Configuration of Nacos fail, message: Could not initialize Logback Nacos logging from classpath:nacos-logback.xml
2024-07-12 21:06:23.973 [main] WARN  com.alibaba.nacos.client.logging.NacosLogging - Load Logback Configuration of Nacos fail, message: Could not initialize Logback Nacos logging from classpath:nacos-logback.xml
2024-07-12 21:06:23.975 [main] INFO  com.jacob.micro.user.biz.WebookUserBizApplication - The following 1 profile is active: "dev"
2024-07-12 21:06:25.034 [main] INFO  o.springframework.cloud.context.scope.GenericScope - BeanFactory id=19354013-4ad8-3eef-8e59-a8be8f87d4bc
2024-07-12 21:06:25.482 [main] INFO  o.s.boot.web.embedded.tomcat.TomcatWebServer - Tomcat initialized with port(s): 8082 (http)
2024-07-12 21:06:25.498 [main] INFO  org.apache.catalina.core.StandardService - Starting service [Tomcat]
2024-07-12 21:06:25.499 [main] INFO  org.apache.catalina.core.StandardEngine - Starting Servlet engine: [Apache Tomcat/10.1.5]
2024-07-12 21:06:25.602 [main] INFO  o.a.c.core.ContainerBase.[Tomcat].[localhost].[/] - Initializing Spring embedded WebApplicationContext
2024-07-12 21:06:25.603 [main] INFO  o.s.b.w.s.c.ServletWebServerApplicationContext - Root WebApplicationContext: initialization completed in 1596 ms
2024-07-12 21:06:26.237 [main] INFO  c.a.d.s.b.a.DruidDataSourceAutoConfigure - Init DruidDataSource
2024-07-12 21:06:26.601 [main] INFO  com.alibaba.druid.pool.DruidDataSource - {dataSource-1} inited
2024-07-12 21:06:27.261 [main] INFO  o.s.boot.web.embedded.tomcat.TomcatWebServer - Tomcat started on port(s): 8082 (http) with context path ''
2024-07-12 21:06:27.274 [main] WARN  com.alibaba.nacos.client.logging.NacosLogging - Load Logback Configuration of Nacos fail, message: Could not initialize Logback Nacos logging from classpath:nacos-logback.xml
2024-07-12 21:06:27.274 [main] INFO  com.alibaba.nacos.client.naming - initializer namespace from ans.namespace attribute : null
2024-07-12 21:06:27.276 [main] INFO  com.alibaba.nacos.client.naming - initializer namespace from ALIBABA_ALIWARE_NAMESPACE attribute :null
2024-07-12 21:06:27.278 [main] INFO  com.alibaba.nacos.client.naming - initializer namespace from namespace attribute :null
2024-07-12 21:06:27.319 [main] INFO  com.alibaba.nacos.client.utils.ParamUtil - [settings] [req-serv] nacos-server port:8848
2024-07-12 21:06:27.319 [main] INFO  com.alibaba.nacos.client.utils.ParamUtil - [settings] [http-client] connect timeout:1000
2024-07-12 21:06:27.322 [main] INFO  com.alibaba.nacos.client.utils.ParamUtil - PER_TASK_CONFIG_SIZE: 3000.0
2024-07-12 21:06:27.329 [main] INFO  c.a.n.p.auth.spi.client.ClientAuthPluginManager - [ClientAuthPluginManager] Load ClientAuthService com.alibaba.nacos.client.auth.impl.NacosClientAuthServiceImpl success.
2024-07-12 21:06:27.329 [main] INFO  c.a.n.p.auth.spi.client.ClientAuthPluginManager - [ClientAuthPluginManager] Load ClientAuthService com.alibaba.nacos.client.auth.ram.RamClientAuthServiceImpl success.
2024-07-12 21:06:27.334 [main] INFO  c.a.n.client.auth.ram.identify.CredentialWatcher - null No credential found
2024-07-12 21:06:27.350 [main] INFO  com.alibaba.nacos.common.remote.client - [RpcClientFactory] create a new rpc client of f26d9b44-1139-4153-b92e-58b4ddb36e47
2024-07-12 21:06:27.395 [main] INFO  com.alibaba.nacos.common.remote.client - [f26d9b44-1139-4153-b92e-58b4ddb36e47] RpcClient init, ServerListFactory = com.alibaba.nacos.client.naming.core.ServerListManager
2024-07-12 21:06:27.395 [main] INFO  com.alibaba.nacos.common.remote.client - [f26d9b44-1139-4153-b92e-58b4ddb36e47] Registry connection listener to current client:com.alibaba.nacos.client.naming.remote.gprc.redo.NamingGrpcRedoService
2024-07-12 21:06:27.396 [main] INFO  com.alibaba.nacos.common.remote.client - [f26d9b44-1139-4153-b92e-58b4ddb36e47] Register server push request handler:com.alibaba.nacos.client.naming.remote.gprc.NamingPushRequestHandler
2024-07-12 21:06:27.401 [main] INFO  com.alibaba.nacos.common.remote.client - [f26d9b44-1139-4153-b92e-58b4ddb36e47] Try to connect to server on start up, server: {serverIp = '110.41.141.141', server main port = 8848}
2024-07-12 21:06:27.457 [main] INFO  c.a.nacos.common.remote.client.grpc.GrpcClient - grpc client connection server:110.41.141.141 ip,serverPort:9848,grpcTslConfig:{"sslProvider":"OPENSSL","enableTls":false,"mutualAuthEnable":false,"trustAll":false}
2024-07-12 21:06:28.492 [main] INFO  com.alibaba.nacos.common.remote.client - [f26d9b44-1139-4153-b92e-58b4ddb36e47] Success to connect to server [110.41.141.141:8848] on start up, connectionId = 1720789590296_115.233.205.187_57563
2024-07-12 21:06:28.493 [com.alibaba.nacos.client.remote.worker] INFO  com.alibaba.nacos.common.remote.client - [f26d9b44-1139-4153-b92e-58b4ddb36e47] Notify connected event to listeners.
2024-07-12 21:06:28.493 [com.alibaba.nacos.client.remote.worker] INFO  com.alibaba.nacos.client.naming - Grpc connection connect
2024-07-12 21:06:28.494 [main] INFO  com.alibaba.nacos.common.remote.client - [f26d9b44-1139-4153-b92e-58b4ddb36e47] Register server push request handler:com.alibaba.nacos.common.remote.client.RpcClient$ConnectResetRequestHandler
2024-07-12 21:06:28.495 [main] INFO  com.alibaba.nacos.common.remote.client - [f26d9b44-1139-4153-b92e-58b4ddb36e47] Register server push request handler:com.alibaba.nacos.common.remote.client.RpcClient$$Lambda$1041/0x000001acc675abc8
2024-07-12 21:06:28.503 [main] INFO  com.alibaba.nacos.client.naming - [REGISTER-SERVICE] webook registering service webook-user with instance Instance{instanceId='null', ip='10.12.42.234', port=8082, weight=1.0, healthy=true, enabled=true, ephemeral=true, clusterName='DEFAULT', serviceName='null', metadata={IPv6=null, preserved.register.source=SPRING_CLOUD}}
2024-07-12 21:06:28.582 [main] INFO  c.a.cloud.nacos.registry.NacosServiceRegistry - nacos registry, DEFAULT_GROUP webook-user 10.12.42.234:8082 register finished
2024-07-12 21:06:28.672 [main] INFO  com.jacob.micro.user.biz.WebookUserBizApplication - Started WebookUserBizApplication in 7.172 seconds (process running for 9.953)
2024-07-12 22:35:11.400 [http-nio-8082-exec-2] INFO  o.a.c.core.ContainerBase.[Tomcat].[localhost].[/] - Initializing Spring DispatcherServlet 'dispatcherServlet'
2024-07-12 22:35:11.405 [http-nio-8082-exec-2] INFO  org.springframework.web.servlet.DispatcherServlet - Initializing Servlet 'dispatcherServlet'
2024-07-12 22:35:11.419 [http-nio-8082-exec-2] INFO  org.springframework.web.servlet.DispatcherServlet - Completed initialization in 14 ms
2024-07-12 22:39:08.433 [Thread-7] WARN  com.alibaba.nacos.common.notify.NotifyCenter - [NotifyCenter] Start destroying Publisher
2024-07-12 22:39:08.433 [Thread-10] WARN  c.alibaba.nacos.common.http.HttpClientBeanHolder - [HttpClientBeanHolder] Start destroying common HttpClient
2024-07-12 22:39:08.434 [Thread-7] WARN  com.alibaba.nacos.common.notify.NotifyCenter - [NotifyCenter] Destruction of the end
2024-07-12 22:39:08.435 [Thread-10] WARN  c.alibaba.nacos.common.http.HttpClientBeanHolder - [HttpClientBeanHolder] Destruction of the end
2024-07-12 22:39:08.480 [SpringApplicationShutdownHook] INFO  com.alibaba.druid.pool.DruidDataSource - {dataSource-1} closing ...
2024-07-12 22:39:08.482 [SpringApplicationShutdownHook] INFO  com.alibaba.druid.pool.DruidDataSource - {dataSource-1} closed
2024-07-12 22:39:08.483 [SpringApplicationShutdownHook] INFO  c.a.cloud.nacos.registry.NacosServiceRegistry - De-registering from Nacos Server now...
2024-07-12 22:39:08.483 [SpringApplicationShutdownHook] INFO  com.alibaba.nacos.client.naming - [DEREGISTER-SERVICE] webook deregistering service webook-user with instance: Instance{instanceId='null', ip='10.12.42.234', port=8082, weight=1.0, healthy=true, enabled=true, ephemeral=true, clusterName='DEFAULT', serviceName='null', metadata={}}
2024-07-12 22:39:08.512 [SpringApplicationShutdownHook] INFO  c.a.cloud.nacos.registry.NacosServiceRegistry - De-registration finished.
2024-07-12 22:39:08.513 [SpringApplicationShutdownHook] INFO  com.alibaba.nacos.client.naming - com.alibaba.nacos.client.naming.cache.ServiceInfoHolder do shutdown begin
2024-07-12 22:39:08.513 [SpringApplicationShutdownHook] INFO  com.alibaba.nacos.client.naming - com.alibaba.nacos.client.naming.backups.FailoverReactor do shutdown begin
2024-07-12 22:39:08.514 [SpringApplicationShutdownHook] INFO  com.alibaba.nacos.client.naming - com.alibaba.nacos.client.naming.backups.FailoverReactor do shutdown stop
2024-07-12 22:39:08.514 [SpringApplicationShutdownHook] INFO  com.alibaba.nacos.client.naming - com.alibaba.nacos.client.naming.cache.ServiceInfoHolder do shutdown stop
2024-07-12 22:39:08.514 [SpringApplicationShutdownHook] INFO  com.alibaba.nacos.client.naming - com.alibaba.nacos.client.naming.remote.NamingClientProxyDelegate do shutdown begin
2024-07-12 22:39:08.514 [SpringApplicationShutdownHook] INFO  com.alibaba.nacos.client.naming - com.alibaba.nacos.client.naming.core.ServiceInfoUpdateService do shutdown begin
2024-07-12 22:39:08.514 [SpringApplicationShutdownHook] INFO  com.alibaba.nacos.client.naming - com.alibaba.nacos.client.naming.core.ServiceInfoUpdateService do shutdown stop
2024-07-12 22:39:08.514 [SpringApplicationShutdownHook] INFO  com.alibaba.nacos.client.naming - com.alibaba.nacos.client.naming.core.ServerListManager do shutdown begin
2024-07-12 22:39:08.514 [SpringApplicationShutdownHook] WARN  com.alibaba.nacos.client.naming - [NamingHttpClientManager] Start destroying NacosRestTemplate
2024-07-12 22:39:08.514 [SpringApplicationShutdownHook] WARN  com.alibaba.nacos.client.naming - [NamingHttpClientManager] Destruction of the end
2024-07-12 22:39:08.514 [SpringApplicationShutdownHook] INFO  com.alibaba.nacos.client.naming - com.alibaba.nacos.client.naming.core.ServerListManager do shutdown stop
2024-07-12 22:39:08.514 [SpringApplicationShutdownHook] INFO  com.alibaba.nacos.client.naming - com.alibaba.nacos.client.naming.remote.http.NamingHttpClientProxy do shutdown begin
2024-07-12 22:39:08.514 [SpringApplicationShutdownHook] WARN  com.alibaba.nacos.client.naming - [NamingHttpClientManager] Start destroying NacosRestTemplate
2024-07-12 22:39:08.514 [SpringApplicationShutdownHook] WARN  com.alibaba.nacos.client.naming - [NamingHttpClientManager] Destruction of the end
2024-07-12 22:39:08.515 [SpringApplicationShutdownHook] INFO  com.alibaba.nacos.client.naming - com.alibaba.nacos.client.naming.remote.http.NamingHttpClientProxy do shutdown stop
2024-07-12 22:39:08.515 [SpringApplicationShutdownHook] INFO  com.alibaba.nacos.common.remote.client - Shutdown rpc client, set status to shutdown
2024-07-12 22:39:08.515 [SpringApplicationShutdownHook] INFO  com.alibaba.nacos.common.remote.client - Shutdown client event executor java.util.concurrent.ScheduledThreadPoolExecutor@485514e6[Running, pool size = 2, active threads = 2, queued tasks = 0, completed tasks = 0]
2024-07-12 22:39:08.515 [SpringApplicationShutdownHook] INFO  com.alibaba.nacos.common.remote.client - Close current connection 1720789590296_115.233.205.187_57563
2024-07-12 22:39:08.521 [nacos-grpc-client-executor-110.41.141.141-1204] WARN  c.a.nacos.common.remote.client.grpc.GrpcClient - [1720789590296_115.233.205.187_57563]Ignore error event,isRunning:false,isAbandon=false
2024-07-12 22:39:08.523 [SpringApplicationShutdownHook] INFO  c.a.nacos.common.remote.client.grpc.GrpcClient - Shutdown grpc executor java.util.concurrent.ThreadPoolExecutor@3dac6e01[Running, pool size = 4, active threads = 0, queued tasks = 0, completed tasks = 1205]
2024-07-12 22:39:08.524 [SpringApplicationShutdownHook] INFO  com.alibaba.nacos.client.naming - Shutdown grpc redo service executor java.util.concurrent.ScheduledThreadPoolExecutor@23f6f96d[Running, pool size = 1, active threads = 0, queued tasks = 1, completed tasks = 1849]
2024-07-12 22:39:08.524 [SpringApplicationShutdownHook] INFO  c.a.n.client.auth.ram.identify.CredentialWatcher - [null] CredentialWatcher is stopped
2024-07-12 22:39:08.524 [SpringApplicationShutdownHook] INFO  c.a.n.client.auth.ram.identify.CredentialService - [null] CredentialService is freed
2024-07-12 22:39:08.525 [SpringApplicationShutdownHook] INFO  com.alibaba.nacos.client.naming - com.alibaba.nacos.client.naming.remote.NamingClientProxyDelegate do shutdown stop
2024-07-12 22:39:14.836 [main] WARN  com.alibaba.nacos.client.logging.NacosLogging - Load Logback Configuration of Nacos fail, message: Could not initialize Logback Nacos logging from classpath:nacos-logback.xml
2024-07-12 22:39:14.915 [main] WARN  com.alibaba.nacos.client.logging.NacosLogging - Load Logback Configuration of Nacos fail, message: Could not initialize Logback Nacos logging from classpath:nacos-logback.xml
2024-07-12 22:39:15.585 [main] WARN  com.alibaba.nacos.client.logging.NacosLogging - Load Logback Configuration of Nacos fail, message: Could not initialize Logback Nacos logging from classpath:nacos-logback.xml
2024-07-12 22:39:15.606 [main] WARN  com.alibaba.nacos.client.logging.NacosLogging - Load Logback Configuration of Nacos fail, message: Could not initialize Logback Nacos logging from classpath:nacos-logback.xml
2024-07-12 22:39:15.607 [main] INFO  com.jacob.micro.user.biz.WebookUserBizApplication - The following 1 profile is active: "dev"
2024-07-12 22:39:16.482 [main] INFO  o.springframework.cloud.context.scope.GenericScope - BeanFactory id=90a5d40a-e3b9-3979-9714-756a2c7d7aff
2024-07-12 22:39:17.060 [main] INFO  o.s.boot.web.embedded.tomcat.TomcatWebServer - Tomcat initialized with port(s): 8082 (http)
2024-07-12 22:39:17.075 [main] INFO  org.apache.catalina.core.StandardService - Starting service [Tomcat]
2024-07-12 22:39:17.075 [main] INFO  org.apache.catalina.core.StandardEngine - Starting Servlet engine: [Apache Tomcat/10.1.5]
2024-07-12 22:39:17.215 [main] INFO  o.a.c.core.ContainerBase.[Tomcat].[localhost].[/] - Initializing Spring embedded WebApplicationContext
2024-07-12 22:39:17.217 [main] INFO  o.s.b.w.s.c.ServletWebServerApplicationContext - Root WebApplicationContext: initialization completed in 1584 ms
2024-07-12 22:39:17.420 [main] INFO  c.a.d.s.b.a.DruidDataSourceAutoConfigure - Init DruidDataSource
2024-07-12 22:39:17.960 [main] INFO  com.alibaba.druid.pool.DruidDataSource - {dataSource-1} inited
2024-07-12 22:39:18.908 [main] INFO  o.s.boot.web.embedded.tomcat.TomcatWebServer - Tomcat started on port(s): 8082 (http) with context path ''
2024-07-12 22:39:18.916 [main] WARN  com.alibaba.nacos.client.logging.NacosLogging - Load Logback Configuration of Nacos fail, message: Could not initialize Logback Nacos logging from classpath:nacos-logback.xml
2024-07-12 22:39:18.916 [main] INFO  com.alibaba.nacos.client.naming - initializer namespace from ans.namespace attribute : null
2024-07-12 22:39:18.917 [main] INFO  com.alibaba.nacos.client.naming - initializer namespace from ALIBABA_ALIWARE_NAMESPACE attribute :null
2024-07-12 22:39:18.918 [main] INFO  com.alibaba.nacos.client.naming - initializer namespace from namespace attribute :null
2024-07-12 22:39:18.947 [main] INFO  com.alibaba.nacos.client.utils.ParamUtil - [settings] [req-serv] nacos-server port:8848
2024-07-12 22:39:18.948 [main] INFO  com.alibaba.nacos.client.utils.ParamUtil - [settings] [http-client] connect timeout:1000
2024-07-12 22:39:18.949 [main] INFO  com.alibaba.nacos.client.utils.ParamUtil - PER_TASK_CONFIG_SIZE: 3000.0
2024-07-12 22:39:18.954 [main] INFO  c.a.n.p.auth.spi.client.ClientAuthPluginManager - [ClientAuthPluginManager] Load ClientAuthService com.alibaba.nacos.client.auth.impl.NacosClientAuthServiceImpl success.
2024-07-12 22:39:18.955 [main] INFO  c.a.n.p.auth.spi.client.ClientAuthPluginManager - [ClientAuthPluginManager] Load ClientAuthService com.alibaba.nacos.client.auth.ram.RamClientAuthServiceImpl success.
2024-07-12 22:39:18.958 [main] INFO  c.a.n.client.auth.ram.identify.CredentialWatcher - null No credential found
2024-07-12 22:39:18.970 [main] INFO  com.alibaba.nacos.common.remote.client - [RpcClientFactory] create a new rpc client of d43a64ad-9365-4873-b2bb-3a58b0bc38bb
2024-07-12 22:39:18.998 [main] INFO  com.alibaba.nacos.common.remote.client - [d43a64ad-9365-4873-b2bb-3a58b0bc38bb] RpcClient init, ServerListFactory = com.alibaba.nacos.client.naming.core.ServerListManager
2024-07-12 22:39:18.999 [main] INFO  com.alibaba.nacos.common.remote.client - [d43a64ad-9365-4873-b2bb-3a58b0bc38bb] Registry connection listener to current client:com.alibaba.nacos.client.naming.remote.gprc.redo.NamingGrpcRedoService
2024-07-12 22:39:18.999 [main] INFO  com.alibaba.nacos.common.remote.client - [d43a64ad-9365-4873-b2bb-3a58b0bc38bb] Register server push request handler:com.alibaba.nacos.client.naming.remote.gprc.NamingPushRequestHandler
2024-07-12 22:39:19.003 [main] INFO  com.alibaba.nacos.common.remote.client - [d43a64ad-9365-4873-b2bb-3a58b0bc38bb] Try to connect to server on start up, server: {serverIp = '110.41.141.141', server main port = 8848}
2024-07-12 22:39:19.041 [main] INFO  c.a.nacos.common.remote.client.grpc.GrpcClient - grpc client connection server:110.41.141.141 ip,serverPort:9848,grpcTslConfig:{"sslProvider":"OPENSSL","enableTls":false,"mutualAuthEnable":false,"trustAll":false}
2024-07-12 22:39:19.961 [main] INFO  com.alibaba.nacos.common.remote.client - [d43a64ad-9365-4873-b2bb-3a58b0bc38bb] Success to connect to server [110.41.141.141:8848] on start up, connectionId = 1720795161928_115.233.205.187_12421
2024-07-12 22:39:19.961 [com.alibaba.nacos.client.remote.worker] INFO  com.alibaba.nacos.common.remote.client - [d43a64ad-9365-4873-b2bb-3a58b0bc38bb] Notify connected event to listeners.
2024-07-12 22:39:19.962 [com.alibaba.nacos.client.remote.worker] INFO  com.alibaba.nacos.client.naming - Grpc connection connect
2024-07-12 22:39:19.962 [main] INFO  com.alibaba.nacos.common.remote.client - [d43a64ad-9365-4873-b2bb-3a58b0bc38bb] Register server push request handler:com.alibaba.nacos.common.remote.client.RpcClient$ConnectResetRequestHandler
2024-07-12 22:39:19.962 [main] INFO  com.alibaba.nacos.common.remote.client - [d43a64ad-9365-4873-b2bb-3a58b0bc38bb] Register server push request handler:com.alibaba.nacos.common.remote.client.RpcClient$$Lambda$1044/0x0000029d017bc810
2024-07-12 22:39:19.963 [main] INFO  com.alibaba.nacos.client.naming - [REGISTER-SERVICE] webook registering service webook-user with instance Instance{instanceId='null', ip='10.12.42.234', port=8082, weight=1.0, healthy=true, enabled=true, ephemeral=true, clusterName='DEFAULT', serviceName='null', metadata={IPv6=null, preserved.register.source=SPRING_CLOUD}}
2024-07-12 22:39:20.011 [main] INFO  c.a.cloud.nacos.registry.NacosServiceRegistry - nacos registry, DEFAULT_GROUP webook-user 10.12.42.234:8082 register finished
2024-07-12 22:39:20.071 [main] INFO  com.jacob.micro.user.biz.WebookUserBizApplication - Started WebookUserBizApplication in 6.122 seconds (process running for 6.853)
2024-07-12 22:39:30.980 [http-nio-8082-exec-1] INFO  o.a.c.core.ContainerBase.[Tomcat].[localhost].[/] - Initializing Spring DispatcherServlet 'dispatcherServlet'
2024-07-12 22:39:30.981 [http-nio-8082-exec-1] INFO  org.springframework.web.servlet.DispatcherServlet - Initializing Servlet 'dispatcherServlet'
2024-07-12 22:39:30.982 [http-nio-8082-exec-1] INFO  org.springframework.web.servlet.DispatcherServlet - Completed initialization in 1 ms
2024-07-12 22:39:30.994 [http-nio-8082-exec-1] INFO  c.j.m.f.b.c.filter.HeaderUserId2ContextFilter - ## HeaderUserId2ContextFilter，用户 ID：12
2024-07-12 22:39:31.001 [http-nio-8082-exec-1] INFO  c.j.m.f.b.c.filter.HeaderUserId2ContextFilter - ===== 设置 userId 到 ThreadLocal 中， 用户 ID: 12
2024-07-12 22:39:31.253 [http-nio-8082-exec-1] DEBUG c.j.m.u.b.d.m.U.updateByPrimaryKeySelective - ==>  Preparing: update t_user SET xiaohashu_id = ?, nickname = ?, birthday = ?, sex = ?, introduction = ?, update_time = ? where id = ?
2024-07-12 22:39:31.503 [http-nio-8082-exec-1] DEBUG c.j.m.u.b.d.m.U.updateByPrimaryKeySelective - ==> Parameters: webook_id(String), 鲨鱼辣椒(String), 2000-09-12(LocalDate), 1(Integer), This is an introduction(String), 2024-07-12T22:39:31.165407700(LocalDateTime), 12(Long)
2024-07-12 22:39:31.538 [http-nio-8082-exec-1] DEBUG c.j.m.u.b.d.m.U.updateByPrimaryKeySelective - <==    Updates: 1
2024-07-12 22:39:31.561 [http-nio-8082-exec-1] INFO  c.j.m.f.b.c.filter.HeaderUserId2ContextFilter - ===== 删除 ThreadLocal， userId: 12
